#
# A fatal error has been detected by the Java Runtime Environment:
#
#  SIGSEGV (0xb) at pc=0x00007fff8ebd50dd, pid=25485, tid=1811
#
# JRE version: Java(TM) SE Runtime Environment (7.0_75-b13) (build 1.7.0_75-b13)
# Java VM: Java HotSpot(TM) 64-Bit Server VM (24.75-b04 mixed mode bsd-amd64 compressed oops)
# Problematic frame:
# C  [libobjc.A.dylib+0x10dd]  objc_msgSend+0x1d
#
# Failed to write core dump. Core dumps have been disabled. To enable core dumping, try "ulimit -c unlimited" before starting Java again
#
# If you would like to submit a bug report, please visit:
#   http://bugreport.sun.com/bugreport/crash.jsp
# The crash happened outside the Java Virtual Machine in native code.
# See problematic frame for where to report the bug.
#

---------------  T H R E A D  ---------------

Current thread (0x00007f8dc5031000):  JavaThread "AppKit Thread" daemon [_thread_in_native, id=1811, stack(0x00007fff52bf4000,0x00007fff52c74000)]

siginfo:si_signo=SIGSEGV: si_errno=0, si_code=1 (SEGV_MAPERR), si_addr=0x0000307100000018

Registers:
RAX=0x00007f8dc346e640, RBX=0x00007fff52c6f7d8, RCX=0x0000000000000000, RDX=0x00007f8dc354e4c0
RSP=0x00007fff52c6f5f8, RBP=0x00007fff52c6f600, RSI=0x00007fff93d062b4, RDI=0x00007f8dc346e640
R8 =0x00007fff52c6f5e0, R9 =0x0000000000000055, R10=0x00007fff93d062b4, R11=0x0000307100000000
R12=0x00007f8dc3706c90, R13=0x00000000000f42e8, R14=0x00007f8dc371ddf0, R15=0x00007fff52c6f738
RIP=0x00007fff8ebd50dd, EFLAGS=0x0000000000010206, ERR=0x0000000000000004
  TRAPNO=0x000000000000000e

Top of Stack: (sp=0x00007fff52c6f5f8)
0x00007fff52c6f5f8:   00007fff95f3ecdc 00007fff52c6f960
0x00007fff52c6f608:   00007fff95e30244 00007fff52c6f68c
0x00007fff52c6f618:   00007fff52c6f690 00007fff52c6f694
0x00007fff52c6f628:   00007fff774a6c88 ffffffffffffffff
0x00007fff52c6f638:   00000000000007f8 00007fff774a6ca0
0x00007fff52c6f648:   00007f8dc371ddf0 0000000000000000
0x00007fff52c6f658:   00007fff52c6f730 0000000000000000
0x00007fff52c6f668:   00007f8dc35aadf0 00007fff52c6f7b0
0x00007fff52c6f678:   0000000000000055 00000000000f42ea
0x00007fff52c6f688:   00007f8dc354e4c0 00007f8dc35aa820
0x00007fff52c6f698:   00007f8dc3706c90 0000000000000001
0x00007fff52c6f6a8:   00000000000f42e8 00007f8dc3706c80
0x00007fff52c6f6b8:   00007fff8b1a27ba 00000001c343cea0
0x00007fff52c6f6c8:   00007fff76a920d0 0000000042000000
0x00007fff52c6f6d8:   00007fff8b1aae13 00007fff774711d0
0x00007fff52c6f6e8:   00007fff52c6f7b8 0000000000000000
0x00007fff52c6f6f8:   00007fff77ada8c8 0000000000000000
0x00007fff52c6f708:   0000000000000002 0001f20300000001
0x00007fff52c6f718:   00007f8dc3706cb4 0000000000000000
0x00007fff52c6f728:   00000000003c1e01 00007f8dc35aae70
0x00007fff52c6f738:   00007f8dc371ddf0 0000000000000000
0x00007fff52c6f748:   00007fff93d3e34c 00007fff52c6f7f0
0x00007fff52c6f758:   00007fff94983513 00007fff52c6f7d4
0x00007fff52c6f768:   00000000003c1f01 00000000ffffffff
0x00007fff52c6f778:   00007fff77ada8c8 00000000003c1f00
0x00007fff52c6f788:   00007fff00000000 00007fff52c6f880
0x00007fff52c6f798:   00007fff873d4edc 00007fff77ada8e8
0x00007fff52c6f7a8:   00007fff93d3e34c 0000000000000051
0x00007fff52c6f7b8:   0000000000000000 00000000000f42e1
0x00007fff52c6f7c8:   0000000000000053 0000000000000000
0x00007fff52c6f7d8:   00000000000f42e8 00007fff52c6f854
0x00007fff52c6f7e8:   00000000003c2d01 00000000ffffffff 

Instructions: (pc=0x00007fff8ebd50dd)
0x00007fff8ebd50bd:   00 00 00 48 85 ff 2e 74 7a 40 f6 c7 01 2e 75 7e
0x00007fff8ebd50cd:   49 bb f8 ff ff ff ff 7f 00 00 4c 23 1f 49 89 f2
0x00007fff8ebd50dd:   45 23 53 18 49 c1 e2 04 4d 03 53 10 49 3b 32 75
0x00007fff8ebd50ed:   04 41 ff 62 08 49 83 3a 00 74 6a 4d 3b 53 10 74 

Register to memory mapping:

RAX=0x00007f8dc346e640 is an unknown value
RBX=0x00007fff52c6f7d8 is pointing into the stack for thread: 0x00007f8dc5031000
RCX=0x0000000000000000 is an unknown value
RDX=0x00007f8dc354e4c0 is an unknown value
RSP=0x00007fff52c6f5f8 is pointing into the stack for thread: 0x00007f8dc5031000
RBP=0x00007fff52c6f600 is pointing into the stack for thread: 0x00007f8dc5031000
RSI=0x00007fff93d062b4: -[NSTitlebarContainerView shouldRoundCorners]+0x5ced6 in /System/Library/Frameworks/AppKit.framework/Versions/C/AppKit at 0x00007fff93335000
RDI=0x00007f8dc346e640 is an unknown value
R8 =0x00007fff52c6f5e0 is pointing into the stack for thread: 0x00007f8dc5031000
R9 =0x0000000000000055 is an unknown value
R10=0x00007fff93d062b4: -[NSTitlebarContainerView shouldRoundCorners]+0x5ced6 in /System/Library/Frameworks/AppKit.framework/Versions/C/AppKit at 0x00007fff93335000
R11=0x0000307100000000 is an unknown value
R12=0x00007f8dc3706c90 is an unknown value
R13=0x00000000000f42e8 is an unknown value
R14=0x00007f8dc371ddf0 is an unknown value
R15=0x00007fff52c6f738 is pointing into the stack for thread: 0x00007f8dc5031000


Stack: [0x00007fff52bf4000,0x00007fff52c74000],  sp=0x00007fff52c6f5f8,  free space=493k
Native frames: (J=compiled Java code, j=interpreted, Vv=VM code, C=native code)
C  [libobjc.A.dylib+0x10dd]  objc_msgSend+0x1d
C  [CoreFoundation+0x10244]  _CFXNotificationPost+0xc44
C  [Foundation+0x2c31]  -[NSNotificationCenter postNotificationName:object:userInfo:]+0x42
C  [AppKit+0xdd776]  -[NSSurface _disposeSurface]+0x98
C  [AppKit+0xdd1da]  -[NSSurface setWindow:]+0x42
C  [AppKit+0x3b9ef]  -[NSView _setWindow:]+0xa22
C  [AppKit+0x3cc22]  -[NSView removeFromSuperview]+0x1c5
C  [AppKit+0x9140a]  -[NSView removeFromSuperviewWithoutNeedingDisplay]+0x26
C  [liblwjgl.dylib+0xa205]  +[MacOSXKeyableWindow destroyWindow]+0xb5
C  [Foundation+0x65cdc]  __NSThreadPerformPerform+0x125
C  [CoreFoundation+0x80681]  __CFRUNLOOP_IS_CALLING_OUT_TO_A_SOURCE0_PERFORM_FUNCTION__+0x11
C  [CoreFoundation+0x7280d]  __CFRunLoopDoSources0+0x10d
C  [CoreFoundation+0x71e3f]  __CFRunLoopRun+0x39f
C  [CoreFoundation+0x71858]  CFRunLoopRunSpecific+0x128
C  [HIToolbox+0x2eaef]  RunCurrentEventLoopInMode+0xeb
C  [HIToolbox+0x2e86a]  ReceiveNextEventCommon+0x1af
C  [HIToolbox+0x2e6ab]  _BlockUntilNextEventMatchingListInModeWithFilter+0x47
C  [AppKit+0x23f81]  _DPSNextEvent+0x3c4
C  [AppKit+0x23730]  -[NSApplication nextEventMatchingMask:untilDate:inMode:dequeue:]+0xc2
C  [libosxapp.dylib+0x24e3]  -[NSApplicationAWT nextEventMatchingMask:untilDate:inMode:dequeue:]+0x7c
C  [AppKit+0x17593]  -[NSApplication run]+0x252
C  [libosxapp.dylib+0x2346]  +[NSApplicationAWT runAWTLoopWithApp:]+0x9c
C  [liblwawt.dylib+0xd4dd]  -[AWTStarter starter:]+0x369
C  [Foundation+0x65cdc]  __NSThreadPerformPerform+0x125
C  [CoreFoundation+0x80681]  __CFRUNLOOP_IS_CALLING_OUT_TO_A_SOURCE0_PERFORM_FUNCTION__+0x11
C  [CoreFoundation+0x7280d]  __CFRunLoopDoSources0+0x10d
C  [CoreFoundation+0x71e3f]  __CFRunLoopRun+0x39f
C  [CoreFoundation+0x71858]  CFRunLoopRunSpecific+0x128
C  [java+0x73b0]  CreateExecutionEnvironment+0x367
C  [java+0x1b5c]  JLI_Launch+0x7a0
C  [java+0x770d]  main+0x65
C  [java+0x13b4]  start+0x34


---------------  P R O C E S S  ---------------

Java Threads: ( => current thread )
  0x00007f8dc48ba000 JavaThread "AWT-Shutdown" [_thread_blocked, id=28431, stack(0x0000000118c8e000,0x0000000118d8e000)]
=>0x00007f8dc5031000 JavaThread "AppKit Thread" daemon [_thread_in_native, id=1811, stack(0x00007fff52bf4000,0x00007fff52c74000)]
  0x00007f8dc403a000 JavaThread "Service Thread" daemon [_thread_blocked, id=17667, stack(0x00000001172b2000,0x00000001173b2000)]
  0x00007f8dc4039800 JavaThread "C2 CompilerThread1" daemon [_thread_blocked, id=17155, stack(0x00000001171af000,0x00000001172af000)]
  0x00007f8dc4038000 JavaThread "C2 CompilerThread0" daemon [_thread_blocked, id=16643, stack(0x00000001170ac000,0x00000001171ac000)]
  0x00007f8dc4007800 JavaThread "Signal Dispatcher" daemon [_thread_blocked, id=13583, stack(0x0000000116fa9000,0x00000001170a9000)]
  0x00007f8dc380e000 JavaThread "Finalizer" daemon [_thread_blocked, id=11523, stack(0x0000000115663000,0x0000000115763000)]
  0x00007f8dc380d800 JavaThread "Reference Handler" daemon [_thread_blocked, id=11011, stack(0x0000000115560000,0x0000000115660000)]
  0x00007f8dc5001000 JavaThread "main" [_thread_in_native, id=4867, stack(0x000000010d0a2000,0x000000010d1a2000)]

Other Threads:
  0x00007f8dc501d800 VMThread [stack: 0x000000011545d000,0x000000011555d000] [id=10499]
  0x00007f8dc402f000 WatcherThread [stack: 0x00000001173b5000,0x00000001174b5000] [id=18179]

VM state:not at safepoint (normal execution)

VM Mutex/Monitor currently owned by a thread: None

Heap
 PSYoungGen      total 19456K, used 8053K [0x00000007eaa80000, 0x00000007ec000000, 0x0000000800000000)
  eden space 16896K, 47% used [0x00000007eaa80000,0x00000007eb25d7b0,0x00000007ebb00000)
  from space 2560K, 0% used [0x00000007ebd80000,0x00000007ebd80000,0x00000007ec000000)
  to   space 2560K, 0% used [0x00000007ebb00000,0x00000007ebb00000,0x00000007ebd80000)
 ParOldGen       total 43520K, used 0K [0x00000007c0000000, 0x00000007c2a80000, 0x00000007eaa80000)
  object space 43520K, 0% used [0x00000007c0000000,0x00000007c0000000,0x00000007c2a80000)
 PSPermGen       total 21504K, used 6074K [0x00000007bae00000, 0x00000007bc300000, 0x00000007c0000000)
  object space 21504K, 28% used [0x00000007bae00000,0x00000007bb3eea28,0x00000007bc300000)

Card table byte_map: [0x0000000111521000,0x000000011174b000] byte_map_base: 0x000000010d74a000

Polling page: 0x000000010d1e1000

Code Cache  [0x000000010e461000, 0x000000010e6d1000, 0x0000000111461000)
 total_blobs=424 nmethods=95 adapters=283 free_code_cache=48516Kb largest_free_block=49639936

Compilation events (10 events):
Event: 6.099 Thread 0x00007f8dc4039800 nmethod 90 0x000000010e4f0990 code [0x000000010e4f0b20, 0x000000010e4f0df8]
Event: 6.099 Thread 0x00007f8dc4039800   91             org.newdawn.slick.opengl.renderer.ImmediateModeOGLRenderer::glCallList (5 bytes)
Event: 6.101 Thread 0x00007f8dc4039800 nmethod 91 0x000000010e4ebfd0 code [0x000000010e4ec120, 0x000000010e4ec248]
Event: 6.102 Thread 0x00007f8dc4039800   92             org.lwjgl.opengl.GL11::glCallList (19 bytes)
Event: 6.104 Thread 0x00007f8dc4039800 nmethod 92 0x000000010e4f05d0 code [0x000000010e4f0720, 0x000000010e4f0828]
Event: 6.145 Thread 0x00007f8dc4038000 nmethod 77 0x000000010e4ff790 code [0x000000010e500160, 0x000000010e505808]
Event: 6.641 Thread 0x00007f8dc4039800   94             java.lang.Integer::stringSize (21 bytes)
Event: 6.641 Thread 0x00007f8dc4038000   95             java.lang.Integer::getChars (131 bytes)
Event: 6.643 Thread 0x00007f8dc4039800 nmethod 94 0x000000010e4f0310 code [0x000000010e4f0440, 0x000000010e4f0538]
Event: 6.652 Thread 0x00007f8dc4038000 nmethod 95 0x000000010e4f2310 code [0x000000010e4f2480, 0x000000010e4f29d8]

GC Heap History (0 events):
No events

Deoptimization events (0 events):
No events

Internal exceptions (10 events):
Event: 0.945 Thread 0x00007f8dc5001000 Threw 0x00000007eb0be548 at /HUDSON/workspace/7u-2-build-macosx-x86_64/jdk7u75/1940/hotspot/src/share/vm/prims/jvm.cpp:1281
Event: 0.957 Thread 0x00007f8dc5001000 Threw 0x00000007eb0c4e90 at /HUDSON/workspace/7u-2-build-macosx-x86_64/jdk7u75/1940/hotspot/src/share/vm/prims/jvm.cpp:1281
Event: 0.960 Thread 0x00007f8dc5001000 Threw 0x00000007eb0def20 at /HUDSON/workspace/7u-2-build-macosx-x86_64/jdk7u75/1940/hotspot/src/share/vm/prims/jvm.cpp:1281
Event: 0.983 Thread 0x00007f8dc5001000 Threw 0x00000007eb121d38 at /HUDSON/workspace/7u-2-build-macosx-x86_64/jdk7u75/1940/hotspot/src/share/vm/prims/jvm.cpp:1281
Event: 0.984 Thread 0x00007f8dc5001000 Threw 0x00000007eb1233e0 at /HUDSON/workspace/7u-2-build-macosx-x86_64/jdk7u75/1940/hotspot/src/share/vm/prims/jvm.cpp:1281
Event: 0.984 Thread 0x00007f8dc5001000 Threw 0x00000007eb123588 at /HUDSON/workspace/7u-2-build-macosx-x86_64/jdk7u75/1940/hotspot/src/share/vm/classfile/systemDictionary.cpp:174
Event: 0.987 Thread 0x00007f8dc5001000 Threw 0x00000007eb125c28 at /HUDSON/workspace/7u-2-build-macosx-x86_64/jdk7u75/1940/hotspot/src/share/vm/prims/jvm.cpp:1281
Event: 0.990 Thread 0x00007f8dc5001000 Threw 0x00000007eb12a990 at /HUDSON/workspace/7u-2-build-macosx-x86_64/jdk7u75/1940/hotspot/src/share/vm/prims/jvm.cpp:1281
Event: 0.992 Thread 0x00007f8dc5001000 Threw 0x00000007eb132858 at /HUDSON/workspace/7u-2-build-macosx-x86_64/jdk7u75/1940/hotspot/src/share/vm/prims/jvm.cpp:1281
Event: 6.745 Thread 0x00007f8dc5001000 Threw 0x00000007eb1f9cd8 at /HUDSON/workspace/7u-2-build-macosx-x86_64/jdk7u75/1940/hotspot/src/share/vm/prims/jvm.cpp:1281

Events (10 events):
Event: 6.649 loading class 0x00007f8dc40c1e20
Event: 6.650 loading class 0x00007f8dc40c1e20 done
Event: 6.650 loading class 0x00007f8dc40c1ef0
Event: 6.650 loading class 0x00007f8dc40c1f60
Event: 6.650 loading class 0x00007f8dc40c1f60 done
Event: 6.650 loading class 0x00007f8dc40c1ef0 done
Event: 6.650 Thread 0x00007f8dc40ef800 Thread exited: 0x00007f8dc40ef800
Event: 6.653 Thread 0x00007f8dc48ba000 Thread added: 0x00007f8dc48ba000
Event: 6.745 loading class 0x00007f8dc35a8e60
Event: 6.745 loading class 0x00007f8dc35a8e60 done


Dynamic libraries:
0x0000000006920000 	/System/Library/Frameworks/Cocoa.framework/Versions/A/Cocoa
0x0000000006920000 	/System/Library/Frameworks/Security.framework/Versions/A/Security
0x0000000006920000 	/System/Library/Frameworks/ApplicationServices.framework/Versions/A/ApplicationServices
0x0000000006920000 	/usr/lib/libz.1.dylib
0x0000000006920000 	/usr/lib/libSystem.B.dylib
0x0000000006920000 	/usr/lib/libobjc.A.dylib
0x0000000006920000 	/System/Library/Frameworks/CoreFoundation.framework/Versions/A/CoreFoundation
0x0000000006920000 	/System/Library/Frameworks/Foundation.framework/Versions/C/Foundation
0x0000000006920000 	/System/Library/Frameworks/AppKit.framework/Versions/C/AppKit
0x0000000006920000 	/System/Library/Frameworks/CoreData.framework/Versions/A/CoreData
0x0000000006920000 	/System/Library/PrivateFrameworks/RemoteViewServices.framework/Versions/A/RemoteViewServices
0x0000000006920000 	/System/Library/PrivateFrameworks/UIFoundation.framework/Versions/A/UIFoundation
0x0000000006920000 	/System/Library/Frameworks/IOSurface.framework/Versions/A/IOSurface
0x0000000006920000 	/System/Library/Frameworks/AudioToolbox.framework/Versions/A/AudioToolbox
0x0000000006920000 	/System/Library/Frameworks/AudioUnit.framework/Versions/A/AudioUnit
0x0000000006920000 	/System/Library/PrivateFrameworks/DataDetectorsCore.framework/Versions/A/DataDetectorsCore
0x0000000006920000 	/System/Library/PrivateFrameworks/DesktopServicesPriv.framework/Versions/A/DesktopServicesPriv
0x0000000006920000 	/System/Library/Frameworks/Carbon.framework/Versions/A/Frameworks/HIToolbox.framework/Versions/A/HIToolbox
0x0000000006920000 	/System/Library/Frameworks/QuartzCore.framework/Versions/A/QuartzCore
0x0000000006920000 	/System/Library/Frameworks/Carbon.framework/Versions/A/Frameworks/SpeechRecognition.framework/Versions/A/SpeechRecognition
0x0000000006920000 	/usr/lib/libauto.dylib
0x0000000006920000 	/usr/lib/libicucore.A.dylib
0x0000000006920000 	/usr/lib/libxml2.2.dylib
0x0000000006920000 	/System/Library/PrivateFrameworks/CoreUI.framework/Versions/A/CoreUI
0x0000000006920000 	/System/Library/Frameworks/CoreAudio.framework/Versions/A/CoreAudio
0x0000000006920000 	/System/Library/Frameworks/DiskArbitration.framework/Versions/A/DiskArbitration
0x0000000006920000 	/usr/lib/liblangid.dylib
0x0000000006920000 	/System/Library/PrivateFrameworks/MultitouchSupport.framework/Versions/A/MultitouchSupport
0x0000000006920000 	/System/Library/Frameworks/IOKit.framework/Versions/A/IOKit
0x0000000006920000 	/usr/lib/libDiagnosticMessagesClient.dylib
0x0000000006920000 	/System/Library/Frameworks/CoreServices.framework/Versions/A/CoreServices
0x0000000006920000 	/System/Library/PrivateFrameworks/PerformanceAnalysis.framework/Versions/A/PerformanceAnalysis
0x0000000006920000 	/System/Library/PrivateFrameworks/GenerationalStorage.framework/Versions/A/GenerationalStorage
0x0000000006920000 	/System/Library/Frameworks/OpenGL.framework/Versions/A/OpenGL
0x0000000006920000 	/System/Library/PrivateFrameworks/Sharing.framework/Versions/A/Sharing
0x0000000006920000 	/System/Library/Frameworks/CoreGraphics.framework/Versions/A/CoreGraphics
0x0000000006920000 	/System/Library/Frameworks/CoreText.framework/Versions/A/CoreText
0x0000000006920000 	/System/Library/Frameworks/ImageIO.framework/Versions/A/ImageIO
0x0000000006920000 	/usr/lib/libextension.dylib
0x0000000006920000 	/System/Library/PrivateFrameworks/Backup.framework/Versions/A/Backup
0x0000000006920000 	/usr/lib/libarchive.2.dylib
0x0000000006920000 	/System/Library/Frameworks/CFNetwork.framework/Versions/A/CFNetwork
0x0000000006920000 	/System/Library/Frameworks/SystemConfiguration.framework/Versions/A/SystemConfiguration
0x0000000006920000 	/usr/lib/libCRFSuite.dylib
0x0000000006920000 	/usr/lib/libc++.1.dylib
0x0000000006920000 	/usr/lib/libc++abi.dylib
0x0000000006920000 	/usr/lib/system/libcache.dylib
0x0000000006920000 	/usr/lib/system/libcommonCrypto.dylib
0x0000000006920000 	/usr/lib/system/libcompiler_rt.dylib
0x0000000006920000 	/usr/lib/system/libcopyfile.dylib
0x0000000006920000 	/usr/lib/system/libcorecrypto.dylib
0x0000000006920000 	/usr/lib/system/libdispatch.dylib
0x0000000006920000 	/usr/lib/system/libdyld.dylib
0x0000000006920000 	/usr/lib/system/libkeymgr.dylib
0x0000000006920000 	/usr/lib/system/liblaunch.dylib
0x0000000006920000 	/usr/lib/system/libmacho.dylib
0x0000000006920000 	/usr/lib/system/libquarantine.dylib
0x0000000006920000 	/usr/lib/system/libremovefile.dylib
0x0000000006920000 	/usr/lib/system/libsystem_asl.dylib
0x0000000006920000 	/usr/lib/system/libsystem_blocks.dylib
0x0000000006920000 	/usr/lib/system/libsystem_c.dylib
0x0000000006920000 	/usr/lib/system/libsystem_configuration.dylib
0x0000000006920000 	/usr/lib/system/libsystem_coreservices.dylib
0x0000000006920000 	/usr/lib/system/libsystem_coretls.dylib
0x0000000006920000 	/usr/lib/system/libsystem_dnssd.dylib
0x0000000006920000 	/usr/lib/system/libsystem_info.dylib
0x0000000006920000 	/usr/lib/system/libsystem_kernel.dylib
0x0000000006920000 	/usr/lib/system/libsystem_m.dylib
0x0000000006920000 	/usr/lib/system/libsystem_malloc.dylib
0x0000000006920000 	/usr/lib/system/libsystem_network.dylib
0x0000000006920000 	/usr/lib/system/libsystem_networkextension.dylib
0x0000000006920000 	/usr/lib/system/libsystem_notify.dylib
0x0000000006920000 	/usr/lib/system/libsystem_platform.dylib
0x0000000006920000 	/usr/lib/system/libsystem_pthread.dylib
0x0000000006920000 	/usr/lib/system/libsystem_sandbox.dylib
0x0000000006920000 	/usr/lib/system/libsystem_secinit.dylib
0x0000000006920000 	/usr/lib/system/libsystem_stats.dylib
0x0000000006920000 	/usr/lib/system/libsystem_trace.dylib
0x0000000006920000 	/usr/lib/system/libunc.dylib
0x0000000006920000 	/usr/lib/system/libunwind.dylib
0x0000000006920000 	/usr/lib/system/libxpc.dylib
0x0000000006920000 	/usr/lib/libbz2.1.0.dylib
0x0000000006920000 	/usr/lib/liblzma.5.dylib
0x0000000006920000 	/usr/lib/libbsm.0.dylib
0x0000000006920000 	/usr/lib/libsqlite3.dylib
0x0000000006920000 	/usr/lib/system/libkxld.dylib
0x0000000006920000 	/usr/lib/libxar.1.dylib
0x0000000006920000 	/usr/lib/libpam.2.dylib
0x0000000006920000 	/usr/lib/libOpenScriptingUtil.dylib
0x0000000006920000 	/System/Library/Frameworks/CoreServices.framework/Versions/A/Frameworks/FSEvents.framework/Versions/A/FSEvents
0x0000000006920000 	/System/Library/Frameworks/CoreServices.framework/Versions/A/Frameworks/CarbonCore.framework/Versions/A/CarbonCore
0x0000000006920000 	/System/Library/Frameworks/CoreServices.framework/Versions/A/Frameworks/Metadata.framework/Versions/A/Metadata
0x0000000006920000 	/System/Library/Frameworks/CoreServices.framework/Versions/A/Frameworks/OSServices.framework/Versions/A/OSServices
0x0000000006920000 	/System/Library/Frameworks/CoreServices.framework/Versions/A/Frameworks/SearchKit.framework/Versions/A/SearchKit
0x0000000006920000 	/System/Library/Frameworks/CoreServices.framework/Versions/A/Frameworks/AE.framework/Versions/A/AE
0x0000000006920000 	/System/Library/Frameworks/CoreServices.framework/Versions/A/Frameworks/LaunchServices.framework/Versions/A/LaunchServices
0x0000000006920000 	/System/Library/Frameworks/CoreServices.framework/Versions/A/Frameworks/DictionaryServices.framework/Versions/A/DictionaryServices
0x0000000006920000 	/System/Library/Frameworks/NetFS.framework/Versions/A/NetFS
0x0000000006920000 	/System/Library/PrivateFrameworks/NetAuth.framework/Versions/A/NetAuth
0x0000000006920000 	/System/Library/PrivateFrameworks/login.framework/Versions/A/Frameworks/loginsupport.framework/Versions/A/loginsupport
0x0000000006920000 	/System/Library/PrivateFrameworks/TCC.framework/Versions/A/TCC
0x0000000006920000 	/usr/lib/libmecabra.dylib
0x0000000006920000 	/System/Library/Frameworks/ApplicationServices.framework/Versions/A/Frameworks/ATS.framework/Versions/A/ATS
0x0000000006920000 	/System/Library/Frameworks/ApplicationServices.framework/Versions/A/Frameworks/ColorSync.framework/Versions/A/ColorSync
0x0000000006920000 	/System/Library/Frameworks/ApplicationServices.framework/Versions/A/Frameworks/HIServices.framework/Versions/A/HIServices
0x0000000006920000 	/System/Library/Frameworks/ApplicationServices.framework/Versions/A/Frameworks/LangAnalysis.framework/Versions/A/LangAnalysis
0x0000000006920000 	/System/Library/Frameworks/ApplicationServices.framework/Versions/A/Frameworks/PrintCore.framework/Versions/A/PrintCore
0x0000000006920000 	/System/Library/Frameworks/ApplicationServices.framework/Versions/A/Frameworks/QD.framework/Versions/A/QD
0x0000000006920000 	/System/Library/Frameworks/ApplicationServices.framework/Versions/A/Frameworks/SpeechSynthesis.framework/Versions/A/SpeechSynthesis
0x0000000006920000 	/System/Library/Frameworks/Accelerate.framework/Versions/A/Accelerate
0x0000000006920000 	/System/Library/Frameworks/Accelerate.framework/Versions/A/Frameworks/vImage.framework/Versions/A/vImage
0x0000000006920000 	/System/Library/Frameworks/Accelerate.framework/Versions/A/Frameworks/vecLib.framework/Versions/A/vecLib
0x0000000006920000 	/System/Library/Frameworks/Accelerate.framework/Versions/A/Frameworks/vecLib.framework/Versions/A/libvDSP.dylib
0x0000000006920000 	/System/Library/Frameworks/Accelerate.framework/Versions/A/Frameworks/vecLib.framework/Versions/A/libvMisc.dylib
0x0000000006920000 	/System/Library/Frameworks/Accelerate.framework/Versions/A/Frameworks/vecLib.framework/Versions/A/libLAPACK.dylib
0x0000000006920000 	/System/Library/Frameworks/Accelerate.framework/Versions/A/Frameworks/vecLib.framework/Versions/A/libBLAS.dylib
0x0000000006920000 	/System/Library/Frameworks/Accelerate.framework/Versions/A/Frameworks/vecLib.framework/Versions/A/libLinearAlgebra.dylib
0x0000000006920000 	/System/Library/Frameworks/ApplicationServices.framework/Versions/A/Frameworks/ATS.framework/Versions/A/Resources/libFontParser.dylib
0x0000000006920000 	/System/Library/Frameworks/ApplicationServices.framework/Versions/A/Frameworks/ATS.framework/Versions/A/Resources/libFontRegistry.dylib
0x0000000006920000 	/System/Library/PrivateFrameworks/AppleVPA.framework/Versions/A/AppleVPA
0x0000000006920000 	/System/Library/PrivateFrameworks/AppleJPEG.framework/Versions/A/AppleJPEG
0x0000000006920000 	/System/Library/Frameworks/ImageIO.framework/Versions/A/Resources/libJPEG.dylib
0x0000000006920000 	/System/Library/Frameworks/ImageIO.framework/Versions/A/Resources/libTIFF.dylib
0x0000000006920000 	/System/Library/Frameworks/ImageIO.framework/Versions/A/Resources/libPng.dylib
0x0000000006920000 	/System/Library/Frameworks/ImageIO.framework/Versions/A/Resources/libGIF.dylib
0x0000000006920000 	/System/Library/Frameworks/ImageIO.framework/Versions/A/Resources/libJP2.dylib
0x0000000006920000 	/System/Library/Frameworks/ImageIO.framework/Versions/A/Resources/libRadiance.dylib
0x0000000006920000 	/System/Library/Frameworks/CoreVideo.framework/Versions/A/CoreVideo
0x0000000006920000 	/System/Library/Frameworks/OpenGL.framework/Versions/A/Libraries/libGLU.dylib
0x0000000006920000 	/System/Library/Frameworks/OpenGL.framework/Versions/A/Libraries/libGFXShared.dylib
0x0000000006920000 	/System/Library/Frameworks/OpenGL.framework/Versions/A/Libraries/libGL.dylib
0x0000000006920000 	/System/Library/Frameworks/OpenGL.framework/Versions/A/Libraries/libGLImage.dylib
0x0000000006920000 	/System/Library/Frameworks/OpenGL.framework/Versions/A/Libraries/libCVMSPluginSupport.dylib
0x0000000006920000 	/System/Library/Frameworks/OpenGL.framework/Versions/A/Libraries/libCoreVMClient.dylib
0x0000000006920000 	/usr/lib/libcups.2.dylib
0x0000000006920000 	/System/Library/Frameworks/Kerberos.framework/Versions/A/Kerberos
0x0000000006920000 	/System/Library/Frameworks/GSS.framework/Versions/A/GSS
0x0000000006920000 	/usr/lib/libresolv.9.dylib
0x0000000006920000 	/usr/lib/libiconv.2.dylib
0x0000000006920000 	/System/Library/PrivateFrameworks/Heimdal.framework/Versions/A/Heimdal
0x0000000006920000 	/usr/lib/libheimdal-asn1.dylib
0x0000000006920000 	/System/Library/Frameworks/OpenDirectory.framework/Versions/A/OpenDirectory
0x0000000006920000 	/System/Library/PrivateFrameworks/CommonAuth.framework/Versions/A/CommonAuth
0x0000000006920000 	/System/Library/Frameworks/OpenDirectory.framework/Versions/A/Frameworks/CFOpenDirectory.framework/Versions/A/CFOpenDirectory
0x0000000006920000 	/System/Library/Frameworks/SecurityFoundation.framework/Versions/A/SecurityFoundation
0x0000000006920000 	/System/Library/PrivateFrameworks/LanguageModeling.framework/Versions/A/LanguageModeling
0x0000000006920000 	/usr/lib/libcmph.dylib
0x0000000006920000 	/System/Library/Frameworks/ServiceManagement.framework/Versions/A/ServiceManagement
0x0000000006920000 	/usr/lib/libxslt.1.dylib
0x0000000006920000 	/System/Library/Frameworks/Carbon.framework/Versions/A/Frameworks/Ink.framework/Versions/A/Ink
0x0000000006920000 	/System/Library/Frameworks/QuartzCore.framework/Versions/A/Frameworks/CoreImage.framework/Versions/A/CoreImage
0x0000000006920000 	/System/Library/PrivateFrameworks/CrashReporterSupport.framework/Versions/A/CrashReporterSupport
0x0000000006920000 	/System/Library/Frameworks/OpenCL.framework/Versions/A/OpenCL
0x0000000006920000 	/System/Library/PrivateFrameworks/FaceCore.framework/Versions/A/FaceCore
0x0000000006920000 	/System/Library/PrivateFrameworks/Ubiquity.framework/Versions/A/Ubiquity
0x0000000006920000 	/System/Library/PrivateFrameworks/IconServices.framework/Versions/A/IconServices
0x0000000006920000 	/System/Library/PrivateFrameworks/ChunkingLibrary.framework/Versions/A/ChunkingLibrary
0x0000000006920000 	/System/Library/PrivateFrameworks/Apple80211.framework/Versions/A/Apple80211
0x0000000006920000 	/System/Library/Frameworks/CoreWLAN.framework/Versions/A/CoreWLAN
0x0000000006920000 	/System/Library/Frameworks/IOBluetooth.framework/Versions/A/IOBluetooth
0x0000000006920000 	/System/Library/PrivateFrameworks/CoreWiFi.framework/Versions/A/CoreWiFi
0x0000000006920000 	/System/Library/Frameworks/CoreBluetooth.framework/Versions/A/CoreBluetooth
0x0000000006920000 	/System/Library/PrivateFrameworks/DebugSymbols.framework/Versions/A/DebugSymbols
0x0000000006920000 	/System/Library/PrivateFrameworks/CoreSymbolication.framework/Versions/A/CoreSymbolication
0x0000000006920000 	/System/Library/PrivateFrameworks/Symbolication.framework/Versions/A/Symbolication
0x0000000006920000 	/System/Library/PrivateFrameworks/SpeechRecognitionCore.framework/Versions/A/SpeechRecognitionCore
0x000000010da00000 	/Library/Java/JavaVirtualMachines/jdk1.7.0_75.jdk/Contents/Home/jre/lib/server/libjvm.dylib
0x0000000006920000 	/usr/lib/libstdc++.6.dylib
0x000000010d1a4000 	/Library/Java/JavaVirtualMachines/jdk1.7.0_75.jdk/Contents/Home/jre/lib/libverify.dylib
0x000000010d1b1000 	/Library/Java/JavaVirtualMachines/jdk1.7.0_75.jdk/Contents/Home/jre/lib/libjava.dylib
0x000000010d1eb000 	/Library/Java/JavaVirtualMachines/jdk1.7.0_75.jdk/Contents/Home/jre/lib/libzip.dylib
0x0000000115765000 	/System/Library/Frameworks/JavaVM.framework/Frameworks/JavaRuntimeSupport.framework/JavaRuntimeSupport
0x000000011577d000 	/System/Library/Frameworks/JavaVM.framework/Versions/A/Frameworks/JavaNativeFoundation.framework/Versions/A/JavaNativeFoundation
0x0000000115792000 	/System/Library/Frameworks/JavaVM.framework/Versions/A/JavaVM
0x0000000006920000 	/System/Library/Frameworks/Carbon.framework/Versions/A/Carbon
0x000000011579f000 	/System/Library/PrivateFrameworks/JavaLaunching.framework/Versions/A/JavaLaunching
0x0000000006920000 	/System/Library/Frameworks/Carbon.framework/Versions/A/Frameworks/CommonPanels.framework/Versions/A/CommonPanels
0x0000000006920000 	/System/Library/Frameworks/Carbon.framework/Versions/A/Frameworks/Help.framework/Versions/A/Help
0x0000000006920000 	/System/Library/Frameworks/Carbon.framework/Versions/A/Frameworks/ImageCapture.framework/Versions/A/ImageCapture
0x0000000006920000 	/System/Library/Frameworks/Carbon.framework/Versions/A/Frameworks/OpenScripting.framework/Versions/A/OpenScripting
0x0000000006920000 	/System/Library/Frameworks/Carbon.framework/Versions/A/Frameworks/Print.framework/Versions/A/Print
0x0000000006920000 	/System/Library/Frameworks/Carbon.framework/Versions/A/Frameworks/SecurityHI.framework/Versions/A/SecurityHI
0x0000000117510000 	/Library/Java/JavaVirtualMachines/jdk1.7.0_75.jdk/Contents/Home/jre/lib/libawt.dylib
0x00000001175bf000 	/Library/Java/JavaVirtualMachines/jdk1.7.0_75.jdk/Contents/Home/jre/lib/./libmlib_image.dylib
0x000000011768b000 	/Library/Java/JavaVirtualMachines/jdk1.7.0_75.jdk/Contents/Home/jre/lib/lwawt/liblwawt.dylib
0x000000011773f000 	/Library/Java/JavaVirtualMachines/jdk1.7.0_75.jdk/Contents/Home/jre/lib/libosxapp.dylib
0x0000000006920000 	/System/Library/Frameworks/ExceptionHandling.framework/Versions/A/ExceptionHandling
0x0000000006920000 	/System/Library/PrivateFrameworks/CoreServicesInternal.framework/Versions/A/CoreServicesInternal
0x0000000006920000 	/System/Library/PrivateFrameworks/CloudDocs.framework/Versions/A/CloudDocs
0x0000000006920000 	/System/Library/PrivateFrameworks/CoreDuet.framework/Versions/A/CoreDuet
0x0000000006920000 	/System/Library/Frameworks/CloudKit.framework/Versions/A/CloudKit
0x0000000006920000 	/System/Library/PrivateFrameworks/ProtocolBuffer.framework/Versions/A/ProtocolBuffer
0x0000000006920000 	/System/Library/PrivateFrameworks/CoreDuetDaemonProtocol.framework/Versions/A/CoreDuetDaemonProtocol
0x0000000006920000 	/System/Library/PrivateFrameworks/CoreDuetDebugLogging.framework/Versions/A/CoreDuetDebugLogging
0x0000000006920000 	/System/Library/Frameworks/CoreLocation.framework/Versions/A/CoreLocation
0x0000000006920000 	/System/Library/Frameworks/Accounts.framework/Versions/A/Accounts
0x0000000006920000 	/System/Library/PrivateFrameworks/ApplePushService.framework/Versions/A/ApplePushService
0x0000000006920000 	/System/Library/PrivateFrameworks/GeoServices.framework/Versions/A/GeoServices
0x0000000006920000 	/System/Library/PrivateFrameworks/OAuth.framework/Versions/A/OAuth
0x0000000006920000 	/System/Library/PrivateFrameworks/CoreDaemon.framework/Versions/B/CoreDaemon
0x0000000006920000 	/usr/lib/libcrypto.0.9.8.dylib
0x0000000006920000 	/System/Library/PrivateFrameworks/AppleSRP.framework/Versions/A/AppleSRP
0x0000000006920000 	/System/Library/PrivateFrameworks/TrustEvaluationAgent.framework/Versions/A/TrustEvaluationAgent
0x0000000006920000 	/System/Library/Frameworks/CoreGraphics.framework/Versions/A/Resources/libCGCMS.A.dylib
0x0000000006920000 	/System/Library/Frameworks/CoreGraphics.framework/Versions/A/Resources/libRIP.A.dylib
0x0000000006920000 	/System/Library/Frameworks/CoreGraphics.framework/Versions/A/Resources/libCGXType.A.dylib
0x0000000006920000 	/System/Library/Frameworks/OpenCL.framework/Versions/A/Libraries/libcldcpuengine.dylib
0x0000000006920000 	/System/Library/PrivateFrameworks/DiskImages.framework/Versions/A/DiskImages
0x0000000006920000 	/System/Library/Frameworks/DiscRecording.framework/Versions/A/DiscRecording
0x0000000006920000 	/usr/lib/libcsfde.dylib
0x0000000006920000 	/usr/lib/libcurl.4.dylib
0x0000000006920000 	/System/Library/PrivateFrameworks/MediaKit.framework/Versions/A/MediaKit
0x0000000006920000 	/System/Library/PrivateFrameworks/ProtectedCloudStorage.framework/Versions/A/ProtectedCloudStorage
0x0000000006920000 	/usr/lib/libCoreStorage.dylib
0x0000000006920000 	/System/Library/PrivateFrameworks/EFILogin.framework/Versions/A/EFILogin
0x0000000006920000 	/usr/lib/libutil.dylib
0x0000000006920000 	/System/Library/PrivateFrameworks/FindMyDevice.framework/Versions/A/FindMyDevice
0x0000000006920000 	/System/Library/Frameworks/LDAP.framework/Versions/A/LDAP
0x0000000006920000 	/usr/lib/libsasl2.2.dylib
0x000000011a434000 	cl_kernels
0x000000011a436000 	/System/Library/Frameworks/OpenCL.framework/Versions/A/Libraries/ImageFormats/unorm8_bgra.dylib
0x000000011a425000 	cl_kernels
0x0000000006920000 	/System/Library/PrivateFrameworks/FamilyControls.framework/Versions/A/FamilyControls
0x0000000006920000 	/System/Library/PrivateFrameworks/CommerceKit.framework/Versions/A/Frameworks/CommerceCore.framework/Versions/A/CommerceCore
0x0000000006920000 	/System/Library/PrivateFrameworks/SystemAdministration.framework/Versions/A/SystemAdministration
0x0000000006920000 	/System/Library/PrivateFrameworks/AppContainer.framework/Versions/A/AppContainer
0x0000000006920000 	/System/Library/PrivateFrameworks/SecCodeWrapper.framework/Versions/A/SecCodeWrapper
0x0000000006920000 	/System/Library/Frameworks/DirectoryService.framework/Versions/A/DirectoryService
0x0000000006920000 	/System/Library/PrivateFrameworks/LoginUIKit.framework/Versions/A/Frameworks/LoginUICore.framework/Versions/A/LoginUICore
0x0000000006920000 	/usr/lib/libodfde.dylib
0x000000011b67f000 	/Library/Java/JavaVirtualMachines/jdk1.7.0_75.jdk/Contents/Home/jre/lib/libfontmanager.dylib
0x000000011b6e6000 	/Users/nhiquach/MPCLab/Cannon Game/lib/native/macosx/liblwjgl.dylib
0x0000000119967000 	/Library/Java/JavaVirtualMachines/jdk1.7.0_75.jdk/Contents/Home/jre/lib/libjawt.dylib
0x000000011996a000 	/Library/Java/JavaVirtualMachines/jdk1.7.0_75.jdk/Contents/Home/jre/lib/libnio.dylib
0x0000000119979000 	/Library/Java/JavaVirtualMachines/jdk1.7.0_75.jdk/Contents/Home/jre/lib/./libnet.dylib
0x0000000006920000 	/System/Library/Frameworks/OpenGL.framework/Versions/A/Resources/GLEngine.bundle/GLEngine
0x0000000006920000 	/System/Library/Frameworks/OpenGL.framework/Versions/A/Libraries/libGLProgrammability.dylib
0x0000000000000000 	/System/Library/Extensions/AppleIntelHD4000GraphicsGLDriver.bundle/Contents/MacOS/AppleIntelHD4000GraphicsGLDriver
0x0000000006920000 	/System/Library/PrivateFrameworks/IOAccelerator.framework/Versions/A/IOAccelerator
0x0000000006920000 	/System/Library/PrivateFrameworks/GPUSupport.framework/Versions/A/Libraries/libGPUSupportMercury.dylib
0x0000000006920000 	/System/Library/Frameworks/OpenGL.framework/Versions/A/Resources/GLRendererFloat.bundle/GLRendererFloat

VM Arguments:
jvm_args: -Djava.library.path=/Users/nhiquach/MPCLab/Cannon Game/lib/native/macosx -Dfile.encoding=UTF-8 
java_command: com.mpc.game.Game
Launcher Type: SUN_STANDARD

Environment Variables:
PATH=/usr/bin:/bin:/usr/sbin:/sbin
SHELL=/bin/bash
DISPLAY=/private/tmp/com.apple.launchd.vuMfUUqjMu/org.macosforge.xquartz:0

Signal Handlers:
SIGSEGV: [libjvm.dylib+0x52d20d], sa_mask[0]=0xfffefeff, sa_flags=0x00000043
SIGBUS: [libjvm.dylib+0x52d20d], sa_mask[0]=0xfffefeff, sa_flags=0x00000042
SIGFPE: [libjvm.dylib+0x41ee7a], sa_mask[0]=0xfffefeff, sa_flags=0x00000042
SIGPIPE: [libjvm.dylib+0x41ee7a], sa_mask[0]=0xfffefeff, sa_flags=0x00000042
SIGXFSZ: [libjvm.dylib+0x41ee7a], sa_mask[0]=0xfffefeff, sa_flags=0x00000042
SIGILL: [libjvm.dylib+0x41ee7a], sa_mask[0]=0xfffefeff, sa_flags=0x00000042
SIGUSR1: SIG_DFL, sa_mask[0]=0x00000000, sa_flags=0x00000000
SIGUSR2: [libjvm.dylib+0x41e96c], sa_mask[0]=0x00000004, sa_flags=0x00000042
SIGHUP: [libjvm.dylib+0x41cbfd], sa_mask[0]=0xfffefeff, sa_flags=0x00000042
SIGINT: [libjvm.dylib+0x41cbfd], sa_mask[0]=0xfffefeff, sa_flags=0x00000042
SIGTERM: [libjvm.dylib+0x41cbfd], sa_mask[0]=0xfffefeff, sa_flags=0x00000042
SIGQUIT: [libjvm.dylib+0x41cbfd], sa_mask[0]=0xfffefeff, sa_flags=0x00000042


---------------  S Y S T E M  ---------------

OS:Bsduname:Darwin 14.1.0 Darwin Kernel Version 14.1.0: Mon Dec 22 23:10:38 PST 2014; root:xnu-2782.10.72~2/RELEASE_X86_64 x86_64
rlimit: STACK 8192k, CORE 0k, NPROC 709, NOFILE 10240, AS infinity
load average:1.45 1.45 1.40

CPU:total 4 (2 cores per cpu, 2 threads per core) family 6 model 58 stepping 9, cmov, cx8, fxsr, mmx, sse, sse2, sse3, ssse3, sse4.1, sse4.2, popcnt, avx, aes, erms, ht, tsc, tscinvbit, tscinv

Memory: 4k page, physical 4194304k(1048576k free)

/proc/meminfo:


vm_info: Java HotSpot(TM) 64-Bit Server VM (24.75-b04) for bsd-amd64 JRE (1.7.0_75-b13), built on Dec 18 2014 21:48:12 by "java_re" with gcc 4.2.1 (Based on Apple Inc. build 5658) (LLVM build 2336.11.00)

time: Thu Mar 12 15:12:18 2015
elapsed time: 6 seconds

