#
# A fatal error has been detected by the Java Runtime Environment:
#
#  SIGSEGV (0xb) at pc=0x00007fff91f1c0dd, pid=7672, tid=1811
#
# JRE version: Java(TM) SE Runtime Environment (7.0_75-b13) (build 1.7.0_75-b13)
# Java VM: Java HotSpot(TM) 64-Bit Server VM (24.75-b04 mixed mode bsd-amd64 compressed oops)
# Problematic frame:
# C  [libobjc.A.dylib+0x10dd]  objc_msgSend+0x1d
#
# Failed to write core dump. Core dumps have been disabled. To enable core dumping, try "ulimit -c unlimited" before starting Java again
#
# If you would like to submit a bug report, please visit:
#   http://bugreport.sun.com/bugreport/crash.jsp
# The crash happened outside the Java Virtual Machine in native code.
# See problematic frame for where to report the bug.
#

---------------  T H R E A D  ---------------

Current thread (0x00007fd643861800):  JavaThread "AppKit Thread" daemon [_thread_in_native, id=1811, stack(0x00007fff538b0000,0x00007fff53930000)]

siginfo:si_signo=SIGSEGV: si_errno=0, si_code=1 (SEGV_MAPERR), si_addr=0x000007fd6427a0b8

Registers:
RAX=0x00007fd64278a2d0, RBX=0x00007fff5392b7d8, RCX=0x0000000000000000, RDX=0x00007fd64259f9a0
RSP=0x00007fff5392b5f8, RBP=0x00007fff5392b600, RSI=0x00007fff9049be71, RDI=0x00007fd64278a2d0
R8 =0x00007fff5392b5e0, R9 =0x0000000000000055, R10=0x00007fff9049be71, R11=0x000007fd6427a0a0
R12=0x00007fd6425193f0, R13=0x00000000000f42e8, R14=0x00007fd6425e8550, R15=0x00007fff5392b738
RIP=0x00007fff91f1c0dd, EFLAGS=0x0000000000010206, ERR=0x0000000000000004
  TRAPNO=0x000000000000000e

Top of Stack: (sp=0x00007fff5392b5f8)
0x00007fff5392b5f8:   00007fff8e24b96c 00007fff5392b960
0x00007fff5392b608:   00007fff8e13bd34 00007fff5392b68c
0x00007fff5392b618:   00007fff5392b690 00007fff5392b694
0x00007fff5392b628:   00007fff7b2d0d98 ffffffffffffffff
0x00007fff5392b638:   00000000000007f8 00007fff7b2d0db0
0x00007fff5392b648:   00007fd6425e8550 0000000000000000
0x00007fff5392b658:   00007fff5392b730 0000000000000000
0x00007fff5392b668:   00007fd642569c00 00007fff5392b7b0
0x00007fff5392b678:   0000000000000055 00000000000f42ea
0x00007fff5392b688:   00007fd64259f9a0 00007fd64257f7c0
0x00007fff5392b698:   00007fd6425193f0 0000000000000001
0x00007fff5392b6a8:   00000000000f42e8 00007fd6425193e0
0x00007fff5392b6b8:   00007fff8f376033 000000014257e3a0
0x00007fff5392b6c8:   00007fff7b06d0d0 0000000042000000
0x00007fff5392b6d8:   00007fff8f37d103 00007fff7b29b210
0x00007fff5392b6e8:   00007fff5392b7b8 0000000000000000
0x00007fff5392b6f8:   00007fff7b9f48c8 0000000000000000
0x00007fff5392b708:   0000000000000020 00026d0300000001
0x00007fff5392b718:   00007fd642519414 0000000000000000
0x00007fff5392b728:   00000000003c5d01 00007fd642569c80
0x00007fff5392b738:   00007fd6425e8550 0000000000000000
0x00007fff5392b748:   00007fff904d4219 00007fff5392b7f0
0x00007fff5392b758:   00007fff93d2e513 00007fff5392b7d4
0x00007fff5392b768:   00000000003c5e01 00000000ffffffff
0x00007fff5392b778:   00007fff7b9f48c8 00000000003c5e00
0x00007fff5392b788:   00007fff00000000 00007fff5392b880
0x00007fff5392b798:   00007fff90b0bedc 00007fff7b9f48e8
0x00007fff5392b7a8:   00007fff904d4219 0000000000000051
0x00007fff5392b7b8:   0000000000000000 00000000000f42e1
0x00007fff5392b7c8:   0000000000000053 0000000000000000
0x00007fff5392b7d8:   00000000000f42e8 00007fff5392b854
0x00007fff5392b7e8:   00000000003c6901 00000000ffffffff 

Instructions: (pc=0x00007fff91f1c0dd)
0x00007fff91f1c0bd:   00 00 00 48 85 ff 2e 74 7a 40 f6 c7 01 2e 75 7e
0x00007fff91f1c0cd:   49 bb f8 ff ff ff ff 7f 00 00 4c 23 1f 49 89 f2
0x00007fff91f1c0dd:   45 23 53 18 49 c1 e2 04 4d 03 53 10 49 3b 32 75
0x00007fff91f1c0ed:   04 41 ff 62 08 49 83 3a 00 74 6a 4d 3b 53 10 74 

Register to memory mapping:

RAX=0x00007fd64278a2d0 is an unknown value
RBX=0x00007fff5392b7d8 is pointing into the stack for thread: 0x00007fd643861800
RCX=0x0000000000000000 is an unknown value
RDX=0x00007fd64259f9a0 is an unknown value
RSP=0x00007fff5392b5f8 is pointing into the stack for thread: 0x00007fd643861800
RBP=0x00007fff5392b600 is pointing into the stack for thread: 0x00007fd643861800
RSI=0x00007fff9049be71: -[NSTitlebarContainerView transparent]+0x5d495 in /System/Library/Frameworks/AppKit.framework/Versions/C/AppKit at 0x00007fff8fab8000
RDI=0x00007fd64278a2d0 is an unknown value
R8 =0x00007fff5392b5e0 is pointing into the stack for thread: 0x00007fd643861800
R9 =0x0000000000000055 is an unknown value
R10=0x00007fff9049be71: -[NSTitlebarContainerView transparent]+0x5d495 in /System/Library/Frameworks/AppKit.framework/Versions/C/AppKit at 0x00007fff8fab8000
R11=0x000007fd6427a0a0 is an unknown value
R12=0x00007fd6425193f0 is an unknown value
R13=0x00000000000f42e8 is an unknown value
R14=0x00007fd6425e8550 is an unknown value
R15=0x00007fff5392b738 is pointing into the stack for thread: 0x00007fd643861800


Stack: [0x00007fff538b0000,0x00007fff53930000],  sp=0x00007fff5392b5f8,  free space=493k
Native frames: (J=compiled Java code, j=interpreted, Vv=VM code, C=native code)
C  [libobjc.A.dylib+0x10dd]  objc_msgSend+0x1d
C  [CoreFoundation+0x10d34]  _CFXNotificationPost+0xc44
C  [Foundation+0x7a61]  -[NSNotificationCenter postNotificationName:object:userInfo:]+0x42
C  [AppKit+0x438d2]  -[NSSurface _disposeSurface]+0x98
C  [AppKit+0x43336]  -[NSSurface setWindow:]+0x42
C  [AppKit+0x338af]  -[NSView _setWindow:]+0xa22
C  [AppKit+0x6b141]  -[NSView removeFromSuperview]+0x1c5
C  [AppKit+0x14b919]  -[NSView removeFromSuperviewWithoutNeedingDisplay]+0x26
C  [liblwjgl.dylib+0xa205]  +[MacOSXKeyableWindow destroyWindow]+0xb5
C  [Foundation+0x92d90]  __NSThreadPerformPerform+0x125
C  [CoreFoundation+0x81101]  __CFRUNLOOP_IS_CALLING_OUT_TO_A_SOURCE0_PERFORM_FUNCTION__+0x11
C  [CoreFoundation+0x7328d]  __CFRunLoopDoSources0+0x10d
C  [CoreFoundation+0x728bf]  __CFRunLoopRun+0x39f
C  [CoreFoundation+0x722d8]  CFRunLoopRunSpecific+0x128
C  [HIToolbox+0x32a1f]  RunCurrentEventLoopInMode+0xeb
C  [HIToolbox+0x3279a]  ReceiveNextEventCommon+0x1af
C  [HIToolbox+0x325db]  _BlockUntilNextEventMatchingListInModeWithFilter+0x47
C  [AppKit+0x91621]  _DPSNextEvent+0x3c4
C  [AppKit+0x90c20]  -[NSApplication nextEventMatchingMask:untilDate:inMode:dequeue:]+0xc2
C  [libosxapp.dylib+0x24e3]  -[NSApplicationAWT nextEventMatchingMask:untilDate:inMode:dequeue:]+0x7c
C  [AppKit+0x86933]  -[NSApplication run]+0x252
C  [libosxapp.dylib+0x2346]  +[NSApplicationAWT runAWTLoopWithApp:]+0x9c
C  [liblwawt.dylib+0xd4dd]  -[AWTStarter starter:]+0x369
C  [Foundation+0x92d90]  __NSThreadPerformPerform+0x125
C  [CoreFoundation+0x81101]  __CFRUNLOOP_IS_CALLING_OUT_TO_A_SOURCE0_PERFORM_FUNCTION__+0x11
C  [CoreFoundation+0x7328d]  __CFRunLoopDoSources0+0x10d
C  [CoreFoundation+0x728bf]  __CFRunLoopRun+0x39f
C  [CoreFoundation+0x722d8]  CFRunLoopRunSpecific+0x128
C  [java+0x73b0]  CreateExecutionEnvironment+0x367
C  [java+0x1b5c]  JLI_Launch+0x7a0
C  [java+0x770d]  main+0x65
C  [java+0x13b4]  start+0x34


---------------  P R O C E S S  ---------------

Java Threads: ( => current thread )
  0x00007fd643144800 JavaThread "AWT-Shutdown" [_thread_blocked, id=28427, stack(0x000000011baa1000,0x000000011bba1000)]
=>0x00007fd643861800 JavaThread "AppKit Thread" daemon [_thread_in_native, id=1811, stack(0x00007fff538b0000,0x00007fff53930000)]
  0x00007fd643043800 JavaThread "Service Thread" daemon [_thread_blocked, id=17667, stack(0x00000001166c6000,0x00000001167c6000)]
  0x00007fd64303a000 JavaThread "C2 CompilerThread1" daemon [_thread_blocked, id=17155, stack(0x00000001165c3000,0x00000001166c3000)]
  0x00007fd64303c000 JavaThread "C2 CompilerThread0" daemon [_thread_blocked, id=16643, stack(0x00000001164c0000,0x00000001165c0000)]
  0x00007fd64303b000 JavaThread "Signal Dispatcher" daemon [_thread_blocked, id=13335, stack(0x00000001163bd000,0x00000001164bd000)]
  0x00007fd64400e000 JavaThread "Finalizer" daemon [_thread_blocked, id=11523, stack(0x000000011499f000,0x0000000114a9f000)]
  0x00007fd64400d800 JavaThread "Reference Handler" daemon [_thread_blocked, id=11011, stack(0x000000011489c000,0x000000011499c000)]
  0x00007fd642805800 JavaThread "main" [_thread_in_native, id=4867, stack(0x000000010d662000,0x000000010d762000)]

Other Threads:
  0x00007fd64400c800 VMThread [stack: 0x0000000114799000,0x0000000114899000] [id=10499]
  0x00007fd64304c000 WatcherThread [stack: 0x00000001167c9000,0x00000001168c9000] [id=18179]

VM state:not at safepoint (normal execution)

VM Mutex/Monitor currently owned by a thread: None

Heap
 PSYoungGen      total 19456K, used 8398K [0x00000007eaa80000, 0x00000007ec000000, 0x0000000800000000)
  eden space 16896K, 49% used [0x00000007eaa80000,0x00000007eb2b3970,0x00000007ebb00000)
  from space 2560K, 0% used [0x00000007ebd80000,0x00000007ebd80000,0x00000007ec000000)
  to   space 2560K, 0% used [0x00000007ebb00000,0x00000007ebb00000,0x00000007ebd80000)
 ParOldGen       total 43520K, used 0K [0x00000007c0000000, 0x00000007c2a80000, 0x00000007eaa80000)
  object space 43520K, 0% used [0x00000007c0000000,0x00000007c0000000,0x00000007c2a80000)
 PSPermGen       total 21504K, used 6085K [0x00000007bae00000, 0x00000007bc300000, 0x00000007c0000000)
  object space 21504K, 28% used [0x00000007bae00000,0x00000007bb3f1660,0x00000007bc300000)

Card table byte_map: [0x000000011085d000,0x0000000110a87000] byte_map_base: 0x000000010ca86000

Polling page: 0x000000010c3f2000

Code Cache  [0x000000010d79d000, 0x000000010da0d000, 0x000000011079d000)
 total_blobs=406 nmethods=77 adapters=283 free_code_cache=48598Kb largest_free_block=49742400

Compilation events (10 events):
Event: 6.767 Thread 0x00007fd64303a000   73             java.nio.HeapByteBuffer::compact (52 bytes)
Event: 6.767 Thread 0x00007fd64303c000   74             java.nio.Buffer::discardMark (6 bytes)
Event: 6.768 Thread 0x00007fd64303c000 nmethod 74 0x000000010d8277d0 code [0x000000010d827900, 0x000000010d827958]
Event: 6.769 Thread 0x00007fd64303a000 nmethod 73 0x000000010d8273d0 code [0x000000010d827520, 0x000000010d8276b8]
Event: 6.778 Thread 0x00007fd64303c000   75             java.util.HashMap$HashIterator::hasNext (13 bytes)
Event: 6.778 Thread 0x00007fd64303c000 nmethod 75 0x000000010d8271d0 code [0x000000010d827300, 0x000000010d827378]
Event: 6.783 Thread 0x00007fd64303a000   76             java.nio.ByteBuffer::put (55 bytes)
Event: 6.787 Thread 0x00007fd64303a000 nmethod 76 0x000000010d829510 code [0x000000010d829660, 0x000000010d8298d8]
Event: 6.928 Thread 0x00007fd64303c000   77             org.newdawn.slick.opengl.TextureImpl::bind (39 bytes)
Event: 6.932 Thread 0x00007fd64303c000 nmethod 77 0x000000010d828c50 code [0x000000010d828de0, 0x000000010d8290b8]

GC Heap History (0 events):
No events

Deoptimization events (1 events):
Event: 0.622 Thread 0x00007fd642805800 Uncommon trap: reason=unloaded action=reinterpret pc=0x000000010d81bfec method=java.io.BufferedReader.readLine(Z)Ljava/lang/String; @ 268

Internal exceptions (10 events):
Event: 0.623 Thread 0x00007fd642805800 Threw 0x00000007eb1233e0 at /HUDSON/workspace/7u-2-build-macosx-x86_64/jdk7u75/1940/hotspot/src/share/vm/prims/jvm.cpp:1281
Event: 0.624 Thread 0x00007fd642805800 Threw 0x00000007eb123588 at /HUDSON/workspace/7u-2-build-macosx-x86_64/jdk7u75/1940/hotspot/src/share/vm/classfile/systemDictionary.cpp:174
Event: 0.624 Thread 0x00007fd642805800 Threw 0x00000007eb125358 at /HUDSON/workspace/7u-2-build-macosx-x86_64/jdk7u75/1940/hotspot/src/share/vm/prims/jvm.cpp:1281
Event: 0.629 Thread 0x00007fd642805800 Threw 0x00000007eb1308f0 at /HUDSON/workspace/7u-2-build-macosx-x86_64/jdk7u75/1940/hotspot/src/share/vm/prims/jvm.cpp:1281
Event: 0.629 Thread 0x00007fd642805800 Threw 0x00000007eb133628 at /HUDSON/workspace/7u-2-build-macosx-x86_64/jdk7u75/1940/hotspot/src/share/vm/prims/jvm.cpp:1281
Event: 0.630 Thread 0x00007fd642805800 Threw 0x00000007eb13e620 at /HUDSON/workspace/7u-2-build-macosx-x86_64/jdk7u75/1940/hotspot/src/share/vm/prims/jvm.cpp:1281
Event: 0.635 Thread 0x00007fd642805800 Threw 0x00000007eb14fd50 at /HUDSON/workspace/7u-2-build-macosx-x86_64/jdk7u75/1940/hotspot/src/share/vm/prims/jvm.cpp:1281
Event: 0.636 Thread 0x00007fd642805800 Threw 0x00000007eb15d2d8 at /HUDSON/workspace/7u-2-build-macosx-x86_64/jdk7u75/1940/hotspot/src/share/vm/prims/jvm.cpp:1281
Event: 0.638 Thread 0x00007fd642805800 Threw 0x00000007eb165fd8 at /HUDSON/workspace/7u-2-build-macosx-x86_64/jdk7u75/1940/hotspot/src/share/vm/prims/jvm.cpp:1281
Event: 7.179 Thread 0x00007fd642805800 Threw 0x00000007eb25f378 at /HUDSON/workspace/7u-2-build-macosx-x86_64/jdk7u75/1940/hotspot/src/share/vm/prims/jvm.cpp:1281

Events (10 events):
Event: 3.287 loading class 0x00007fd642834cf0
Event: 3.287 loading class 0x00007fd642834d60
Event: 3.287 loading class 0x00007fd642834d60 done
Event: 3.287 loading class 0x00007fd642834cf0 done
Event: 3.287 Thread 0x00007fd6440b4800 Thread exited: 0x00007fd6440b4800
Event: 4.106 Executing VM operation: EnableBiasedLocking
Event: 4.106 Executing VM operation: EnableBiasedLocking done
Event: 5.262 Thread 0x00007fd643144800 Thread added: 0x00007fd643144800
Event: 7.179 loading class 0x00007fd642565eb0
Event: 7.179 loading class 0x00007fd642565eb0 done


Dynamic libraries:
0x000000000aa9d000 	/System/Library/Frameworks/Cocoa.framework/Versions/A/Cocoa
0x000000000aa9d000 	/System/Library/Frameworks/Security.framework/Versions/A/Security
0x000000000aa9d000 	/System/Library/Frameworks/ApplicationServices.framework/Versions/A/ApplicationServices
0x000000000aa9d000 	/usr/lib/libz.1.dylib
0x000000000aa9d000 	/usr/lib/libSystem.B.dylib
0x000000000aa9d000 	/usr/lib/libobjc.A.dylib
0x000000000aa9d000 	/System/Library/Frameworks/CoreFoundation.framework/Versions/A/CoreFoundation
0x000000000aa9d000 	/System/Library/Frameworks/Foundation.framework/Versions/C/Foundation
0x000000000aa9d000 	/System/Library/Frameworks/AppKit.framework/Versions/C/AppKit
0x000000000aa9d000 	/System/Library/Frameworks/CoreData.framework/Versions/A/CoreData
0x000000000aa9d000 	/System/Library/PrivateFrameworks/RemoteViewServices.framework/Versions/A/RemoteViewServices
0x000000000aa9d000 	/System/Library/PrivateFrameworks/UIFoundation.framework/Versions/A/UIFoundation
0x000000000aa9d000 	/System/Library/Frameworks/IOSurface.framework/Versions/A/IOSurface
0x000000000aa9d000 	/System/Library/Frameworks/AudioToolbox.framework/Versions/A/AudioToolbox
0x000000000aa9d000 	/System/Library/Frameworks/AudioUnit.framework/Versions/A/AudioUnit
0x000000000aa9d000 	/System/Library/PrivateFrameworks/DataDetectorsCore.framework/Versions/A/DataDetectorsCore
0x000000000aa9d000 	/System/Library/PrivateFrameworks/DesktopServicesPriv.framework/Versions/A/DesktopServicesPriv
0x000000000aa9d000 	/System/Library/Frameworks/Carbon.framework/Versions/A/Frameworks/HIToolbox.framework/Versions/A/HIToolbox
0x000000000aa9d000 	/System/Library/Frameworks/QuartzCore.framework/Versions/A/QuartzCore
0x000000000aa9d000 	/System/Library/Frameworks/Carbon.framework/Versions/A/Frameworks/SpeechRecognition.framework/Versions/A/SpeechRecognition
0x000000000aa9d000 	/usr/lib/libauto.dylib
0x000000000aa9d000 	/usr/lib/libicucore.A.dylib
0x000000000aa9d000 	/usr/lib/libxml2.2.dylib
0x000000000aa9d000 	/System/Library/PrivateFrameworks/CoreUI.framework/Versions/A/CoreUI
0x000000000aa9d000 	/System/Library/Frameworks/CoreAudio.framework/Versions/A/CoreAudio
0x000000000aa9d000 	/System/Library/Frameworks/DiskArbitration.framework/Versions/A/DiskArbitration
0x000000000aa9d000 	/usr/lib/liblangid.dylib
0x000000000aa9d000 	/System/Library/PrivateFrameworks/MultitouchSupport.framework/Versions/A/MultitouchSupport
0x000000000aa9d000 	/System/Library/Frameworks/IOKit.framework/Versions/A/IOKit
0x000000000aa9d000 	/usr/lib/libDiagnosticMessagesClient.dylib
0x000000000aa9d000 	/System/Library/Frameworks/CoreServices.framework/Versions/A/CoreServices
0x000000000aa9d000 	/System/Library/PrivateFrameworks/PerformanceAnalysis.framework/Versions/A/PerformanceAnalysis
0x000000000aa9d000 	/System/Library/PrivateFrameworks/GenerationalStorage.framework/Versions/A/GenerationalStorage
0x000000000aa9d000 	/System/Library/Frameworks/OpenGL.framework/Versions/A/OpenGL
0x000000000aa9d000 	/System/Library/PrivateFrameworks/Sharing.framework/Versions/A/Sharing
0x000000000aa9d000 	/System/Library/Frameworks/CoreGraphics.framework/Versions/A/CoreGraphics
0x000000000aa9d000 	/System/Library/Frameworks/CoreText.framework/Versions/A/CoreText
0x000000000aa9d000 	/System/Library/Frameworks/ImageIO.framework/Versions/A/ImageIO
0x000000000aa9d000 	/usr/lib/libextension.dylib
0x000000000aa9d000 	/System/Library/PrivateFrameworks/Backup.framework/Versions/A/Backup
0x000000000aa9d000 	/usr/lib/libarchive.2.dylib
0x000000000aa9d000 	/System/Library/Frameworks/CFNetwork.framework/Versions/A/CFNetwork
0x000000000aa9d000 	/System/Library/Frameworks/SystemConfiguration.framework/Versions/A/SystemConfiguration
0x000000000aa9d000 	/usr/lib/libCRFSuite.dylib
0x000000000aa9d000 	/usr/lib/libc++.1.dylib
0x000000000aa9d000 	/usr/lib/libc++abi.dylib
0x000000000aa9d000 	/usr/lib/system/libcache.dylib
0x000000000aa9d000 	/usr/lib/system/libcommonCrypto.dylib
0x000000000aa9d000 	/usr/lib/system/libcompiler_rt.dylib
0x000000000aa9d000 	/usr/lib/system/libcopyfile.dylib
0x000000000aa9d000 	/usr/lib/system/libcorecrypto.dylib
0x000000000aa9d000 	/usr/lib/system/libdispatch.dylib
0x000000000aa9d000 	/usr/lib/system/libdyld.dylib
0x000000000aa9d000 	/usr/lib/system/libkeymgr.dylib
0x000000000aa9d000 	/usr/lib/system/liblaunch.dylib
0x000000000aa9d000 	/usr/lib/system/libmacho.dylib
0x000000000aa9d000 	/usr/lib/system/libquarantine.dylib
0x000000000aa9d000 	/usr/lib/system/libremovefile.dylib
0x000000000aa9d000 	/usr/lib/system/libsystem_asl.dylib
0x000000000aa9d000 	/usr/lib/system/libsystem_blocks.dylib
0x000000000aa9d000 	/usr/lib/system/libsystem_c.dylib
0x000000000aa9d000 	/usr/lib/system/libsystem_configuration.dylib
0x000000000aa9d000 	/usr/lib/system/libsystem_coreservices.dylib
0x000000000aa9d000 	/usr/lib/system/libsystem_coretls.dylib
0x000000000aa9d000 	/usr/lib/system/libsystem_dnssd.dylib
0x000000000aa9d000 	/usr/lib/system/libsystem_info.dylib
0x000000000aa9d000 	/usr/lib/system/libsystem_kernel.dylib
0x000000000aa9d000 	/usr/lib/system/libsystem_m.dylib
0x000000000aa9d000 	/usr/lib/system/libsystem_malloc.dylib
0x000000000aa9d000 	/usr/lib/system/libsystem_network.dylib
0x000000000aa9d000 	/usr/lib/system/libsystem_networkextension.dylib
0x000000000aa9d000 	/usr/lib/system/libsystem_notify.dylib
0x000000000aa9d000 	/usr/lib/system/libsystem_platform.dylib
0x000000000aa9d000 	/usr/lib/system/libsystem_pthread.dylib
0x000000000aa9d000 	/usr/lib/system/libsystem_sandbox.dylib
0x000000000aa9d000 	/usr/lib/system/libsystem_secinit.dylib
0x000000000aa9d000 	/usr/lib/system/libsystem_stats.dylib
0x000000000aa9d000 	/usr/lib/system/libsystem_trace.dylib
0x000000000aa9d000 	/usr/lib/system/libunc.dylib
0x000000000aa9d000 	/usr/lib/system/libunwind.dylib
0x000000000aa9d000 	/usr/lib/system/libxpc.dylib
0x000000000aa9d000 	/usr/lib/libbz2.1.0.dylib
0x000000000aa9d000 	/usr/lib/liblzma.5.dylib
0x000000000aa9d000 	/usr/lib/libbsm.0.dylib
0x000000000aa9d000 	/usr/lib/libsqlite3.dylib
0x000000000aa9d000 	/usr/lib/system/libkxld.dylib
0x000000000aa9d000 	/usr/lib/libxar.1.dylib
0x000000000aa9d000 	/usr/lib/libpam.2.dylib
0x000000000aa9d000 	/usr/lib/libOpenScriptingUtil.dylib
0x000000000aa9d000 	/System/Library/Frameworks/CoreServices.framework/Versions/A/Frameworks/FSEvents.framework/Versions/A/FSEvents
0x000000000aa9d000 	/System/Library/Frameworks/CoreServices.framework/Versions/A/Frameworks/CarbonCore.framework/Versions/A/CarbonCore
0x000000000aa9d000 	/System/Library/Frameworks/CoreServices.framework/Versions/A/Frameworks/Metadata.framework/Versions/A/Metadata
0x000000000aa9d000 	/System/Library/Frameworks/CoreServices.framework/Versions/A/Frameworks/OSServices.framework/Versions/A/OSServices
0x000000000aa9d000 	/System/Library/Frameworks/CoreServices.framework/Versions/A/Frameworks/SearchKit.framework/Versions/A/SearchKit
0x000000000aa9d000 	/System/Library/Frameworks/CoreServices.framework/Versions/A/Frameworks/AE.framework/Versions/A/AE
0x000000000aa9d000 	/System/Library/Frameworks/CoreServices.framework/Versions/A/Frameworks/LaunchServices.framework/Versions/A/LaunchServices
0x000000000aa9d000 	/System/Library/Frameworks/CoreServices.framework/Versions/A/Frameworks/DictionaryServices.framework/Versions/A/DictionaryServices
0x000000000aa9d000 	/System/Library/Frameworks/NetFS.framework/Versions/A/NetFS
0x000000000aa9d000 	/System/Library/PrivateFrameworks/NetAuth.framework/Versions/A/NetAuth
0x000000000aa9d000 	/System/Library/PrivateFrameworks/login.framework/Versions/A/Frameworks/loginsupport.framework/Versions/A/loginsupport
0x000000000aa9d000 	/System/Library/PrivateFrameworks/TCC.framework/Versions/A/TCC
0x000000000aa9d000 	/usr/lib/libmecabra.dylib
0x000000000aa9d000 	/System/Library/Frameworks/ApplicationServices.framework/Versions/A/Frameworks/ATS.framework/Versions/A/ATS
0x000000000aa9d000 	/System/Library/Frameworks/ApplicationServices.framework/Versions/A/Frameworks/ColorSync.framework/Versions/A/ColorSync
0x000000000aa9d000 	/System/Library/Frameworks/ApplicationServices.framework/Versions/A/Frameworks/HIServices.framework/Versions/A/HIServices
0x000000000aa9d000 	/System/Library/Frameworks/ApplicationServices.framework/Versions/A/Frameworks/LangAnalysis.framework/Versions/A/LangAnalysis
0x000000000aa9d000 	/System/Library/Frameworks/ApplicationServices.framework/Versions/A/Frameworks/PrintCore.framework/Versions/A/PrintCore
0x000000000aa9d000 	/System/Library/Frameworks/ApplicationServices.framework/Versions/A/Frameworks/QD.framework/Versions/A/QD
0x000000000aa9d000 	/System/Library/Frameworks/ApplicationServices.framework/Versions/A/Frameworks/SpeechSynthesis.framework/Versions/A/SpeechSynthesis
0x000000000aa9d000 	/System/Library/Frameworks/Accelerate.framework/Versions/A/Accelerate
0x000000000aa9d000 	/System/Library/Frameworks/Accelerate.framework/Versions/A/Frameworks/vImage.framework/Versions/A/vImage
0x000000000aa9d000 	/System/Library/Frameworks/Accelerate.framework/Versions/A/Frameworks/vecLib.framework/Versions/A/vecLib
0x000000000aa9d000 	/System/Library/Frameworks/Accelerate.framework/Versions/A/Frameworks/vecLib.framework/Versions/A/libvDSP.dylib
0x000000000aa9d000 	/System/Library/Frameworks/Accelerate.framework/Versions/A/Frameworks/vecLib.framework/Versions/A/libvMisc.dylib
0x000000000aa9d000 	/System/Library/Frameworks/Accelerate.framework/Versions/A/Frameworks/vecLib.framework/Versions/A/libLAPACK.dylib
0x000000000aa9d000 	/System/Library/Frameworks/Accelerate.framework/Versions/A/Frameworks/vecLib.framework/Versions/A/libBLAS.dylib
0x000000000aa9d000 	/System/Library/Frameworks/Accelerate.framework/Versions/A/Frameworks/vecLib.framework/Versions/A/libLinearAlgebra.dylib
0x000000000aa9d000 	/System/Library/Frameworks/ApplicationServices.framework/Versions/A/Frameworks/ATS.framework/Versions/A/Resources/libFontParser.dylib
0x000000000aa9d000 	/System/Library/Frameworks/ApplicationServices.framework/Versions/A/Frameworks/ATS.framework/Versions/A/Resources/libFontRegistry.dylib
0x000000000aa9d000 	/System/Library/PrivateFrameworks/AppleVPA.framework/Versions/A/AppleVPA
0x000000000aa9d000 	/System/Library/PrivateFrameworks/AppleJPEG.framework/Versions/A/AppleJPEG
0x000000000aa9d000 	/System/Library/Frameworks/ImageIO.framework/Versions/A/Resources/libJPEG.dylib
0x000000000aa9d000 	/System/Library/Frameworks/ImageIO.framework/Versions/A/Resources/libTIFF.dylib
0x000000000aa9d000 	/System/Library/Frameworks/ImageIO.framework/Versions/A/Resources/libPng.dylib
0x000000000aa9d000 	/System/Library/Frameworks/ImageIO.framework/Versions/A/Resources/libGIF.dylib
0x000000000aa9d000 	/System/Library/Frameworks/ImageIO.framework/Versions/A/Resources/libJP2.dylib
0x000000000aa9d000 	/System/Library/Frameworks/ImageIO.framework/Versions/A/Resources/libRadiance.dylib
0x000000000aa9d000 	/System/Library/Frameworks/CoreVideo.framework/Versions/A/CoreVideo
0x000000000aa9d000 	/System/Library/Frameworks/OpenGL.framework/Versions/A/Libraries/libGLU.dylib
0x000000000aa9d000 	/System/Library/Frameworks/OpenGL.framework/Versions/A/Libraries/libGFXShared.dylib
0x000000000aa9d000 	/System/Library/Frameworks/OpenGL.framework/Versions/A/Libraries/libGL.dylib
0x000000000aa9d000 	/System/Library/Frameworks/OpenGL.framework/Versions/A/Libraries/libGLImage.dylib
0x000000000aa9d000 	/System/Library/Frameworks/OpenGL.framework/Versions/A/Libraries/libCVMSPluginSupport.dylib
0x000000000aa9d000 	/System/Library/Frameworks/OpenGL.framework/Versions/A/Libraries/libCoreVMClient.dylib
0x000000000aa9d000 	/usr/lib/libcups.2.dylib
0x000000000aa9d000 	/System/Library/Frameworks/Kerberos.framework/Versions/A/Kerberos
0x000000000aa9d000 	/System/Library/Frameworks/GSS.framework/Versions/A/GSS
0x000000000aa9d000 	/usr/lib/libresolv.9.dylib
0x000000000aa9d000 	/usr/lib/libiconv.2.dylib
0x000000000aa9d000 	/System/Library/PrivateFrameworks/Heimdal.framework/Versions/A/Heimdal
0x000000000aa9d000 	/usr/lib/libheimdal-asn1.dylib
0x000000000aa9d000 	/System/Library/Frameworks/OpenDirectory.framework/Versions/A/OpenDirectory
0x000000000aa9d000 	/System/Library/PrivateFrameworks/CommonAuth.framework/Versions/A/CommonAuth
0x000000000aa9d000 	/System/Library/Frameworks/OpenDirectory.framework/Versions/A/Frameworks/CFOpenDirectory.framework/Versions/A/CFOpenDirectory
0x000000000aa9d000 	/System/Library/Frameworks/SecurityFoundation.framework/Versions/A/SecurityFoundation
0x000000000aa9d000 	/System/Library/PrivateFrameworks/LanguageModeling.framework/Versions/A/LanguageModeling
0x000000000aa9d000 	/usr/lib/libcmph.dylib
0x000000000aa9d000 	/System/Library/Frameworks/ServiceManagement.framework/Versions/A/ServiceManagement
0x000000000aa9d000 	/usr/lib/libxslt.1.dylib
0x000000000aa9d000 	/System/Library/Frameworks/Carbon.framework/Versions/A/Frameworks/Ink.framework/Versions/A/Ink
0x000000000aa9d000 	/System/Library/Frameworks/QuartzCore.framework/Versions/A/Frameworks/CoreImage.framework/Versions/A/CoreImage
0x000000000aa9d000 	/System/Library/PrivateFrameworks/CrashReporterSupport.framework/Versions/A/CrashReporterSupport
0x000000000aa9d000 	/System/Library/Frameworks/OpenCL.framework/Versions/A/OpenCL
0x000000000aa9d000 	/System/Library/PrivateFrameworks/FaceCore.framework/Versions/A/FaceCore
0x000000000aa9d000 	/System/Library/PrivateFrameworks/Ubiquity.framework/Versions/A/Ubiquity
0x000000000aa9d000 	/System/Library/PrivateFrameworks/IconServices.framework/Versions/A/IconServices
0x000000000aa9d000 	/System/Library/PrivateFrameworks/ChunkingLibrary.framework/Versions/A/ChunkingLibrary
0x000000000aa9d000 	/System/Library/PrivateFrameworks/Apple80211.framework/Versions/A/Apple80211
0x000000000aa9d000 	/System/Library/Frameworks/CoreWLAN.framework/Versions/A/CoreWLAN
0x000000000aa9d000 	/System/Library/Frameworks/IOBluetooth.framework/Versions/A/IOBluetooth
0x000000000aa9d000 	/System/Library/PrivateFrameworks/CoreWiFi.framework/Versions/A/CoreWiFi
0x000000000aa9d000 	/System/Library/Frameworks/CoreBluetooth.framework/Versions/A/CoreBluetooth
0x000000000aa9d000 	/System/Library/PrivateFrameworks/DebugSymbols.framework/Versions/A/DebugSymbols
0x000000000aa9d000 	/System/Library/PrivateFrameworks/CoreSymbolication.framework/Versions/A/CoreSymbolication
0x000000000aa9d000 	/System/Library/PrivateFrameworks/Symbolication.framework/Versions/A/Symbolication
0x000000000aa9d000 	/System/Library/PrivateFrameworks/SpeechRecognitionCore.framework/Versions/A/SpeechRecognitionCore
0x000000010cc00000 	/Library/Java/JavaVirtualMachines/jdk1.7.0_75.jdk/Contents/Home/jre/lib/server/libjvm.dylib
0x000000000aa9d000 	/usr/lib/libstdc++.6.dylib
0x000000010c3e5000 	/Library/Java/JavaVirtualMachines/jdk1.7.0_75.jdk/Contents/Home/jre/lib/libverify.dylib
0x000000010d764000 	/Library/Java/JavaVirtualMachines/jdk1.7.0_75.jdk/Contents/Home/jre/lib/libjava.dylib
0x000000010d794000 	/Library/Java/JavaVirtualMachines/jdk1.7.0_75.jdk/Contents/Home/jre/lib/libzip.dylib
0x0000000114aa1000 	/System/Library/Frameworks/JavaVM.framework/Frameworks/JavaRuntimeSupport.framework/JavaRuntimeSupport
0x0000000114ab9000 	/System/Library/Frameworks/JavaVM.framework/Versions/A/Frameworks/JavaNativeFoundation.framework/Versions/A/JavaNativeFoundation
0x0000000114ace000 	/System/Library/Frameworks/JavaVM.framework/Versions/A/JavaVM
0x000000000aa9d000 	/System/Library/Frameworks/Carbon.framework/Versions/A/Carbon
0x0000000114adb000 	/System/Library/PrivateFrameworks/JavaLaunching.framework/Versions/A/JavaLaunching
0x000000000aa9d000 	/System/Library/Frameworks/Carbon.framework/Versions/A/Frameworks/CommonPanels.framework/Versions/A/CommonPanels
0x000000000aa9d000 	/System/Library/Frameworks/Carbon.framework/Versions/A/Frameworks/Help.framework/Versions/A/Help
0x000000000aa9d000 	/System/Library/Frameworks/Carbon.framework/Versions/A/Frameworks/ImageCapture.framework/Versions/A/ImageCapture
0x000000000aa9d000 	/System/Library/Frameworks/Carbon.framework/Versions/A/Frameworks/OpenScripting.framework/Versions/A/OpenScripting
0x000000000aa9d000 	/System/Library/Frameworks/Carbon.framework/Versions/A/Frameworks/Print.framework/Versions/A/Print
0x000000000aa9d000 	/System/Library/Frameworks/Carbon.framework/Versions/A/Frameworks/SecurityHI.framework/Versions/A/SecurityHI
0x0000000116925000 	/Library/Java/JavaVirtualMachines/jdk1.7.0_75.jdk/Contents/Home/jre/lib/libawt.dylib
0x00000001169d4000 	/Library/Java/JavaVirtualMachines/jdk1.7.0_75.jdk/Contents/Home/jre/lib/./libmlib_image.dylib
0x0000000116aa0000 	/Library/Java/JavaVirtualMachines/jdk1.7.0_75.jdk/Contents/Home/jre/lib/lwawt/liblwawt.dylib
0x0000000116b54000 	/Library/Java/JavaVirtualMachines/jdk1.7.0_75.jdk/Contents/Home/jre/lib/libosxapp.dylib
0x000000000aa9d000 	/System/Library/Frameworks/ExceptionHandling.framework/Versions/A/ExceptionHandling
0x000000000aa9d000 	/System/Library/PrivateFrameworks/CoreServicesInternal.framework/Versions/A/CoreServicesInternal
0x000000000aa9d000 	/System/Library/PrivateFrameworks/CloudDocs.framework/Versions/A/CloudDocs
0x000000000aa9d000 	/System/Library/PrivateFrameworks/CoreDuet.framework/Versions/A/CoreDuet
0x000000000aa9d000 	/System/Library/Frameworks/CloudKit.framework/Versions/A/CloudKit
0x000000000aa9d000 	/System/Library/PrivateFrameworks/ProtocolBuffer.framework/Versions/A/ProtocolBuffer
0x000000000aa9d000 	/System/Library/PrivateFrameworks/CoreDuetDaemonProtocol.framework/Versions/A/CoreDuetDaemonProtocol
0x000000000aa9d000 	/System/Library/PrivateFrameworks/CoreDuetDebugLogging.framework/Versions/A/CoreDuetDebugLogging
0x000000000aa9d000 	/System/Library/PrivateFrameworks/MMCS.framework/Versions/A/MMCS
0x000000000aa9d000 	/System/Library/Frameworks/CoreLocation.framework/Versions/A/CoreLocation
0x000000000aa9d000 	/System/Library/PrivateFrameworks/ProtectedCloudStorage.framework/Versions/A/ProtectedCloudStorage
0x000000000aa9d000 	/System/Library/PrivateFrameworks/GeoServices.framework/Versions/A/GeoServices
0x0000000116e41000 	/System/Library/Frameworks/CoreGraphics.framework/Versions/A/Resources/libCGCMS.A.dylib
0x0000000118ce2000 	/System/Library/Frameworks/CoreGraphics.framework/Versions/A/Resources/libRIP.A.dylib
0x0000000118f42000 	/System/Library/Frameworks/CoreGraphics.framework/Versions/A/Resources/libCGXType.A.dylib
0x000000000aa9d000 	/System/Library/Frameworks/OpenCL.framework/Versions/A/Libraries/libcldcpuengine.dylib
0x000000000aa9d000 	/System/Library/PrivateFrameworks/DiskImages.framework/Versions/A/DiskImages
0x000000000aa9d000 	/System/Library/Frameworks/DiscRecording.framework/Versions/A/DiscRecording
0x000000000aa9d000 	/usr/lib/libcsfde.dylib
0x000000000aa9d000 	/usr/lib/libcurl.4.dylib
0x000000000aa9d000 	/System/Library/PrivateFrameworks/MediaKit.framework/Versions/A/MediaKit
0x000000000aa9d000 	/usr/lib/libCoreStorage.dylib
0x000000000aa9d000 	/System/Library/PrivateFrameworks/EFILogin.framework/Versions/A/EFILogin
0x000000000aa9d000 	/usr/lib/libutil.dylib
0x000000000aa9d000 	/System/Library/PrivateFrameworks/FindMyDevice.framework/Versions/A/FindMyDevice
0x000000000aa9d000 	/System/Library/Frameworks/LDAP.framework/Versions/A/LDAP
0x000000000aa9d000 	/usr/lib/libsasl2.2.dylib
0x000000000aa9d000 	/System/Library/PrivateFrameworks/CoreDaemon.framework/Versions/B/CoreDaemon
0x000000000aa9d000 	/usr/lib/libcrypto.0.9.8.dylib
0x000000000aa9d000 	/System/Library/PrivateFrameworks/AppleSRP.framework/Versions/A/AppleSRP
0x000000000aa9d000 	/System/Library/PrivateFrameworks/TrustEvaluationAgent.framework/Versions/A/TrustEvaluationAgent
0x00000001199ad000 	cl_kernels
0x00000001199af000 	/System/Library/Frameworks/OpenCL.framework/Versions/A/Libraries/ImageFormats/unorm8_bgra.dylib
0x0000000119ad9000 	cl_kernels
0x000000000aa9d000 	/System/Library/PrivateFrameworks/FamilyControls.framework/Versions/A/FamilyControls
0x000000000aa9d000 	/System/Library/PrivateFrameworks/CommerceKit.framework/Versions/A/Frameworks/CommerceCore.framework/Versions/A/CommerceCore
0x000000000aa9d000 	/System/Library/PrivateFrameworks/SystemAdministration.framework/Versions/A/SystemAdministration
0x000000000aa9d000 	/System/Library/PrivateFrameworks/AppContainer.framework/Versions/A/AppContainer
0x000000000aa9d000 	/System/Library/PrivateFrameworks/SecCodeWrapper.framework/Versions/A/SecCodeWrapper
0x000000000aa9d000 	/System/Library/Frameworks/DirectoryService.framework/Versions/A/DirectoryService
0x000000000aa9d000 	/System/Library/PrivateFrameworks/LoginUIKit.framework/Versions/A/Frameworks/LoginUICore.framework/Versions/A/LoginUICore
0x000000000aa9d000 	/usr/lib/libodfde.dylib
0x000000011ab79000 	/Library/Java/JavaVirtualMachines/jdk1.7.0_75.jdk/Contents/Home/jre/lib/libfontmanager.dylib
0x000000011abe0000 	/Users/nhiquach/MPCLab/Cannon Game/lib/native/macosx/liblwjgl.dylib
0x0000000118ef3000 	/Library/Java/JavaVirtualMachines/jdk1.7.0_75.jdk/Contents/Home/jre/lib/libjawt.dylib
0x0000000118ef6000 	/Library/Java/JavaVirtualMachines/jdk1.7.0_75.jdk/Contents/Home/jre/lib/libnio.dylib
0x0000000118f05000 	/Library/Java/JavaVirtualMachines/jdk1.7.0_75.jdk/Contents/Home/jre/lib/./libnet.dylib
0x000000011acaa000 	/System/Library/Frameworks/OpenGL.framework/Resources/GLEngine.bundle/GLEngine
0x000000000aa9d000 	/System/Library/Frameworks/OpenGL.framework/Versions/A/Libraries/libGLProgrammability.dylib
0x0000000000000000 	/System/Library/Extensions/AppleIntelHD4000GraphicsGLDriver.bundle/Contents/MacOS/AppleIntelHD4000GraphicsGLDriver
0x000000000aa9d000 	/System/Library/PrivateFrameworks/IOAccelerator.framework/Versions/A/IOAccelerator
0x000000000aa9d000 	/System/Library/PrivateFrameworks/GPUSupport.framework/Versions/A/Libraries/libGPUSupportMercury.dylib
0x000000000aa9d000 	/System/Library/Frameworks/OpenGL.framework/Versions/A/Libraries//libLLVMContainer.dylib
0x000000011ae95000 	/System/Library/Frameworks/OpenGL.framework/Resources//GLRendererFloat.bundle/GLRendererFloat

VM Arguments:
jvm_args: -Djava.library.path=/Users/nhiquach/MPCLab/Cannon Game/lib/native/macosx -Dfile.encoding=UTF-8 
java_command: com.mpc.game.Game
Launcher Type: SUN_STANDARD

Environment Variables:
PATH=/usr/bin:/bin:/usr/sbin:/sbin
SHELL=/bin/bash
DISPLAY=/private/tmp/com.apple.launchd.mq3I3cTdDE/org.macosforge.xquartz:0

Signal Handlers:
SIGSEGV: [libjvm.dylib+0x52d20d], sa_mask[0]=0xfffefeff, sa_flags=0x00000043
SIGBUS: [libjvm.dylib+0x52d20d], sa_mask[0]=0xfffefeff, sa_flags=0x00000042
SIGFPE: [libjvm.dylib+0x41ee7a], sa_mask[0]=0xfffefeff, sa_flags=0x00000042
SIGPIPE: [libjvm.dylib+0x41ee7a], sa_mask[0]=0xfffefeff, sa_flags=0x00000042
SIGXFSZ: [libjvm.dylib+0x41ee7a], sa_mask[0]=0xfffefeff, sa_flags=0x00000042
SIGILL: [libjvm.dylib+0x41ee7a], sa_mask[0]=0xfffefeff, sa_flags=0x00000042
SIGUSR1: SIG_DFL, sa_mask[0]=0x00000000, sa_flags=0x00000000
SIGUSR2: [libjvm.dylib+0x41e96c], sa_mask[0]=0x00000004, sa_flags=0x00000042
SIGHUP: [libjvm.dylib+0x41cbfd], sa_mask[0]=0xfffefeff, sa_flags=0x00000042
SIGINT: [libjvm.dylib+0x41cbfd], sa_mask[0]=0xfffefeff, sa_flags=0x00000042
SIGTERM: [libjvm.dylib+0x41cbfd], sa_mask[0]=0xfffefeff, sa_flags=0x00000042
SIGQUIT: [libjvm.dylib+0x41cbfd], sa_mask[0]=0xfffefeff, sa_flags=0x00000042


---------------  S Y S T E M  ---------------

OS:Bsduname:Darwin 14.3.0 Darwin Kernel Version 14.3.0: Thu Feb 12 18:38:33 PST 2015; root:xnu-2782.20.34~3/RELEASE_X86_64 x86_64
rlimit: STACK 8192k, CORE 0k, NPROC 709, NOFILE 10240, AS infinity
load average:1.72 1.92 1.65

CPU:total 4 (2 cores per cpu, 2 threads per core) family 6 model 58 stepping 9, cmov, cx8, fxsr, mmx, sse, sse2, sse3, ssse3, sse4.1, sse4.2, popcnt, avx, aes, erms, ht, tsc, tscinvbit, tscinv

Memory: 4k page, physical 4194304k(1048576k free)

/proc/meminfo:


vm_info: Java HotSpot(TM) 64-Bit Server VM (24.75-b04) for bsd-amd64 JRE (1.7.0_75-b13), built on Dec 18 2014 21:48:12 by "java_re" with gcc 4.2.1 (Based on Apple Inc. build 5658) (LLVM build 2336.11.00)

time: Thu Mar 19 14:22:19 2015
elapsed time: 7 seconds

