#
# A fatal error has been detected by the Java Runtime Environment:
#
#  SIGSEGV (0xb) at pc=0x00007fff8ebd50dd, pid=25526, tid=1811
#
# JRE version: Java(TM) SE Runtime Environment (7.0_75-b13) (build 1.7.0_75-b13)
# Java VM: Java HotSpot(TM) 64-Bit Server VM (24.75-b04 mixed mode bsd-amd64 compressed oops)
# Problematic frame:
# C  [libobjc.A.dylib+0x10dd]  objc_msgSend+0x1d
#
# Failed to write core dump. Core dumps have been disabled. To enable core dumping, try "ulimit -c unlimited" before starting Java again
#
# If you would like to submit a bug report, please visit:
#   http://bugreport.sun.com/bugreport/crash.jsp
# The crash happened outside the Java Virtual Machine in native code.
# See problematic frame for where to report the bug.
#

---------------  T H R E A D  ---------------

Current thread (0x00007f85a08a7000):  JavaThread "AppKit Thread" daemon [_thread_in_native, id=1811, stack(0x00007fff540c5000,0x00007fff54145000)]

siginfo:si_signo=SIGSEGV: si_errno=0, si_code=1 (SEGV_MAPERR), si_addr=0x0000000000000018

Registers:
RAX=0x00007f85a0776170, RBX=0x00007fff541407d8, RCX=0x0000000000000000, RDX=0x00007f85a048a990
RSP=0x00007fff541405f8, RBP=0x00007fff54140600, RSI=0x00007fff93d062b4, RDI=0x00007f85a0776170
R8 =0x00007fff541405e0, R9 =0x0000000000000055, R10=0x00007fff93d062b4, R11=0x0000000000000000
R12=0x00007f85a070db50, R13=0x00000000000f42e8, R14=0x00007f85a048a5c0, R15=0x00007fff54140738
RIP=0x00007fff8ebd50dd, EFLAGS=0x0000000000010246, ERR=0x0000000000000004
  TRAPNO=0x000000000000000e

Top of Stack: (sp=0x00007fff541405f8)
0x00007fff541405f8:   00007fff95f3ecdc 00007fff54140960
0x00007fff54140608:   00007fff95e30244 00007fff5414068c
0x00007fff54140618:   00007fff54140690 00007fff54140694
0x00007fff54140628:   00007fff774a6c88 ffffffffffffffff
0x00007fff54140638:   00000000000007f8 00007fff774a6ca0
0x00007fff54140648:   00007f85a048a5c0 0000000000000000
0x00007fff54140658:   00007fff54140730 0000000000000000
0x00007fff54140668:   00007f85a047fe30 00007fff541407b0
0x00007fff54140678:   0000000000000055 00000000000f42ea
0x00007fff54140688:   00007f85a048a990 00007f85a047f860
0x00007fff54140698:   00007f85a070db50 0000000000000001
0x00007fff541406a8:   00000000000f42e8 00007f85a070db40
0x00007fff541406b8:   00007fff8b1a27ba 00000001a0766c30
0x00007fff541406c8:   00007fff76a920d0 0000000042000000
0x00007fff541406d8:   00007fff8b1aae13 00007fff774711d0
0x00007fff541406e8:   00007fff541407b8 0000000000000000
0x00007fff541406f8:   00007fff77ada8c8 0000000000000000
0x00007fff54140708:   0000000000000023 0002350300000001
0x00007fff54140718:   00007f85a070db74 0000000000000000
0x00007fff54140728:   00000000003c2301 00007f85a047feb0
0x00007fff54140738:   00007f85a048a5c0 0000000000000000
0x00007fff54140748:   00007fff93d3e34c 00007fff541407f0
0x00007fff54140758:   00007fff94983513 00007fff541407d4
0x00007fff54140768:   00000000003c2401 00000000ffffffff
0x00007fff54140778:   00007fff77ada8c8 00000000003c2400
0x00007fff54140788:   00007fff00000000 00007fff54140880
0x00007fff54140798:   00007fff873d4edc 00007fff77ada8e8
0x00007fff541407a8:   00007fff93d3e34c 0000000000000051
0x00007fff541407b8:   0000000000000000 00000000000f42e1
0x00007fff541407c8:   0000000000000053 0000000000000000
0x00007fff541407d8:   00000000000f42e8 00007fff54140854
0x00007fff541407e8:   00000000003c2f01 00000000ffffffff 

Instructions: (pc=0x00007fff8ebd50dd)
0x00007fff8ebd50bd:   00 00 00 48 85 ff 2e 74 7a 40 f6 c7 01 2e 75 7e
0x00007fff8ebd50cd:   49 bb f8 ff ff ff ff 7f 00 00 4c 23 1f 49 89 f2
0x00007fff8ebd50dd:   45 23 53 18 49 c1 e2 04 4d 03 53 10 49 3b 32 75
0x00007fff8ebd50ed:   04 41 ff 62 08 49 83 3a 00 74 6a 4d 3b 53 10 74 

Register to memory mapping:

RAX=0x00007f85a0776170 is an unknown value
RBX=0x00007fff541407d8 is pointing into the stack for thread: 0x00007f85a08a7000
RCX=0x0000000000000000 is an unknown value
RDX=0x00007f85a048a990 is an unknown value
RSP=0x00007fff541405f8 is pointing into the stack for thread: 0x00007f85a08a7000
RBP=0x00007fff54140600 is pointing into the stack for thread: 0x00007f85a08a7000
RSI=0x00007fff93d062b4: -[NSTitlebarContainerView shouldRoundCorners]+0x5ced6 in /System/Library/Frameworks/AppKit.framework/Versions/C/AppKit at 0x00007fff93335000
RDI=0x00007f85a0776170 is an unknown value
R8 =0x00007fff541405e0 is pointing into the stack for thread: 0x00007f85a08a7000
R9 =0x0000000000000055 is an unknown value
R10=0x00007fff93d062b4: -[NSTitlebarContainerView shouldRoundCorners]+0x5ced6 in /System/Library/Frameworks/AppKit.framework/Versions/C/AppKit at 0x00007fff93335000
R11=0x0000000000000000 is an unknown value
R12=0x00007f85a070db50 is an unknown value
R13=0x00000000000f42e8 is an unknown value
R14=0x00007f85a048a5c0 is an unknown value
R15=0x00007fff54140738 is pointing into the stack for thread: 0x00007f85a08a7000


Stack: [0x00007fff540c5000,0x00007fff54145000],  sp=0x00007fff541405f8,  free space=493k
Native frames: (J=compiled Java code, j=interpreted, Vv=VM code, C=native code)
C  [libobjc.A.dylib+0x10dd]  objc_msgSend+0x1d
C  [CoreFoundation+0x10244]  _CFXNotificationPost+0xc44
C  [Foundation+0x2c31]  -[NSNotificationCenter postNotificationName:object:userInfo:]+0x42
C  [AppKit+0xdd776]  -[NSSurface _disposeSurface]+0x98
C  [AppKit+0xdd1da]  -[NSSurface setWindow:]+0x42
C  [AppKit+0x3b9ef]  -[NSView _setWindow:]+0xa22
C  [AppKit+0x3cc22]  -[NSView removeFromSuperview]+0x1c5
C  [AppKit+0x9140a]  -[NSView removeFromSuperviewWithoutNeedingDisplay]+0x26
C  [liblwjgl.dylib+0xa205]  +[MacOSXKeyableWindow destroyWindow]+0xb5
C  [Foundation+0x65cdc]  __NSThreadPerformPerform+0x125
C  [CoreFoundation+0x80681]  __CFRUNLOOP_IS_CALLING_OUT_TO_A_SOURCE0_PERFORM_FUNCTION__+0x11
C  [CoreFoundation+0x7280d]  __CFRunLoopDoSources0+0x10d
C  [CoreFoundation+0x71e3f]  __CFRunLoopRun+0x39f
C  [CoreFoundation+0x71858]  CFRunLoopRunSpecific+0x128
C  [HIToolbox+0x2eaef]  RunCurrentEventLoopInMode+0xeb
C  [HIToolbox+0x2e86a]  ReceiveNextEventCommon+0x1af
C  [HIToolbox+0x2e6ab]  _BlockUntilNextEventMatchingListInModeWithFilter+0x47
C  [AppKit+0x23f81]  _DPSNextEvent+0x3c4
C  [AppKit+0x23730]  -[NSApplication nextEventMatchingMask:untilDate:inMode:dequeue:]+0xc2
C  [libosxapp.dylib+0x24e3]  -[NSApplicationAWT nextEventMatchingMask:untilDate:inMode:dequeue:]+0x7c
C  [AppKit+0x17593]  -[NSApplication run]+0x252
C  [libosxapp.dylib+0x2346]  +[NSApplicationAWT runAWTLoopWithApp:]+0x9c
C  [liblwawt.dylib+0xd4dd]  -[AWTStarter starter:]+0x369
C  [Foundation+0x65cdc]  __NSThreadPerformPerform+0x125
C  [CoreFoundation+0x80681]  __CFRUNLOOP_IS_CALLING_OUT_TO_A_SOURCE0_PERFORM_FUNCTION__+0x11
C  [CoreFoundation+0x7280d]  __CFRunLoopDoSources0+0x10d
C  [CoreFoundation+0x71e3f]  __CFRunLoopRun+0x39f
C  [CoreFoundation+0x71858]  CFRunLoopRunSpecific+0x128
C  [java+0x73b0]  CreateExecutionEnvironment+0x367
C  [java+0x1b5c]  JLI_Launch+0x7a0
C  [java+0x770d]  main+0x65
C  [java+0x13b4]  start+0x34


---------------  P R O C E S S  ---------------

Java Threads: ( => current thread )
  0x00007f85a1980800 JavaThread "AWT-Shutdown" [_thread_blocked, id=28687, stack(0x00000001177bd000,0x00000001178bd000)]
=>0x00007f85a08a7000 JavaThread "AppKit Thread" daemon [_thread_in_native, id=1811, stack(0x00007fff540c5000,0x00007fff54145000)]
  0x00007f85a2014000 JavaThread "Service Thread" daemon [_thread_blocked, id=17667, stack(0x0000000115ddf000,0x0000000115edf000)]
  0x00007f85a2013000 JavaThread "C2 CompilerThread1" daemon [_thread_blocked, id=17155, stack(0x0000000115cdc000,0x0000000115ddc000)]
  0x00007f85a2000800 JavaThread "C2 CompilerThread0" daemon [_thread_blocked, id=16643, stack(0x0000000115bd9000,0x0000000115cd9000)]
  0x00007f85a1045000 JavaThread "Signal Dispatcher" daemon [_thread_blocked, id=13847, stack(0x0000000115ad6000,0x0000000115bd6000)]
  0x00007f85a0825800 JavaThread "Finalizer" daemon [_thread_blocked, id=11523, stack(0x0000000114196000,0x0000000114296000)]
  0x00007f85a1034800 JavaThread "Reference Handler" daemon [_thread_blocked, id=11011, stack(0x0000000114093000,0x0000000114193000)]
  0x00007f85a2002000 JavaThread "main" [_thread_in_native, id=4867, stack(0x000000010ce62000,0x000000010cf62000)]

Other Threads:
  0x00007f85a1034000 VMThread [stack: 0x0000000113f90000,0x0000000114090000] [id=10499]
  0x00007f85a080d000 WatcherThread [stack: 0x0000000115ee2000,0x0000000115fe2000] [id=18179]

VM state:not at safepoint (normal execution)

VM Mutex/Monitor currently owned by a thread: None

Heap
 PSYoungGen      total 19456K, used 8053K [0x00000007eaa80000, 0x00000007ec000000, 0x0000000800000000)
  eden space 16896K, 47% used [0x00000007eaa80000,0x00000007eb25d7b0,0x00000007ebb00000)
  from space 2560K, 0% used [0x00000007ebd80000,0x00000007ebd80000,0x00000007ec000000)
  to   space 2560K, 0% used [0x00000007ebb00000,0x00000007ebb00000,0x00000007ebd80000)
 ParOldGen       total 43520K, used 0K [0x00000007c0000000, 0x00000007c2a80000, 0x00000007eaa80000)
  object space 43520K, 0% used [0x00000007c0000000,0x00000007c0000000,0x00000007c2a80000)
 PSPermGen       total 21504K, used 6045K [0x00000007bae00000, 0x00000007bc300000, 0x00000007c0000000)
  object space 21504K, 28% used [0x00000007bae00000,0x00000007bb3e7770,0x00000007bc300000)

Card table byte_map: [0x0000000110054000,0x000000011027e000] byte_map_base: 0x000000010c27d000

Polling page: 0x000000010bbdd000

Code Cache  [0x000000010cf94000, 0x000000010d204000, 0x000000010ff94000)
 total_blobs=395 nmethods=66 adapters=283 free_code_cache=48612Kb largest_free_block=49754432

Compilation events (10 events):
Event: 4.519 Thread 0x00007f85a2000800   62             java.nio.HeapByteBuffer::compact (52 bytes)
Event: 4.519 Thread 0x00007f85a2013000   63             java.nio.Buffer::discardMark (6 bytes)
Event: 4.519 Thread 0x00007f85a2013000 nmethod 63 0x000000010d01d090 code [0x000000010d01d1c0, 0x000000010d01d218]
Event: 4.522 Thread 0x00007f85a2000800 nmethod 62 0x000000010d01b410 code [0x000000010d01b560, 0x000000010d01b6f8]
Event: 4.525 Thread 0x00007f85a2013000   64             java.util.HashMap$HashIterator::hasNext (13 bytes)
Event: 4.526 Thread 0x00007f85a2013000 nmethod 64 0x000000010d01b210 code [0x000000010d01b340, 0x000000010d01b3b8]
Event: 4.528 Thread 0x00007f85a2000800   65             java.nio.ByteBuffer::put (55 bytes)
Event: 4.534 Thread 0x00007f85a2000800 nmethod 65 0x000000010d01acd0 code [0x000000010d01ae20, 0x000000010d01b098]
Event: 4.595 Thread 0x00007f85a2013000   66             java.lang.AbstractStringBuilder::ensureCapacityInternal (16 bytes)
Event: 4.599 Thread 0x00007f85a2013000 nmethod 66 0x000000010d01f010 code [0x000000010d01f160, 0x000000010d01f3f8]

GC Heap History (0 events):
No events

Deoptimization events (0 events):
No events

Internal exceptions (10 events):
Event: 0.803 Thread 0x00007f85a2002000 Threw 0x00000007eb0be528 at /HUDSON/workspace/7u-2-build-macosx-x86_64/jdk7u75/1940/hotspot/src/share/vm/prims/jvm.cpp:1281
Event: 0.813 Thread 0x00007f85a2002000 Threw 0x00000007eb0c4e70 at /HUDSON/workspace/7u-2-build-macosx-x86_64/jdk7u75/1940/hotspot/src/share/vm/prims/jvm.cpp:1281
Event: 0.818 Thread 0x00007f85a2002000 Threw 0x00000007eb0def00 at /HUDSON/workspace/7u-2-build-macosx-x86_64/jdk7u75/1940/hotspot/src/share/vm/prims/jvm.cpp:1281
Event: 0.842 Thread 0x00007f85a2002000 Threw 0x00000007eb121d18 at /HUDSON/workspace/7u-2-build-macosx-x86_64/jdk7u75/1940/hotspot/src/share/vm/prims/jvm.cpp:1281
Event: 0.842 Thread 0x00007f85a2002000 Threw 0x00000007eb1233c0 at /HUDSON/workspace/7u-2-build-macosx-x86_64/jdk7u75/1940/hotspot/src/share/vm/prims/jvm.cpp:1281
Event: 0.842 Thread 0x00007f85a2002000 Threw 0x00000007eb123568 at /HUDSON/workspace/7u-2-build-macosx-x86_64/jdk7u75/1940/hotspot/src/share/vm/classfile/systemDictionary.cpp:174
Event: 0.843 Thread 0x00007f85a2002000 Threw 0x00000007eb125c08 at /HUDSON/workspace/7u-2-build-macosx-x86_64/jdk7u75/1940/hotspot/src/share/vm/prims/jvm.cpp:1281
Event: 0.845 Thread 0x00007f85a2002000 Threw 0x00000007eb12a970 at /HUDSON/workspace/7u-2-build-macosx-x86_64/jdk7u75/1940/hotspot/src/share/vm/prims/jvm.cpp:1281
Event: 0.848 Thread 0x00007f85a2002000 Threw 0x00000007eb132858 at /HUDSON/workspace/7u-2-build-macosx-x86_64/jdk7u75/1940/hotspot/src/share/vm/prims/jvm.cpp:1281
Event: 4.751 Thread 0x00007f85a2002000 Threw 0x00000007eb1d8580 at /HUDSON/workspace/7u-2-build-macosx-x86_64/jdk7u75/1940/hotspot/src/share/vm/prims/jvm.cpp:1281

Events (10 events):
Event: 4.338 loading class 0x00007f85a1861220
Event: 4.338 loading class 0x00007f85a1861220 done
Event: 4.338 loading class 0x00007f85a18612f0
Event: 4.338 loading class 0x00007f85a1861360
Event: 4.338 loading class 0x00007f85a1861360 done
Event: 4.338 loading class 0x00007f85a18612f0 done
Event: 4.338 Thread 0x00007f85a2043800 Thread exited: 0x00007f85a2043800
Event: 4.651 Thread 0x00007f85a1980800 Thread added: 0x00007f85a1980800
Event: 4.751 loading class 0x00007f85a047a4e0
Event: 4.751 loading class 0x00007f85a047a4e0 done


Dynamic libraries:
0x0000000006920000 	/System/Library/Frameworks/Cocoa.framework/Versions/A/Cocoa
0x0000000006920000 	/System/Library/Frameworks/Security.framework/Versions/A/Security
0x0000000006920000 	/System/Library/Frameworks/ApplicationServices.framework/Versions/A/ApplicationServices
0x0000000006920000 	/usr/lib/libz.1.dylib
0x0000000006920000 	/usr/lib/libSystem.B.dylib
0x0000000006920000 	/usr/lib/libobjc.A.dylib
0x0000000006920000 	/System/Library/Frameworks/CoreFoundation.framework/Versions/A/CoreFoundation
0x0000000006920000 	/System/Library/Frameworks/Foundation.framework/Versions/C/Foundation
0x0000000006920000 	/System/Library/Frameworks/AppKit.framework/Versions/C/AppKit
0x0000000006920000 	/System/Library/Frameworks/CoreData.framework/Versions/A/CoreData
0x0000000006920000 	/System/Library/PrivateFrameworks/RemoteViewServices.framework/Versions/A/RemoteViewServices
0x0000000006920000 	/System/Library/PrivateFrameworks/UIFoundation.framework/Versions/A/UIFoundation
0x0000000006920000 	/System/Library/Frameworks/IOSurface.framework/Versions/A/IOSurface
0x0000000006920000 	/System/Library/Frameworks/AudioToolbox.framework/Versions/A/AudioToolbox
0x0000000006920000 	/System/Library/Frameworks/AudioUnit.framework/Versions/A/AudioUnit
0x0000000006920000 	/System/Library/PrivateFrameworks/DataDetectorsCore.framework/Versions/A/DataDetectorsCore
0x0000000006920000 	/System/Library/PrivateFrameworks/DesktopServicesPriv.framework/Versions/A/DesktopServicesPriv
0x0000000006920000 	/System/Library/Frameworks/Carbon.framework/Versions/A/Frameworks/HIToolbox.framework/Versions/A/HIToolbox
0x0000000006920000 	/System/Library/Frameworks/QuartzCore.framework/Versions/A/QuartzCore
0x0000000006920000 	/System/Library/Frameworks/Carbon.framework/Versions/A/Frameworks/SpeechRecognition.framework/Versions/A/SpeechRecognition
0x0000000006920000 	/usr/lib/libauto.dylib
0x0000000006920000 	/usr/lib/libicucore.A.dylib
0x0000000006920000 	/usr/lib/libxml2.2.dylib
0x0000000006920000 	/System/Library/PrivateFrameworks/CoreUI.framework/Versions/A/CoreUI
0x0000000006920000 	/System/Library/Frameworks/CoreAudio.framework/Versions/A/CoreAudio
0x0000000006920000 	/System/Library/Frameworks/DiskArbitration.framework/Versions/A/DiskArbitration
0x0000000006920000 	/usr/lib/liblangid.dylib
0x0000000006920000 	/System/Library/PrivateFrameworks/MultitouchSupport.framework/Versions/A/MultitouchSupport
0x0000000006920000 	/System/Library/Frameworks/IOKit.framework/Versions/A/IOKit
0x0000000006920000 	/usr/lib/libDiagnosticMessagesClient.dylib
0x0000000006920000 	/System/Library/Frameworks/CoreServices.framework/Versions/A/CoreServices
0x0000000006920000 	/System/Library/PrivateFrameworks/PerformanceAnalysis.framework/Versions/A/PerformanceAnalysis
0x0000000006920000 	/System/Library/PrivateFrameworks/GenerationalStorage.framework/Versions/A/GenerationalStorage
0x0000000006920000 	/System/Library/Frameworks/OpenGL.framework/Versions/A/OpenGL
0x0000000006920000 	/System/Library/PrivateFrameworks/Sharing.framework/Versions/A/Sharing
0x0000000006920000 	/System/Library/Frameworks/CoreGraphics.framework/Versions/A/CoreGraphics
0x0000000006920000 	/System/Library/Frameworks/CoreText.framework/Versions/A/CoreText
0x0000000006920000 	/System/Library/Frameworks/ImageIO.framework/Versions/A/ImageIO
0x0000000006920000 	/usr/lib/libextension.dylib
0x0000000006920000 	/System/Library/PrivateFrameworks/Backup.framework/Versions/A/Backup
0x0000000006920000 	/usr/lib/libarchive.2.dylib
0x0000000006920000 	/System/Library/Frameworks/CFNetwork.framework/Versions/A/CFNetwork
0x0000000006920000 	/System/Library/Frameworks/SystemConfiguration.framework/Versions/A/SystemConfiguration
0x0000000006920000 	/usr/lib/libCRFSuite.dylib
0x0000000006920000 	/usr/lib/libc++.1.dylib
0x0000000006920000 	/usr/lib/libc++abi.dylib
0x0000000006920000 	/usr/lib/system/libcache.dylib
0x0000000006920000 	/usr/lib/system/libcommonCrypto.dylib
0x0000000006920000 	/usr/lib/system/libcompiler_rt.dylib
0x0000000006920000 	/usr/lib/system/libcopyfile.dylib
0x0000000006920000 	/usr/lib/system/libcorecrypto.dylib
0x0000000006920000 	/usr/lib/system/libdispatch.dylib
0x0000000006920000 	/usr/lib/system/libdyld.dylib
0x0000000006920000 	/usr/lib/system/libkeymgr.dylib
0x0000000006920000 	/usr/lib/system/liblaunch.dylib
0x0000000006920000 	/usr/lib/system/libmacho.dylib
0x0000000006920000 	/usr/lib/system/libquarantine.dylib
0x0000000006920000 	/usr/lib/system/libremovefile.dylib
0x0000000006920000 	/usr/lib/system/libsystem_asl.dylib
0x0000000006920000 	/usr/lib/system/libsystem_blocks.dylib
0x0000000006920000 	/usr/lib/system/libsystem_c.dylib
0x0000000006920000 	/usr/lib/system/libsystem_configuration.dylib
0x0000000006920000 	/usr/lib/system/libsystem_coreservices.dylib
0x0000000006920000 	/usr/lib/system/libsystem_coretls.dylib
0x0000000006920000 	/usr/lib/system/libsystem_dnssd.dylib
0x0000000006920000 	/usr/lib/system/libsystem_info.dylib
0x0000000006920000 	/usr/lib/system/libsystem_kernel.dylib
0x0000000006920000 	/usr/lib/system/libsystem_m.dylib
0x0000000006920000 	/usr/lib/system/libsystem_malloc.dylib
0x0000000006920000 	/usr/lib/system/libsystem_network.dylib
0x0000000006920000 	/usr/lib/system/libsystem_networkextension.dylib
0x0000000006920000 	/usr/lib/system/libsystem_notify.dylib
0x0000000006920000 	/usr/lib/system/libsystem_platform.dylib
0x0000000006920000 	/usr/lib/system/libsystem_pthread.dylib
0x0000000006920000 	/usr/lib/system/libsystem_sandbox.dylib
0x0000000006920000 	/usr/lib/system/libsystem_secinit.dylib
0x0000000006920000 	/usr/lib/system/libsystem_stats.dylib
0x0000000006920000 	/usr/lib/system/libsystem_trace.dylib
0x0000000006920000 	/usr/lib/system/libunc.dylib
0x0000000006920000 	/usr/lib/system/libunwind.dylib
0x0000000006920000 	/usr/lib/system/libxpc.dylib
0x0000000006920000 	/usr/lib/libbz2.1.0.dylib
0x0000000006920000 	/usr/lib/liblzma.5.dylib
0x0000000006920000 	/usr/lib/libbsm.0.dylib
0x0000000006920000 	/usr/lib/libsqlite3.dylib
0x0000000006920000 	/usr/lib/system/libkxld.dylib
0x0000000006920000 	/usr/lib/libxar.1.dylib
0x0000000006920000 	/usr/lib/libpam.2.dylib
0x0000000006920000 	/usr/lib/libOpenScriptingUtil.dylib
0x0000000006920000 	/System/Library/Frameworks/CoreServices.framework/Versions/A/Frameworks/FSEvents.framework/Versions/A/FSEvents
0x0000000006920000 	/System/Library/Frameworks/CoreServices.framework/Versions/A/Frameworks/CarbonCore.framework/Versions/A/CarbonCore
0x0000000006920000 	/System/Library/Frameworks/CoreServices.framework/Versions/A/Frameworks/Metadata.framework/Versions/A/Metadata
0x0000000006920000 	/System/Library/Frameworks/CoreServices.framework/Versions/A/Frameworks/OSServices.framework/Versions/A/OSServices
0x0000000006920000 	/System/Library/Frameworks/CoreServices.framework/Versions/A/Frameworks/SearchKit.framework/Versions/A/SearchKit
0x0000000006920000 	/System/Library/Frameworks/CoreServices.framework/Versions/A/Frameworks/AE.framework/Versions/A/AE
0x0000000006920000 	/System/Library/Frameworks/CoreServices.framework/Versions/A/Frameworks/LaunchServices.framework/Versions/A/LaunchServices
0x0000000006920000 	/System/Library/Frameworks/CoreServices.framework/Versions/A/Frameworks/DictionaryServices.framework/Versions/A/DictionaryServices
0x0000000006920000 	/System/Library/Frameworks/NetFS.framework/Versions/A/NetFS
0x0000000006920000 	/System/Library/PrivateFrameworks/NetAuth.framework/Versions/A/NetAuth
0x0000000006920000 	/System/Library/PrivateFrameworks/login.framework/Versions/A/Frameworks/loginsupport.framework/Versions/A/loginsupport
0x0000000006920000 	/System/Library/PrivateFrameworks/TCC.framework/Versions/A/TCC
0x0000000006920000 	/usr/lib/libmecabra.dylib
0x0000000006920000 	/System/Library/Frameworks/ApplicationServices.framework/Versions/A/Frameworks/ATS.framework/Versions/A/ATS
0x0000000006920000 	/System/Library/Frameworks/ApplicationServices.framework/Versions/A/Frameworks/ColorSync.framework/Versions/A/ColorSync
0x0000000006920000 	/System/Library/Frameworks/ApplicationServices.framework/Versions/A/Frameworks/HIServices.framework/Versions/A/HIServices
0x0000000006920000 	/System/Library/Frameworks/ApplicationServices.framework/Versions/A/Frameworks/LangAnalysis.framework/Versions/A/LangAnalysis
0x0000000006920000 	/System/Library/Frameworks/ApplicationServices.framework/Versions/A/Frameworks/PrintCore.framework/Versions/A/PrintCore
0x0000000006920000 	/System/Library/Frameworks/ApplicationServices.framework/Versions/A/Frameworks/QD.framework/Versions/A/QD
0x0000000006920000 	/System/Library/Frameworks/ApplicationServices.framework/Versions/A/Frameworks/SpeechSynthesis.framework/Versions/A/SpeechSynthesis
0x0000000006920000 	/System/Library/Frameworks/Accelerate.framework/Versions/A/Accelerate
0x0000000006920000 	/System/Library/Frameworks/Accelerate.framework/Versions/A/Frameworks/vImage.framework/Versions/A/vImage
0x0000000006920000 	/System/Library/Frameworks/Accelerate.framework/Versions/A/Frameworks/vecLib.framework/Versions/A/vecLib
0x0000000006920000 	/System/Library/Frameworks/Accelerate.framework/Versions/A/Frameworks/vecLib.framework/Versions/A/libvDSP.dylib
0x0000000006920000 	/System/Library/Frameworks/Accelerate.framework/Versions/A/Frameworks/vecLib.framework/Versions/A/libvMisc.dylib
0x0000000006920000 	/System/Library/Frameworks/Accelerate.framework/Versions/A/Frameworks/vecLib.framework/Versions/A/libLAPACK.dylib
0x0000000006920000 	/System/Library/Frameworks/Accelerate.framework/Versions/A/Frameworks/vecLib.framework/Versions/A/libBLAS.dylib
0x0000000006920000 	/System/Library/Frameworks/Accelerate.framework/Versions/A/Frameworks/vecLib.framework/Versions/A/libLinearAlgebra.dylib
0x0000000006920000 	/System/Library/Frameworks/ApplicationServices.framework/Versions/A/Frameworks/ATS.framework/Versions/A/Resources/libFontParser.dylib
0x0000000006920000 	/System/Library/Frameworks/ApplicationServices.framework/Versions/A/Frameworks/ATS.framework/Versions/A/Resources/libFontRegistry.dylib
0x0000000006920000 	/System/Library/PrivateFrameworks/AppleVPA.framework/Versions/A/AppleVPA
0x0000000006920000 	/System/Library/PrivateFrameworks/AppleJPEG.framework/Versions/A/AppleJPEG
0x0000000006920000 	/System/Library/Frameworks/ImageIO.framework/Versions/A/Resources/libJPEG.dylib
0x0000000006920000 	/System/Library/Frameworks/ImageIO.framework/Versions/A/Resources/libTIFF.dylib
0x0000000006920000 	/System/Library/Frameworks/ImageIO.framework/Versions/A/Resources/libPng.dylib
0x0000000006920000 	/System/Library/Frameworks/ImageIO.framework/Versions/A/Resources/libGIF.dylib
0x0000000006920000 	/System/Library/Frameworks/ImageIO.framework/Versions/A/Resources/libJP2.dylib
0x0000000006920000 	/System/Library/Frameworks/ImageIO.framework/Versions/A/Resources/libRadiance.dylib
0x0000000006920000 	/System/Library/Frameworks/CoreVideo.framework/Versions/A/CoreVideo
0x0000000006920000 	/System/Library/Frameworks/OpenGL.framework/Versions/A/Libraries/libGLU.dylib
0x0000000006920000 	/System/Library/Frameworks/OpenGL.framework/Versions/A/Libraries/libGFXShared.dylib
0x0000000006920000 	/System/Library/Frameworks/OpenGL.framework/Versions/A/Libraries/libGL.dylib
0x0000000006920000 	/System/Library/Frameworks/OpenGL.framework/Versions/A/Libraries/libGLImage.dylib
0x0000000006920000 	/System/Library/Frameworks/OpenGL.framework/Versions/A/Libraries/libCVMSPluginSupport.dylib
0x0000000006920000 	/System/Library/Frameworks/OpenGL.framework/Versions/A/Libraries/libCoreVMClient.dylib
0x0000000006920000 	/usr/lib/libcups.2.dylib
0x0000000006920000 	/System/Library/Frameworks/Kerberos.framework/Versions/A/Kerberos
0x0000000006920000 	/System/Library/Frameworks/GSS.framework/Versions/A/GSS
0x0000000006920000 	/usr/lib/libresolv.9.dylib
0x0000000006920000 	/usr/lib/libiconv.2.dylib
0x0000000006920000 	/System/Library/PrivateFrameworks/Heimdal.framework/Versions/A/Heimdal
0x0000000006920000 	/usr/lib/libheimdal-asn1.dylib
0x0000000006920000 	/System/Library/Frameworks/OpenDirectory.framework/Versions/A/OpenDirectory
0x0000000006920000 	/System/Library/PrivateFrameworks/CommonAuth.framework/Versions/A/CommonAuth
0x0000000006920000 	/System/Library/Frameworks/OpenDirectory.framework/Versions/A/Frameworks/CFOpenDirectory.framework/Versions/A/CFOpenDirectory
0x0000000006920000 	/System/Library/Frameworks/SecurityFoundation.framework/Versions/A/SecurityFoundation
0x0000000006920000 	/System/Library/PrivateFrameworks/LanguageModeling.framework/Versions/A/LanguageModeling
0x0000000006920000 	/usr/lib/libcmph.dylib
0x0000000006920000 	/System/Library/Frameworks/ServiceManagement.framework/Versions/A/ServiceManagement
0x0000000006920000 	/usr/lib/libxslt.1.dylib
0x0000000006920000 	/System/Library/Frameworks/Carbon.framework/Versions/A/Frameworks/Ink.framework/Versions/A/Ink
0x0000000006920000 	/System/Library/Frameworks/QuartzCore.framework/Versions/A/Frameworks/CoreImage.framework/Versions/A/CoreImage
0x0000000006920000 	/System/Library/PrivateFrameworks/CrashReporterSupport.framework/Versions/A/CrashReporterSupport
0x0000000006920000 	/System/Library/Frameworks/OpenCL.framework/Versions/A/OpenCL
0x0000000006920000 	/System/Library/PrivateFrameworks/FaceCore.framework/Versions/A/FaceCore
0x0000000006920000 	/System/Library/PrivateFrameworks/Ubiquity.framework/Versions/A/Ubiquity
0x0000000006920000 	/System/Library/PrivateFrameworks/IconServices.framework/Versions/A/IconServices
0x0000000006920000 	/System/Library/PrivateFrameworks/ChunkingLibrary.framework/Versions/A/ChunkingLibrary
0x0000000006920000 	/System/Library/PrivateFrameworks/Apple80211.framework/Versions/A/Apple80211
0x0000000006920000 	/System/Library/Frameworks/CoreWLAN.framework/Versions/A/CoreWLAN
0x0000000006920000 	/System/Library/Frameworks/IOBluetooth.framework/Versions/A/IOBluetooth
0x0000000006920000 	/System/Library/PrivateFrameworks/CoreWiFi.framework/Versions/A/CoreWiFi
0x0000000006920000 	/System/Library/Frameworks/CoreBluetooth.framework/Versions/A/CoreBluetooth
0x0000000006920000 	/System/Library/PrivateFrameworks/DebugSymbols.framework/Versions/A/DebugSymbols
0x0000000006920000 	/System/Library/PrivateFrameworks/CoreSymbolication.framework/Versions/A/CoreSymbolication
0x0000000006920000 	/System/Library/PrivateFrameworks/Symbolication.framework/Versions/A/Symbolication
0x0000000006920000 	/System/Library/PrivateFrameworks/SpeechRecognitionCore.framework/Versions/A/SpeechRecognitionCore
0x000000010c400000 	/Library/Java/JavaVirtualMachines/jdk1.7.0_75.jdk/Contents/Home/jre/lib/server/libjvm.dylib
0x0000000006920000 	/usr/lib/libstdc++.6.dylib
0x000000010bbd0000 	/Library/Java/JavaVirtualMachines/jdk1.7.0_75.jdk/Contents/Home/jre/lib/libverify.dylib
0x000000010cf64000 	/Library/Java/JavaVirtualMachines/jdk1.7.0_75.jdk/Contents/Home/jre/lib/libjava.dylib
0x000000010bbe7000 	/Library/Java/JavaVirtualMachines/jdk1.7.0_75.jdk/Contents/Home/jre/lib/libzip.dylib
0x0000000114298000 	/System/Library/Frameworks/JavaVM.framework/Frameworks/JavaRuntimeSupport.framework/JavaRuntimeSupport
0x00000001142b0000 	/System/Library/Frameworks/JavaVM.framework/Versions/A/Frameworks/JavaNativeFoundation.framework/Versions/A/JavaNativeFoundation
0x000000010bbf1000 	/System/Library/Frameworks/JavaVM.framework/Versions/A/JavaVM
0x0000000006920000 	/System/Library/Frameworks/Carbon.framework/Versions/A/Carbon
0x00000001142c5000 	/System/Library/PrivateFrameworks/JavaLaunching.framework/Versions/A/JavaLaunching
0x0000000006920000 	/System/Library/Frameworks/Carbon.framework/Versions/A/Frameworks/CommonPanels.framework/Versions/A/CommonPanels
0x0000000006920000 	/System/Library/Frameworks/Carbon.framework/Versions/A/Frameworks/Help.framework/Versions/A/Help
0x0000000006920000 	/System/Library/Frameworks/Carbon.framework/Versions/A/Frameworks/ImageCapture.framework/Versions/A/ImageCapture
0x0000000006920000 	/System/Library/Frameworks/Carbon.framework/Versions/A/Frameworks/OpenScripting.framework/Versions/A/OpenScripting
0x0000000006920000 	/System/Library/Frameworks/Carbon.framework/Versions/A/Frameworks/Print.framework/Versions/A/Print
0x0000000006920000 	/System/Library/Frameworks/Carbon.framework/Versions/A/Frameworks/SecurityHI.framework/Versions/A/SecurityHI
0x000000011603f000 	/Library/Java/JavaVirtualMachines/jdk1.7.0_75.jdk/Contents/Home/jre/lib/libawt.dylib
0x00000001160ee000 	/Library/Java/JavaVirtualMachines/jdk1.7.0_75.jdk/Contents/Home/jre/lib/./libmlib_image.dylib
0x00000001161ba000 	/Library/Java/JavaVirtualMachines/jdk1.7.0_75.jdk/Contents/Home/jre/lib/lwawt/liblwawt.dylib
0x000000011626e000 	/Library/Java/JavaVirtualMachines/jdk1.7.0_75.jdk/Contents/Home/jre/lib/libosxapp.dylib
0x0000000006920000 	/System/Library/Frameworks/ExceptionHandling.framework/Versions/A/ExceptionHandling
0x0000000006920000 	/System/Library/PrivateFrameworks/CoreServicesInternal.framework/Versions/A/CoreServicesInternal
0x0000000006920000 	/System/Library/PrivateFrameworks/CloudDocs.framework/Versions/A/CloudDocs
0x0000000006920000 	/System/Library/PrivateFrameworks/CoreDuet.framework/Versions/A/CoreDuet
0x0000000006920000 	/System/Library/Frameworks/CloudKit.framework/Versions/A/CloudKit
0x0000000006920000 	/System/Library/PrivateFrameworks/ProtocolBuffer.framework/Versions/A/ProtocolBuffer
0x0000000006920000 	/System/Library/PrivateFrameworks/CoreDuetDaemonProtocol.framework/Versions/A/CoreDuetDaemonProtocol
0x0000000006920000 	/System/Library/PrivateFrameworks/CoreDuetDebugLogging.framework/Versions/A/CoreDuetDebugLogging
0x0000000006920000 	/System/Library/Frameworks/CoreLocation.framework/Versions/A/CoreLocation
0x0000000006920000 	/System/Library/Frameworks/Accounts.framework/Versions/A/Accounts
0x0000000006920000 	/System/Library/PrivateFrameworks/ApplePushService.framework/Versions/A/ApplePushService
0x0000000006920000 	/System/Library/PrivateFrameworks/GeoServices.framework/Versions/A/GeoServices
0x0000000006920000 	/System/Library/PrivateFrameworks/OAuth.framework/Versions/A/OAuth
0x0000000006920000 	/System/Library/PrivateFrameworks/CoreDaemon.framework/Versions/B/CoreDaemon
0x0000000006920000 	/usr/lib/libcrypto.0.9.8.dylib
0x0000000006920000 	/System/Library/PrivateFrameworks/AppleSRP.framework/Versions/A/AppleSRP
0x0000000006920000 	/System/Library/PrivateFrameworks/TrustEvaluationAgent.framework/Versions/A/TrustEvaluationAgent
0x0000000006920000 	/System/Library/Frameworks/CoreGraphics.framework/Versions/A/Resources/libCGCMS.A.dylib
0x0000000006920000 	/System/Library/Frameworks/CoreGraphics.framework/Versions/A/Resources/libRIP.A.dylib
0x0000000006920000 	/System/Library/Frameworks/CoreGraphics.framework/Versions/A/Resources/libCGXType.A.dylib
0x0000000006920000 	/System/Library/Frameworks/OpenCL.framework/Versions/A/Libraries/libcldcpuengine.dylib
0x0000000006920000 	/System/Library/PrivateFrameworks/DiskImages.framework/Versions/A/DiskImages
0x0000000006920000 	/System/Library/Frameworks/DiscRecording.framework/Versions/A/DiscRecording
0x0000000006920000 	/usr/lib/libcsfde.dylib
0x0000000006920000 	/usr/lib/libcurl.4.dylib
0x0000000006920000 	/System/Library/PrivateFrameworks/MediaKit.framework/Versions/A/MediaKit
0x0000000006920000 	/System/Library/PrivateFrameworks/ProtectedCloudStorage.framework/Versions/A/ProtectedCloudStorage
0x0000000006920000 	/usr/lib/libCoreStorage.dylib
0x0000000006920000 	/System/Library/PrivateFrameworks/EFILogin.framework/Versions/A/EFILogin
0x0000000006920000 	/usr/lib/libutil.dylib
0x0000000006920000 	/System/Library/PrivateFrameworks/FindMyDevice.framework/Versions/A/FindMyDevice
0x0000000006920000 	/System/Library/Frameworks/LDAP.framework/Versions/A/LDAP
0x0000000006920000 	/usr/lib/libsasl2.2.dylib
0x0000000118f63000 	cl_kernels
0x0000000118f65000 	/System/Library/Frameworks/OpenCL.framework/Versions/A/Libraries/ImageFormats/unorm8_bgra.dylib
0x0000000118f54000 	cl_kernels
0x0000000006920000 	/System/Library/PrivateFrameworks/FamilyControls.framework/Versions/A/FamilyControls
0x0000000006920000 	/System/Library/PrivateFrameworks/CommerceKit.framework/Versions/A/Frameworks/CommerceCore.framework/Versions/A/CommerceCore
0x0000000006920000 	/System/Library/PrivateFrameworks/SystemAdministration.framework/Versions/A/SystemAdministration
0x0000000006920000 	/System/Library/PrivateFrameworks/AppContainer.framework/Versions/A/AppContainer
0x0000000006920000 	/System/Library/PrivateFrameworks/SecCodeWrapper.framework/Versions/A/SecCodeWrapper
0x0000000006920000 	/System/Library/Frameworks/DirectoryService.framework/Versions/A/DirectoryService
0x0000000006920000 	/System/Library/PrivateFrameworks/LoginUIKit.framework/Versions/A/Frameworks/LoginUICore.framework/Versions/A/LoginUICore
0x0000000006920000 	/usr/lib/libodfde.dylib
0x000000011a12b000 	/Library/Java/JavaVirtualMachines/jdk1.7.0_75.jdk/Contents/Home/jre/lib/libfontmanager.dylib
0x000000011a192000 	/Users/nhiquach/MPCLab/Cannon Game/lib/native/macosx/liblwjgl.dylib
0x0000000118496000 	/Library/Java/JavaVirtualMachines/jdk1.7.0_75.jdk/Contents/Home/jre/lib/libjawt.dylib
0x0000000118499000 	/Library/Java/JavaVirtualMachines/jdk1.7.0_75.jdk/Contents/Home/jre/lib/libnio.dylib
0x00000001184a8000 	/Library/Java/JavaVirtualMachines/jdk1.7.0_75.jdk/Contents/Home/jre/lib/./libnet.dylib
0x0000000006920000 	/System/Library/Frameworks/OpenGL.framework/Versions/A/Resources/GLEngine.bundle/GLEngine
0x0000000006920000 	/System/Library/Frameworks/OpenGL.framework/Versions/A/Libraries/libGLProgrammability.dylib
0x0000000000000000 	/System/Library/Extensions/AppleIntelHD4000GraphicsGLDriver.bundle/Contents/MacOS/AppleIntelHD4000GraphicsGLDriver
0x0000000006920000 	/System/Library/PrivateFrameworks/IOAccelerator.framework/Versions/A/IOAccelerator
0x0000000006920000 	/System/Library/PrivateFrameworks/GPUSupport.framework/Versions/A/Libraries/libGPUSupportMercury.dylib
0x0000000006920000 	/System/Library/Frameworks/OpenGL.framework/Versions/A/Resources/GLRendererFloat.bundle/GLRendererFloat

VM Arguments:
jvm_args: -Djava.library.path=/Users/nhiquach/MPCLab/Cannon Game/lib/native/macosx -Dfile.encoding=UTF-8 
java_command: com.mpc.game.Game
Launcher Type: SUN_STANDARD

Environment Variables:
PATH=/usr/bin:/bin:/usr/sbin:/sbin
SHELL=/bin/bash
DISPLAY=/private/tmp/com.apple.launchd.vuMfUUqjMu/org.macosforge.xquartz:0

Signal Handlers:
SIGSEGV: [libjvm.dylib+0x52d20d], sa_mask[0]=0xfffefeff, sa_flags=0x00000043
SIGBUS: [libjvm.dylib+0x52d20d], sa_mask[0]=0xfffefeff, sa_flags=0x00000042
SIGFPE: [libjvm.dylib+0x41ee7a], sa_mask[0]=0xfffefeff, sa_flags=0x00000042
SIGPIPE: [libjvm.dylib+0x41ee7a], sa_mask[0]=0xfffefeff, sa_flags=0x00000042
SIGXFSZ: [libjvm.dylib+0x41ee7a], sa_mask[0]=0xfffefeff, sa_flags=0x00000042
SIGILL: [libjvm.dylib+0x41ee7a], sa_mask[0]=0xfffefeff, sa_flags=0x00000042
SIGUSR1: SIG_DFL, sa_mask[0]=0x00000000, sa_flags=0x00000000
SIGUSR2: [libjvm.dylib+0x41e96c], sa_mask[0]=0x00000004, sa_flags=0x00000042
SIGHUP: [libjvm.dylib+0x41cbfd], sa_mask[0]=0xfffefeff, sa_flags=0x00000042
SIGINT: [libjvm.dylib+0x41cbfd], sa_mask[0]=0xfffefeff, sa_flags=0x00000042
SIGTERM: [libjvm.dylib+0x41cbfd], sa_mask[0]=0xfffefeff, sa_flags=0x00000042
SIGQUIT: [libjvm.dylib+0x41cbfd], sa_mask[0]=0xfffefeff, sa_flags=0x00000042


---------------  S Y S T E M  ---------------

OS:Bsduname:Darwin 14.1.0 Darwin Kernel Version 14.1.0: Mon Dec 22 23:10:38 PST 2014; root:xnu-2782.10.72~2/RELEASE_X86_64 x86_64
rlimit: STACK 8192k, CORE 0k, NPROC 709, NOFILE 10240, AS infinity
load average:1.43 1.39 1.36

CPU:total 4 (2 cores per cpu, 2 threads per core) family 6 model 58 stepping 9, cmov, cx8, fxsr, mmx, sse, sse2, sse3, ssse3, sse4.1, sse4.2, popcnt, avx, aes, erms, ht, tsc, tscinvbit, tscinv

Memory: 4k page, physical 4194304k(1048576k free)

/proc/meminfo:


vm_info: Java HotSpot(TM) 64-Bit Server VM (24.75-b04) for bsd-amd64 JRE (1.7.0_75-b13), built on Dec 18 2014 21:48:12 by "java_re" with gcc 4.2.1 (Based on Apple Inc. build 5658) (LLVM build 2336.11.00)

time: Thu Mar 12 15:27:11 2015
elapsed time: 4 seconds

