#
# A fatal error has been detected by the Java Runtime Environment:
#
#  SIGILL (0x4) at pc=0x00007fff89c6e1da, pid=6438, tid=1811
#
# JRE version: Java(TM) SE Runtime Environment (8.0_25-b17) (build 1.8.0_25-b17)
# Java VM: Java HotSpot(TM) 64-Bit Server VM (25.25-b02 mixed mode bsd-amd64 compressed oops)
# Problematic frame:
# C  [libobjc.A.dylib+0x111da]  _ZL10_objc_trapv+0x0
#
# Failed to write core dump. Core dumps have been disabled. To enable core dumping, try "ulimit -c unlimited" before starting Java again
#
# If you would like to submit a bug report, please visit:
#   http://bugreport.sun.com/bugreport/crash.jsp
# The crash happened outside the Java Virtual Machine in native code.
# See problematic frame for where to report the bug.
#

---------------  T H R E A D  ---------------

Current thread (0x00007fd05908d000):  JavaThread "AppKit Thread" daemon [_thread_in_native, id=1811, stack(0x00007fff5797e000,0x00007fff5817e000)]

siginfo: si_signo: 4 (SIGILL), si_code: 1 (ILL_ILLOPC), si_addr: 0x00007fff89c6e1da

Registers:
RAX=0x0000000000000000, RBX=0x00007fd058671c30, RCX=0x0000000000000000, RDX=0x00007fff79a201e0
RSP=0x00007fff58178898, RBP=0x00007fff58178980, RSI=0x0000010000000100, RDI=0x0000000000000103
R8 =0x00007fff58178840, R9 =0x00000000e0000000, R10=0x0000000000000000, R11=0xffffffffffe98c20
R12=0x00007fff7be31070, R13=0x00007fff79a29e80, R14=0x00007fff79a2a528, R15=0x00007fd0585a39e8
RIP=0x00007fff89c6e1da, EFLAGS=0x0000000000010202, ERR=0x0000000000000000
  TRAPNO=0x0000000000000006

Top of Stack: (sp=0x00007fff58178898)
0x00007fff58178898:   00007fff89c6e31a 0000000000000000
0x00007fff581788a8:   00007fd058671c30 00007fff92a2d439
0x00007fff581788b8:   00007fff92a2d439 000000000000005f
0x00007fff581788c8:   00007fd058671c30 00007fff58178900
0x00007fff581788d8:   00007fff89c7d015 00007fff58178940
0x00007fff581788e8:   00007fff89c7191f 00007fff79a2a510
0x00007fff581788f8:   00007fff7be31070 00007fff58178960
0x00007fff58178908:   00007fd0585a39e8 00007fff58178940
0x00007fff58178918:   00007fff92a2d439 00007fff92a2d439
0x00007fff58178928:   0000000000000000 00007fff7b0229e0
0x00007fff58178938:   00007fd0585a39e8 00007fff58178980
0x00007fff58178948:   00007fff89c7285f 00007fd05874a8f0
0x00007fff58178958:   00007fd058749d60 0000003000000018
0x00007fff58178968:   00007fff58178990 00007fff581788a0
0x00007fff58178978:   00007fd0585a39e8 00007fff581789f0
0x00007fff58178988:   00007fff89c66277 0000000000000000
0x00007fff58178998:   00007fd0584590c0 00007fff79a29e80
0x00007fff581789a8:   00007fd0585a3968 00007fff58178a10
0x00007fff581789b8:   00007fff89c66111 a30048900d5ef562
0x00007fff581789c8:   00007fff79a29e80 0000000000000000
0x00007fff581789d8:   00007fff79a29e80 00007fd0585a39e8
0x00007fff581789e8:   00007fff79a2a500 00007fff58178a50
0x00007fff581789f8:   00007fff89c660b7 0000000000000001
0x00007fff58178a08:   00007fd058671c30 0000000000000680
0x00007fff58178a18:   00007fd0585a39e8 0000000000000001
0x00007fff58178a28:   00007fd05865e820 0000000000000000
0x00007fff58178a38:   00007fd05858ce70 00007fd0585a3830
0x00007fff58178a48:   00007fd058671c30 00007fff58178a90
0x00007fff58178a58:   00007fff943e252c 00007fd05865e820
0x00007fff58178a68:   0000000000000000 00007fd058671c30
0x00007fff58178a78:   00007fff89c5e0c0 00007fd05865e820
0x00007fff58178a88:   00007fff7b039a78 00007fff58178ac0 

Instructions: (pc=0x00007fff89c6e1da)
0x00007fff89c6e1ba:   c0 44 89 f2 e8 0d f7 00 00 48 8b 7d e0 e8 30 cc
0x00007fff89c6e1ca:   ff ff 48 8b 7d e0 e8 03 23 ff ff e8 00 00 00 00
0x00007fff89c6e1da:   0f 0b 55 48 89 e5 48 81 ec d0 00 00 00 84 c0 74
0x00007fff89c6e1ea:   26 0f 29 85 60 ff ff ff 0f 29 8d 70 ff ff ff 0f 

Register to memory mapping:

RAX=0x0000000000000000 is an unknown value
RBX=0x00007fd058671c30 is an unknown value
RCX=0x0000000000000000 is an unknown value
RDX=0x00007fff79a201e0: _ZZL14_objc_crashlogPKcE13crashlog_lock+0x20 in /usr/lib/libobjc.A.dylib at 0x00007fff89c5d000
RSP=0x00007fff58178898 is pointing into the stack for thread: 0x00007fd05908d000
RBP=0x00007fff58178980 is pointing into the stack for thread: 0x00007fd05908d000
RSI=0x0000010000000100 is an unknown value
RDI=0x0000000000000103 is an unknown value
R8 =0x00007fff58178840 is pointing into the stack for thread: 0x00007fd05908d000
R9 =0x00000000e0000000 is an unknown value
R10=0x0000000000000000 is an unknown value
R11=0xffffffffffe98c20 is an unknown value
R12=0x00007fff7be31070: __stack_chk_guard+0 in /usr/lib/system/libsystem_c.dylib at 0x00007fff991df000
R13=0x00007fff79a29e80: _ZN12_GLOBAL__N_19SideTable9table_bufE+0 in /usr/lib/libobjc.A.dylib at 0x00007fff89c5d000
R14=0x00007fff79a2a528: _ZN12_GLOBAL__N_19SideTable9table_bufE+0x6a8 in /usr/lib/libobjc.A.dylib at 0x00007fff89c5d000
R15=0x00007fd0585a39e8 is an unknown value


Stack: [0x00007fff5797e000,0x00007fff5817e000],  sp=0x00007fff58178898,  free space=8170k
Native frames: (J=compiled Java code, j=interpreted, Vv=VM code, C=native code)
C  [libobjc.A.dylib+0x111da]  _ZL10_objc_trapv+0x0
C  [libobjc.A.dylib+0x9277]  class_getMethodImplementation+0x0
C  [libobjc.A.dylib+0x90b7]  objc_storeWeak+0xe9
C  [Foundation+0x1a52c]  -[NSConcreteMapTable setObject:forKey:]+0x6e
C  [AppKit+0x57b6be]  -[NSView(NSOpenGLContextAssociation) _setOpenGLContext:]+0xf2
C  [AppKit+0x2c6683]  -[NSOpenGLContext setView:]+0x5b
C  [liblwjgl.dylib+0xa586]  -[MacOSXOpenGLView lockFocus]+0x76
C  [AppKit+0x14e775]  -[NSView _recursiveDisplayRectIfNeededIgnoringOpacity:isVisibleRect:rectIsVisibleRectForView:topView:]+0x740
C  [AppKit+0x14f7d0]  -[NSView _recursiveDisplayRectIfNeededIgnoringOpacity:isVisibleRect:rectIsVisibleRectForView:topView:]+0x179b
C  [AppKit+0x14db23]  -[NSThemeFrame _recursiveDisplayRectIfNeededIgnoringOpacity:isVisibleRect:rectIsVisibleRectForView:topView:]+0x14d
C  [AppKit+0x14a67b]  -[NSView _displayRectIgnoringOpacity:isVisibleRect:rectIsVisibleRectForView:]+0xac9
C  [AppKit+0x12907a]  -[NSView displayIfNeeded]+0x754
C  [AppKit+0x146575]  -[NSWindow displayIfNeeded]+0xe8
C  [AppKit+0x183772]  _handleWindowNeedsDisplayOrLayoutOrUpdateConstraints+0x3a8
C  [AppKit+0x748cf1]  __83-[NSWindow _postWindowNeedsDisplayOrLayoutOrUpdateConstraintsUnlessPostingDisabled]_block_invoke1523+0x2e
C  [CoreFoundation+0x7fd87]  __CFRUNLOOP_IS_CALLING_OUT_TO_AN_OBSERVER_CALLBACK_FUNCTION__+0x17
C  [CoreFoundation+0x7fce0]  __CFRunLoopDoObservers+0x170
C  [CoreFoundation+0x71de8]  __CFRunLoopRun+0x368
C  [CoreFoundation+0x71838]  CFRunLoopRunSpecific+0x128
C  [HIToolbox+0x2e43f]  RunCurrentEventLoopInMode+0xeb
C  [HIToolbox+0x2e0be]  ReceiveNextEventCommon+0xb3
C  [HIToolbox+0x2dffb]  _BlockUntilNextEventMatchingListInModeWithFilter+0x47
C  [AppKit+0x246d1]  _DPSNextEvent+0x3c4
C  [AppKit+0x23e80]  -[NSApplication nextEventMatchingMask:untilDate:inMode:dequeue:]+0xc2
C  [libosxapp.dylib+0x242a]  -[NSApplicationAWT nextEventMatchingMask:untilDate:inMode:dequeue:]+0x7c
C  [AppKit+0x17e23]  -[NSApplication run]+0x252
C  [libosxapp.dylib+0x223e]  +[NSApplicationAWT runAWTLoopWithApp:]+0x9c
C  [libawt_lwawt.dylib+0x4494f]  -[AWTStarter starter:]+0x389
C  [Foundation+0x65f4c]  __NSThreadPerformPerform+0x125
C  [CoreFoundation+0x80661]  __CFRUNLOOP_IS_CALLING_OUT_TO_A_SOURCE0_PERFORM_FUNCTION__+0x11
C  [CoreFoundation+0x727ed]  __CFRunLoopDoSources0+0x10d
C  [CoreFoundation+0x71e1f]  __CFRunLoopRun+0x39f
C  [CoreFoundation+0x71838]  CFRunLoopRunSpecific+0x128
C  [java+0x56cc]  CreateExecutionEnvironment+0x367
C  [java+0x165c]  JLI_Launch+0x7a0
C  [java+0x768a]  main+0x65
C  [java+0xeb4]  start+0x34
C  0x0000000000000006


---------------  P R O C E S S  ---------------

Java Threads: ( => current thread )
  0x00007fd05a0ab000 JavaThread "AWT-Shutdown" [_thread_blocked, id=25375, stack(0x0000000126e3e000,0x0000000126f3e000)]
  0x00007fd0589e1000 JavaThread "Java2D Queue Flusher" daemon [_thread_blocked, id=51207, stack(0x0000000125f9a000,0x000000012609a000)]
  0x00007fd0592ad000 JavaThread "Java2D Disposer" daemon [_thread_blocked, id=48823, stack(0x0000000125e97000,0x0000000125f97000)]
=>0x00007fd05908d000 JavaThread "AppKit Thread" daemon [_thread_in_native, id=1811, stack(0x00007fff5797e000,0x00007fff5817e000)]
  0x00007fd059804000 JavaThread "Service Thread" daemon [_thread_blocked, id=18179, stack(0x00000001210d6000,0x00000001211d6000)]
  0x00007fd059039000 JavaThread "C1 CompilerThread2" daemon [_thread_blocked, id=17667, stack(0x0000000120fd3000,0x00000001210d3000)]
  0x00007fd059021000 JavaThread "C2 CompilerThread1" daemon [_thread_blocked, id=17155, stack(0x0000000120ed0000,0x0000000120fd0000)]
  0x00007fd05901f800 JavaThread "C2 CompilerThread0" daemon [_thread_blocked, id=16643, stack(0x0000000120dcd000,0x0000000120ecd000)]
  0x00007fd05901f000 JavaThread "Signal Dispatcher" daemon [_thread_blocked, id=13331, stack(0x0000000120cca000,0x0000000120dca000)]
  0x00007fd059038000 JavaThread "Finalizer" daemon [_thread_blocked, id=11523, stack(0x000000011f383000,0x000000011f483000)]
  0x00007fd05900e800 JavaThread "Reference Handler" daemon [_thread_blocked, id=11011, stack(0x000000011f280000,0x000000011f380000)]
  0x00007fd059004000 JavaThread "main" [_thread_in_native, id=4867, stack(0x0000000108ab4000,0x0000000108bb4000)]

Other Threads:
  0x00007fd05a02b800 VMThread [stack: 0x000000011f17d000,0x000000011f27d000] [id=10499]
  0x00007fd05980a000 WatcherThread [stack: 0x00000001211d9000,0x00000001212d9000] [id=18691]

VM state:not at safepoint (normal execution)

VM Mutex/Monitor currently owned by a thread: None

Heap:
 PSYoungGen      total 38400K, used 27981K [0x0000000795580000, 0x0000000798400000, 0x00000007c0000000)
  eden space 30208K, 90% used [0x0000000795580000,0x00000007970535e0,0x0000000797300000)
  from space 8192K, 6% used [0x0000000797c00000,0x0000000797c80000,0x0000000798400000)
  to   space 8704K, 0% used [0x0000000797300000,0x0000000797300000,0x0000000797b80000)
 ParOldGen       total 87552K, used 6563K [0x0000000740000000, 0x0000000745580000, 0x0000000795580000)
  object space 87552K, 7% used [0x0000000740000000,0x0000000740668ca8,0x0000000745580000)
 Metaspace       used 9148K, capacity 9295K, committed 9472K, reserved 1058816K
  class space    used 951K, capacity 986K, committed 1024K, reserved 1048576K

Card table byte_map: [0x00000001187d1000,0x0000000118bd2000] byte_map_base: 0x0000000114dd1000

Marking Bits: (ParMarkBitMap*) 0x000000010841d390
 Begin Bits: [0x0000000119289000, 0x000000011b289000)
 End Bits:   [0x000000011b289000, 0x000000011d289000)

Polling page: 0x0000000108bf8000

CodeCache: size=245760Kb used=4298Kb max_used=4305Kb free=241461Kb
 bounds [0x0000000109411000, 0x0000000109851000, 0x0000000118411000]
 total_blobs=1532 nmethods=1029 adapters=418
 compilation: enabled

Compilation events (10 events):
Event: 31.217 Thread 0x00007fd059039000 1031       3       java.nio.HeapByteBuffer::get (14 bytes)
Event: 31.217 Thread 0x00007fd059039000 nmethod 1031 0x00000001098407d0 code [0x0000000109840960, 0x0000000109840d08]
Event: 31.350 Thread 0x00007fd059039000 1032       3       java.nio.Buffer::clear (20 bytes)
Event: 31.350 Thread 0x00007fd059039000 nmethod 1032 0x0000000109840490 code [0x00000001098405e0, 0x0000000109840750]
Event: 31.643 Thread 0x00007fd059039000 1033       3       org.newdawn.slick.state.StateBasedGame::transitioning (20 bytes)
Event: 31.643 Thread 0x00007fd059039000 nmethod 1033 0x0000000109847890 code [0x0000000109847a00, 0x0000000109847bf0]
Event: 31.790 Thread 0x00007fd059039000 1034       3       org.newdawn.slick.AngelCodeFont$CharDef::draw (32 bytes)
Event: 31.790 Thread 0x00007fd059039000 nmethod 1034 0x0000000109847c90 code [0x0000000109847e00, 0x0000000109847fe8]
Event: 34.367 Thread 0x00007fd059039000 1035   !   3       org.lwjgl.input.Mouse::getEventButton (17 bytes)
Event: 34.367 Thread 0x00007fd059039000 nmethod 1035 0x00000001098480d0 code [0x0000000109848240, 0x00000001098484b0]

GC Heap History (10 events):
Event: 19.428 GC heap before
{Heap before GC invocations=6 (full 0):
 PSYoungGen      total 37888K, used 34914K [0x0000000795580000, 0x0000000798880000, 0x00000007c0000000)
  eden space 32768K, 100% used [0x0000000795580000,0x0000000797580000,0x0000000797580000)
  from space 5120K, 41% used [0x0000000797600000,0x0000000797818900,0x0000000797b00000)
  to   space 9728K, 0% used [0x0000000797f00000,0x0000000797f00000,0x0000000798880000)
 ParOldGen       total 87552K, used 4892K [0x0000000740000000, 0x0000000745580000, 0x0000000795580000)
  object space 87552K, 5% used [0x0000000740000000,0x00000007404c7250,0x0000000745580000)
 Metaspace       used 9137K, capacity 9231K, committed 9472K, reserved 1058816K
  class space    used 951K, capacity 986K, committed 1024K, reserved 1048576K
Event: 19.433 GC heap after
Heap after GC invocations=6 (full 0):
 PSYoungGen      total 40448K, used 2114K [0x0000000795580000, 0x0000000798700000, 0x00000007c0000000)
  eden space 32256K, 0% used [0x0000000795580000,0x0000000795580000,0x0000000797500000)
  from space 8192K, 25% used [0x0000000797f00000,0x0000000798110900,0x0000000798700000)
  to   space 9216K, 0% used [0x0000000797500000,0x0000000797500000,0x0000000797e00000)
 ParOldGen       total 87552K, used 4900K [0x0000000740000000, 0x0000000745580000, 0x0000000795580000)
  object space 87552K, 5% used [0x0000000740000000,0x00000007404c9250,0x0000000745580000)
 Metaspace       used 9137K, capacity 9231K, committed 9472K, reserved 1058816K
  class space    used 951K, capacity 986K, committed 1024K, reserved 1048576K
}
Event: 22.860 GC heap before
{Heap before GC invocations=7 (full 0):
 PSYoungGen      total 40448K, used 34370K [0x0000000795580000, 0x0000000798700000, 0x00000007c0000000)
  eden space 32256K, 100% used [0x0000000795580000,0x0000000797500000,0x0000000797500000)
  from space 8192K, 25% used [0x0000000797f00000,0x0000000798110900,0x0000000798700000)
  to   space 9216K, 0% used [0x0000000797500000,0x0000000797500000,0x0000000797e00000)
 ParOldGen       total 87552K, used 4900K [0x0000000740000000, 0x0000000745580000, 0x0000000795580000)
  object space 87552K, 5% used [0x0000000740000000,0x00000007404c9250,0x0000000745580000)
 Metaspace       used 9137K, capacity 9231K, committed 9472K, reserved 1058816K
  class space    used 951K, capacity 986K, committed 1024K, reserved 1048576K
Event: 22.864 GC heap after
Heap after GC invocations=7 (full 0):
 PSYoungGen      total 32768K, used 544K [0x0000000795580000, 0x0000000798680000, 0x00000007c0000000)
  eden space 31744K, 0% used [0x0000000795580000,0x0000000795580000,0x0000000797480000)
  from space 1024K, 53% used [0x0000000797500000,0x0000000797588000,0x0000000797600000)
  to   space 9216K, 0% used [0x0000000797d80000,0x0000000797d80000,0x0000000798680000)
 ParOldGen       total 87552K, used 6515K [0x0000000740000000, 0x0000000745580000, 0x0000000795580000)
  object space 87552K, 7% used [0x0000000740000000,0x000000074065cca8,0x0000000745580000)
 Metaspace       used 9137K, capacity 9231K, committed 9472K, reserved 1058816K
  class space    used 951K, capacity 986K, committed 1024K, reserved 1048576K
}
Event: 26.206 GC heap before
{Heap before GC invocations=8 (full 0):
 PSYoungGen      total 32768K, used 32288K [0x0000000795580000, 0x0000000798680000, 0x00000007c0000000)
  eden space 31744K, 100% used [0x0000000795580000,0x0000000797480000,0x0000000797480000)
  from space 1024K, 53% used [0x0000000797500000,0x0000000797588000,0x0000000797600000)
  to   space 9216K, 0% used [0x0000000797d80000,0x0000000797d80000,0x0000000798680000)
 ParOldGen       total 87552K, used 6515K [0x0000000740000000, 0x0000000745580000, 0x0000000795580000)
  object space 87552K, 7% used [0x0000000740000000,0x000000074065cca8,0x0000000745580000)
 Metaspace       used 9137K, capacity 9231K, committed 9472K, reserved 1058816K
  class space    used 951K, capacity 986K, committed 1024K, reserved 1048576K
Event: 26.208 GC heap after
Heap after GC invocations=8 (full 0):
 PSYoungGen      total 39936K, used 544K [0x0000000795580000, 0x0000000798600000, 0x00000007c0000000)
  eden space 31232K, 0% used [0x0000000795580000,0x0000000795580000,0x0000000797400000)
  from space 8704K, 6% used [0x0000000797d80000,0x0000000797e08000,0x0000000798600000)
  to   space 9216K, 0% used [0x0000000797400000,0x0000000797400000,0x0000000797d00000)
 ParOldGen       total 87552K, used 6531K [0x0000000740000000, 0x0000000745580000, 0x0000000795580000)
  object space 87552K, 7% used [0x0000000740000000,0x0000000740660ca8,0x0000000745580000)
 Metaspace       used 9137K, capacity 9231K, committed 9472K, reserved 1058816K
  class space    used 951K, capacity 986K, committed 1024K, reserved 1048576K
}
Event: 29.438 GC heap before
{Heap before GC invocations=9 (full 0):
 PSYoungGen      total 39936K, used 31776K [0x0000000795580000, 0x0000000798600000, 0x00000007c0000000)
  eden space 31232K, 100% used [0x0000000795580000,0x0000000797400000,0x0000000797400000)
  from space 8704K, 6% used [0x0000000797d80000,0x0000000797e08000,0x0000000798600000)
  to   space 9216K, 0% used [0x0000000797400000,0x0000000797400000,0x0000000797d00000)
 ParOldGen       total 87552K, used 6531K [0x0000000740000000, 0x0000000745580000, 0x0000000795580000)
  object space 87552K, 7% used [0x0000000740000000,0x0000000740660ca8,0x0000000745580000)
 Metaspace       used 9143K, capacity 9295K, committed 9472K, reserved 1058816K
  class space    used 951K, capacity 986K, committed 1024K, reserved 1048576K
Event: 29.439 GC heap after
Heap after GC invocations=9 (full 0):
 PSYoungGen      total 31744K, used 544K [0x0000000795580000, 0x0000000798480000, 0x00000007c0000000)
  eden space 30720K, 0% used [0x0000000795580000,0x0000000795580000,0x0000000797380000)
  from space 1024K, 53% used [0x0000000797400000,0x0000000797488000,0x0000000797500000)
  to   space 8704K, 0% used [0x0000000797c00000,0x0000000797c00000,0x0000000798480000)
 ParOldGen       total 87552K, used 6555K [0x0000000740000000, 0x0000000745580000, 0x0000000795580000)
  object space 87552K, 7% used [0x0000000740000000,0x0000000740666ca8,0x0000000745580000)
 Metaspace       used 9143K, capacity 9295K, committed 9472K, reserved 1058816K
  class space    used 951K, capacity 986K, committed 1024K, reserved 1048576K
}
Event: 32.692 GC heap before
{Heap before GC invocations=10 (full 0):
 PSYoungGen      total 31744K, used 31264K [0x0000000795580000, 0x0000000798480000, 0x00000007c0000000)
  eden space 30720K, 100% used [0x0000000795580000,0x0000000797380000,0x0000000797380000)
  from space 1024K, 53% used [0x0000000797400000,0x0000000797488000,0x0000000797500000)
  to   space 8704K, 0% used [0x0000000797c00000,0x0000000797c00000,0x0000000798480000)
 ParOldGen       total 87552K, used 6555K [0x0000000740000000, 0x0000000745580000, 0x0000000795580000)
  object space 87552K, 7% used [0x0000000740000000,0x0000000740666ca8,0x0000000745580000)
 Metaspace       used 9147K, capacity 9295K, committed 9472K, reserved 1058816K
  class space    used 951K, capacity 986K, committed 1024K, reserved 1048576K
Event: 32.694 GC heap after
Heap after GC invocations=10 (full 0):
 PSYoungGen      total 38400K, used 512K [0x0000000795580000, 0x0000000798400000, 0x00000007c0000000)
  eden space 30208K, 0% used [0x0000000795580000,0x0000000795580000,0x0000000797300000)
  from space 8192K, 6% used [0x0000000797c00000,0x0000000797c80000,0x0000000798400000)
  to   space 8704K, 0% used [0x0000000797300000,0x0000000797300000,0x0000000797b80000)
 ParOldGen       total 87552K, used 6563K [0x0000000740000000, 0x0000000745580000, 0x0000000795580000)
  object space 87552K, 7% used [0x0000000740000000,0x0000000740668ca8,0x0000000745580000)
 Metaspace       used 9147K, capacity 9295K, committed 9472K, reserved 1058816K
  class space    used 951K, capacity 986K, committed 1024K, reserved 1048576K
}

Deoptimization events (0 events):
No events

Internal exceptions (10 events):
Event: 0.654 Thread 0x00007fd059004000 Exception <a 'java/security/PrivilegedActionException'> (0x0000000795e155a8) thrown at [/HUDSON3/workspace/8-2-build-macosx-x86_64/jdk8u25/1514/hotspot/src/share/vm/prims/jvm.cpp, line 1312]
Event: 0.656 Thread 0x00007fd059004000 Exception <a 'java/security/PrivilegedActionException'> (0x0000000795e23b38) thrown at [/HUDSON3/workspace/8-2-build-macosx-x86_64/jdk8u25/1514/hotspot/src/share/vm/prims/jvm.cpp, line 1312]
Event: 0.664 Thread 0x00007fd059004000 Exception <a 'java/security/PrivilegedActionException'> (0x0000000795e2a678) thrown at [/HUDSON3/workspace/8-2-build-macosx-x86_64/jdk8u25/1514/hotspot/src/share/vm/prims/jvm.cpp, line 1312]
Event: 0.666 Thread 0x00007fd059004000 Exception <a 'java/security/PrivilegedActionException'> (0x0000000795e45168) thrown at [/HUDSON3/workspace/8-2-build-macosx-x86_64/jdk8u25/1514/hotspot/src/share/vm/prims/jvm.cpp, line 1312]
Event: 0.672 Thread 0x00007fd059004000 Exception <a 'java/security/PrivilegedActionException'> (0x0000000795e88128) thrown at [/HUDSON3/workspace/8-2-build-macosx-x86_64/jdk8u25/1514/hotspot/src/share/vm/prims/jvm.cpp, line 1312]
Event: 0.673 Thread 0x00007fd059004000 Exception <a 'java/security/PrivilegedActionException'> (0x0000000795e89900) thrown at [/HUDSON3/workspace/8-2-build-macosx-x86_64/jdk8u25/1514/hotspot/src/share/vm/prims/jvm.cpp, line 1312]
Event: 0.673 Thread 0x00007fd059004000 Exception <a 'java/lang/NoClassDefFoundError': net/java/games/input/ControllerEnvironment> (0x0000000795e89b38) thrown at [/HUDSON3/workspace/8-2-build-macosx-x86_64/jdk8u25/1514/hotspot/src/share/vm/classfile/systemDictionary.cpp, line 191]
Event: 0.673 Thread 0x00007fd059004000 Exception <a 'java/security/PrivilegedActionException'> (0x0000000795e8c250) thrown at [/HUDSON3/workspace/8-2-build-macosx-x86_64/jdk8u25/1514/hotspot/src/share/vm/prims/jvm.cpp, line 1312]
Event: 0.674 Thread 0x00007fd059004000 Exception <a 'java/security/PrivilegedActionException'> (0x0000000795e913f8) thrown at [/HUDSON3/workspace/8-2-build-macosx-x86_64/jdk8u25/1514/hotspot/src/share/vm/prims/jvm.cpp, line 1312]
Event: 0.676 Thread 0x00007fd059004000 Exception <a 'java/security/PrivilegedActionException'> (0x0000000795e99780) thrown at [/HUDSON3/workspace/8-2-build-macosx-x86_64/jdk8u25/1514/hotspot/src/share/vm/prims/jvm.cpp, line 1312]

Events (10 events):
Event: 33.140 Executing VM operation: RevokeBias
Event: 33.140 Executing VM operation: RevokeBias done
Event: 33.140 Thread 0x00007fd05a463000 Thread exited: 0x00007fd05a463000
Event: 33.857 Thread 0x00007fd05a0ab000 Thread added: 0x00007fd05a0ab000
Event: 34.367 Thread 0x00007fd059039000 flushing nmethod 0x000000010950fdd0
Event: 34.367 Thread 0x00007fd059039000 flushing nmethod 0x0000000109510910
Event: 34.367 Thread 0x00007fd059039000 flushing nmethod 0x0000000109510f50
Event: 34.367 Thread 0x00007fd059039000 flushing nmethod 0x0000000109511450
Event: 34.367 Thread 0x00007fd059039000 flushing nmethod 0x00000001095135d0
Event: 34.368 Thread 0x00007fd059039000 flushing nmethod 0x000000010952a590


Dynamic libraries:
0x00000000098c2000 	/System/Library/Frameworks/Cocoa.framework/Versions/A/Cocoa
0x00000000098c2000 	/System/Library/Frameworks/Security.framework/Versions/A/Security
0x00000000098c2000 	/System/Library/Frameworks/ApplicationServices.framework/Versions/A/ApplicationServices
0x00000000098c2000 	/usr/lib/libz.1.dylib
0x00000000098c2000 	/usr/lib/libSystem.B.dylib
0x00000000098c2000 	/usr/lib/libobjc.A.dylib
0x00000000098c2000 	/System/Library/Frameworks/CoreFoundation.framework/Versions/A/CoreFoundation
0x00000000098c2000 	/System/Library/Frameworks/Foundation.framework/Versions/C/Foundation
0x00000000098c2000 	/System/Library/Frameworks/AppKit.framework/Versions/C/AppKit
0x00000000098c2000 	/System/Library/Frameworks/CoreData.framework/Versions/A/CoreData
0x00000000098c2000 	/System/Library/PrivateFrameworks/RemoteViewServices.framework/Versions/A/RemoteViewServices
0x00000000098c2000 	/System/Library/PrivateFrameworks/UIFoundation.framework/Versions/A/UIFoundation
0x00000000098c2000 	/System/Library/Frameworks/IOSurface.framework/Versions/A/IOSurface
0x00000000098c2000 	/System/Library/Frameworks/AudioToolbox.framework/Versions/A/AudioToolbox
0x00000000098c2000 	/System/Library/Frameworks/AudioUnit.framework/Versions/A/AudioUnit
0x00000000098c2000 	/System/Library/PrivateFrameworks/DataDetectorsCore.framework/Versions/A/DataDetectorsCore
0x00000000098c2000 	/System/Library/PrivateFrameworks/DesktopServicesPriv.framework/Versions/A/DesktopServicesPriv
0x00000000098c2000 	/System/Library/Frameworks/Carbon.framework/Versions/A/Frameworks/HIToolbox.framework/Versions/A/HIToolbox
0x00000000098c2000 	/System/Library/Frameworks/QuartzCore.framework/Versions/A/QuartzCore
0x00000000098c2000 	/System/Library/Frameworks/Carbon.framework/Versions/A/Frameworks/SpeechRecognition.framework/Versions/A/SpeechRecognition
0x00000000098c2000 	/usr/lib/libauto.dylib
0x00000000098c2000 	/usr/lib/libicucore.A.dylib
0x00000000098c2000 	/usr/lib/libxml2.2.dylib
0x00000000098c2000 	/System/Library/PrivateFrameworks/CoreUI.framework/Versions/A/CoreUI
0x00000000098c2000 	/System/Library/Frameworks/CoreAudio.framework/Versions/A/CoreAudio
0x00000000098c2000 	/System/Library/Frameworks/DiskArbitration.framework/Versions/A/DiskArbitration
0x00000000098c2000 	/usr/lib/liblangid.dylib
0x00000000098c2000 	/System/Library/PrivateFrameworks/MultitouchSupport.framework/Versions/A/MultitouchSupport
0x00000000098c2000 	/System/Library/Frameworks/IOKit.framework/Versions/A/IOKit
0x00000000098c2000 	/usr/lib/libDiagnosticMessagesClient.dylib
0x00000000098c2000 	/System/Library/Frameworks/CoreServices.framework/Versions/A/CoreServices
0x00000000098c2000 	/System/Library/PrivateFrameworks/PerformanceAnalysis.framework/Versions/A/PerformanceAnalysis
0x00000000098c2000 	/System/Library/PrivateFrameworks/GenerationalStorage.framework/Versions/A/GenerationalStorage
0x00000000098c2000 	/System/Library/Frameworks/OpenGL.framework/Versions/A/OpenGL
0x00000000098c2000 	/System/Library/PrivateFrameworks/Sharing.framework/Versions/A/Sharing
0x00000000098c2000 	/System/Library/Frameworks/CoreGraphics.framework/Versions/A/CoreGraphics
0x00000000098c2000 	/System/Library/Frameworks/CoreText.framework/Versions/A/CoreText
0x00000000098c2000 	/System/Library/Frameworks/ImageIO.framework/Versions/A/ImageIO
0x00000000098c2000 	/usr/lib/libextension.dylib
0x00000000098c2000 	/System/Library/PrivateFrameworks/Backup.framework/Versions/A/Backup
0x00000000098c2000 	/usr/lib/libarchive.2.dylib
0x00000000098c2000 	/System/Library/Frameworks/CFNetwork.framework/Versions/A/CFNetwork
0x00000000098c2000 	/System/Library/Frameworks/SystemConfiguration.framework/Versions/A/SystemConfiguration
0x00000000098c2000 	/usr/lib/libCRFSuite.dylib
0x00000000098c2000 	/usr/lib/libc++.1.dylib
0x00000000098c2000 	/usr/lib/libc++abi.dylib
0x00000000098c2000 	/usr/lib/system/libcache.dylib
0x00000000098c2000 	/usr/lib/system/libcommonCrypto.dylib
0x00000000098c2000 	/usr/lib/system/libcompiler_rt.dylib
0x00000000098c2000 	/usr/lib/system/libcopyfile.dylib
0x00000000098c2000 	/usr/lib/system/libcorecrypto.dylib
0x00000000098c2000 	/usr/lib/system/libdispatch.dylib
0x00000000098c2000 	/usr/lib/system/libdyld.dylib
0x00000000098c2000 	/usr/lib/system/libkeymgr.dylib
0x00000000098c2000 	/usr/lib/system/liblaunch.dylib
0x00000000098c2000 	/usr/lib/system/libmacho.dylib
0x00000000098c2000 	/usr/lib/system/libquarantine.dylib
0x00000000098c2000 	/usr/lib/system/libremovefile.dylib
0x00000000098c2000 	/usr/lib/system/libsystem_asl.dylib
0x00000000098c2000 	/usr/lib/system/libsystem_blocks.dylib
0x00000000098c2000 	/usr/lib/system/libsystem_c.dylib
0x00000000098c2000 	/usr/lib/system/libsystem_configuration.dylib
0x00000000098c2000 	/usr/lib/system/libsystem_coreservices.dylib
0x00000000098c2000 	/usr/lib/system/libsystem_coretls.dylib
0x00000000098c2000 	/usr/lib/system/libsystem_dnssd.dylib
0x00000000098c2000 	/usr/lib/system/libsystem_info.dylib
0x00000000098c2000 	/usr/lib/system/libsystem_kernel.dylib
0x00000000098c2000 	/usr/lib/system/libsystem_m.dylib
0x00000000098c2000 	/usr/lib/system/libsystem_malloc.dylib
0x00000000098c2000 	/usr/lib/system/libsystem_network.dylib
0x00000000098c2000 	/usr/lib/system/libsystem_networkextension.dylib
0x00000000098c2000 	/usr/lib/system/libsystem_notify.dylib
0x00000000098c2000 	/usr/lib/system/libsystem_platform.dylib
0x00000000098c2000 	/usr/lib/system/libsystem_pthread.dylib
0x00000000098c2000 	/usr/lib/system/libsystem_sandbox.dylib
0x00000000098c2000 	/usr/lib/system/libsystem_secinit.dylib
0x00000000098c2000 	/usr/lib/system/libsystem_stats.dylib
0x00000000098c2000 	/usr/lib/system/libsystem_trace.dylib
0x00000000098c2000 	/usr/lib/system/libunc.dylib
0x00000000098c2000 	/usr/lib/system/libunwind.dylib
0x00000000098c2000 	/usr/lib/system/libxpc.dylib
0x00000000098c2000 	/usr/lib/libbz2.1.0.dylib
0x00000000098c2000 	/usr/lib/liblzma.5.dylib
0x00000000098c2000 	/usr/lib/libbsm.0.dylib
0x00000000098c2000 	/usr/lib/libsqlite3.dylib
0x00000000098c2000 	/usr/lib/system/libkxld.dylib
0x00000000098c2000 	/usr/lib/libxar.1.dylib
0x00000000098c2000 	/usr/lib/libpam.2.dylib
0x00000000098c2000 	/usr/lib/libOpenScriptingUtil.dylib
0x00000000098c2000 	/System/Library/Frameworks/CoreServices.framework/Versions/A/Frameworks/FSEvents.framework/Versions/A/FSEvents
0x00000000098c2000 	/System/Library/Frameworks/CoreServices.framework/Versions/A/Frameworks/CarbonCore.framework/Versions/A/CarbonCore
0x00000000098c2000 	/System/Library/Frameworks/CoreServices.framework/Versions/A/Frameworks/Metadata.framework/Versions/A/Metadata
0x00000000098c2000 	/System/Library/Frameworks/CoreServices.framework/Versions/A/Frameworks/OSServices.framework/Versions/A/OSServices
0x00000000098c2000 	/System/Library/Frameworks/CoreServices.framework/Versions/A/Frameworks/SearchKit.framework/Versions/A/SearchKit
0x00000000098c2000 	/System/Library/Frameworks/CoreServices.framework/Versions/A/Frameworks/AE.framework/Versions/A/AE
0x00000000098c2000 	/System/Library/Frameworks/CoreServices.framework/Versions/A/Frameworks/LaunchServices.framework/Versions/A/LaunchServices
0x00000000098c2000 	/System/Library/Frameworks/CoreServices.framework/Versions/A/Frameworks/DictionaryServices.framework/Versions/A/DictionaryServices
0x00000000098c2000 	/System/Library/Frameworks/NetFS.framework/Versions/A/NetFS
0x00000000098c2000 	/System/Library/PrivateFrameworks/NetAuth.framework/Versions/A/NetAuth
0x00000000098c2000 	/System/Library/PrivateFrameworks/login.framework/Versions/A/Frameworks/loginsupport.framework/Versions/A/loginsupport
0x00000000098c2000 	/System/Library/PrivateFrameworks/TCC.framework/Versions/A/TCC
0x00000000098c2000 	/usr/lib/libmecabra.dylib
0x00000000098c2000 	/System/Library/PrivateFrameworks/LanguageModeling.framework/Versions/A/LanguageModeling
0x00000000098c2000 	/usr/lib/libcmph.dylib
0x00000000098c2000 	/usr/lib/libiconv.2.dylib
0x00000000098c2000 	/System/Library/Frameworks/OpenDirectory.framework/Versions/A/Frameworks/CFOpenDirectory.framework/Versions/A/CFOpenDirectory
0x00000000098c2000 	/System/Library/Frameworks/ServiceManagement.framework/Versions/A/ServiceManagement
0x00000000098c2000 	/usr/lib/libxslt.1.dylib
0x00000000098c2000 	/System/Library/Frameworks/Carbon.framework/Versions/A/Frameworks/Ink.framework/Versions/A/Ink
0x00000000098c2000 	/System/Library/Frameworks/ApplicationServices.framework/Versions/A/Frameworks/ATS.framework/Versions/A/ATS
0x00000000098c2000 	/System/Library/Frameworks/ApplicationServices.framework/Versions/A/Frameworks/ColorSync.framework/Versions/A/ColorSync
0x00000000098c2000 	/System/Library/Frameworks/ApplicationServices.framework/Versions/A/Frameworks/HIServices.framework/Versions/A/HIServices
0x00000000098c2000 	/System/Library/Frameworks/ApplicationServices.framework/Versions/A/Frameworks/LangAnalysis.framework/Versions/A/LangAnalysis
0x00000000098c2000 	/System/Library/Frameworks/ApplicationServices.framework/Versions/A/Frameworks/PrintCore.framework/Versions/A/PrintCore
0x00000000098c2000 	/System/Library/Frameworks/ApplicationServices.framework/Versions/A/Frameworks/QD.framework/Versions/A/QD
0x00000000098c2000 	/System/Library/Frameworks/ApplicationServices.framework/Versions/A/Frameworks/SpeechSynthesis.framework/Versions/A/SpeechSynthesis
0x00000000098c2000 	/System/Library/Frameworks/Accelerate.framework/Versions/A/Accelerate
0x00000000098c2000 	/System/Library/Frameworks/Accelerate.framework/Versions/A/Frameworks/vImage.framework/Versions/A/vImage
0x00000000098c2000 	/System/Library/Frameworks/Accelerate.framework/Versions/A/Frameworks/vecLib.framework/Versions/A/vecLib
0x00000000098c2000 	/System/Library/Frameworks/Accelerate.framework/Versions/A/Frameworks/vecLib.framework/Versions/A/libvDSP.dylib
0x00000000098c2000 	/System/Library/Frameworks/Accelerate.framework/Versions/A/Frameworks/vecLib.framework/Versions/A/libvMisc.dylib
0x00000000098c2000 	/System/Library/Frameworks/Accelerate.framework/Versions/A/Frameworks/vecLib.framework/Versions/A/libLAPACK.dylib
0x00000000098c2000 	/System/Library/Frameworks/Accelerate.framework/Versions/A/Frameworks/vecLib.framework/Versions/A/libBLAS.dylib
0x00000000098c2000 	/System/Library/Frameworks/Accelerate.framework/Versions/A/Frameworks/vecLib.framework/Versions/A/libLinearAlgebra.dylib
0x00000000098c2000 	/System/Library/Frameworks/ApplicationServices.framework/Versions/A/Frameworks/ATS.framework/Versions/A/Resources/libFontParser.dylib
0x00000000098c2000 	/System/Library/Frameworks/ApplicationServices.framework/Versions/A/Frameworks/ATS.framework/Versions/A/Resources/libFontRegistry.dylib
0x00000000098c2000 	/System/Library/PrivateFrameworks/AppleVPA.framework/Versions/A/AppleVPA
0x00000000098c2000 	/System/Library/PrivateFrameworks/AppleJPEG.framework/Versions/A/AppleJPEG
0x00000000098c2000 	/System/Library/Frameworks/ImageIO.framework/Versions/A/Resources/libJPEG.dylib
0x00000000098c2000 	/System/Library/Frameworks/ImageIO.framework/Versions/A/Resources/libTIFF.dylib
0x00000000098c2000 	/System/Library/Frameworks/ImageIO.framework/Versions/A/Resources/libPng.dylib
0x00000000098c2000 	/System/Library/Frameworks/ImageIO.framework/Versions/A/Resources/libGIF.dylib
0x00000000098c2000 	/System/Library/Frameworks/ImageIO.framework/Versions/A/Resources/libJP2.dylib
0x00000000098c2000 	/System/Library/Frameworks/ImageIO.framework/Versions/A/Resources/libRadiance.dylib
0x00000000098c2000 	/System/Library/Frameworks/CoreVideo.framework/Versions/A/CoreVideo
0x00000000098c2000 	/System/Library/Frameworks/OpenGL.framework/Versions/A/Libraries/libGLU.dylib
0x00000000098c2000 	/System/Library/Frameworks/OpenGL.framework/Versions/A/Libraries/libGFXShared.dylib
0x00000000098c2000 	/System/Library/Frameworks/OpenGL.framework/Versions/A/Libraries/libGL.dylib
0x00000000098c2000 	/System/Library/Frameworks/OpenGL.framework/Versions/A/Libraries/libGLImage.dylib
0x00000000098c2000 	/System/Library/Frameworks/OpenGL.framework/Versions/A/Libraries/libCVMSPluginSupport.dylib
0x00000000098c2000 	/System/Library/Frameworks/OpenGL.framework/Versions/A/Libraries/libCoreVMClient.dylib
0x00000000098c2000 	/usr/lib/libcups.2.dylib
0x00000000098c2000 	/System/Library/Frameworks/Kerberos.framework/Versions/A/Kerberos
0x00000000098c2000 	/System/Library/Frameworks/GSS.framework/Versions/A/GSS
0x00000000098c2000 	/usr/lib/libresolv.9.dylib
0x00000000098c2000 	/System/Library/PrivateFrameworks/Heimdal.framework/Versions/A/Heimdal
0x00000000098c2000 	/usr/lib/libheimdal-asn1.dylib
0x00000000098c2000 	/System/Library/Frameworks/OpenDirectory.framework/Versions/A/OpenDirectory
0x00000000098c2000 	/System/Library/PrivateFrameworks/CommonAuth.framework/Versions/A/CommonAuth
0x00000000098c2000 	/System/Library/Frameworks/SecurityFoundation.framework/Versions/A/SecurityFoundation
0x00000000098c2000 	/System/Library/Frameworks/QuartzCore.framework/Versions/A/Frameworks/CoreImage.framework/Versions/A/CoreImage
0x00000000098c2000 	/System/Library/PrivateFrameworks/CrashReporterSupport.framework/Versions/A/CrashReporterSupport
0x00000000098c2000 	/System/Library/Frameworks/OpenCL.framework/Versions/A/OpenCL
0x00000000098c2000 	/System/Library/PrivateFrameworks/FaceCore.framework/Versions/A/FaceCore
0x00000000098c2000 	/System/Library/PrivateFrameworks/Ubiquity.framework/Versions/A/Ubiquity
0x00000000098c2000 	/System/Library/PrivateFrameworks/IconServices.framework/Versions/A/IconServices
0x00000000098c2000 	/System/Library/PrivateFrameworks/ChunkingLibrary.framework/Versions/A/ChunkingLibrary
0x00000000098c2000 	/System/Library/PrivateFrameworks/Apple80211.framework/Versions/A/Apple80211
0x00000000098c2000 	/System/Library/Frameworks/CoreWLAN.framework/Versions/A/CoreWLAN
0x00000000098c2000 	/System/Library/Frameworks/IOBluetooth.framework/Versions/A/IOBluetooth
0x00000000098c2000 	/System/Library/PrivateFrameworks/CoreWiFi.framework/Versions/A/CoreWiFi
0x00000000098c2000 	/System/Library/Frameworks/CoreBluetooth.framework/Versions/A/CoreBluetooth
0x00000000098c2000 	/System/Library/PrivateFrameworks/DebugSymbols.framework/Versions/A/DebugSymbols
0x00000000098c2000 	/System/Library/PrivateFrameworks/CoreSymbolication.framework/Versions/A/CoreSymbolication
0x00000000098c2000 	/System/Library/PrivateFrameworks/Symbolication.framework/Versions/A/Symbolication
0x00000000098c2000 	/System/Library/PrivateFrameworks/SpeechRecognitionCore.framework/Versions/A/SpeechRecognitionCore
0x0000000107b80000 	/Library/Java/JavaVirtualMachines/jdk1.8.0_25.jdk/Contents/Home/jre/lib/server/libjvm.dylib
0x00000000098c2000 	/usr/lib/libstdc++.6.dylib
0x0000000108bb6000 	/Library/Java/JavaVirtualMachines/jdk1.8.0_25.jdk/Contents/Home/jre/lib/libverify.dylib
0x0000000108bc4000 	/Library/Java/JavaVirtualMachines/jdk1.8.0_25.jdk/Contents/Home/jre/lib/libjava.dylib
0x0000000109408000 	/Library/Java/JavaVirtualMachines/jdk1.8.0_25.jdk/Contents/Home/jre/lib/libzip.dylib
0x000000011f485000 	/System/Library/Frameworks/JavaVM.framework/Frameworks/JavaRuntimeSupport.framework/JavaRuntimeSupport
0x000000011f49b000 	/System/Library/Frameworks/JavaVM.framework/Versions/A/Frameworks/JavaNativeFoundation.framework/Versions/A/JavaNativeFoundation
0x000000011f4af000 	/System/Library/Frameworks/JavaVM.framework/Versions/A/JavaVM
0x00000000098c2000 	/System/Library/Frameworks/Carbon.framework/Versions/A/Carbon
0x000000011f4bb000 	/System/Library/PrivateFrameworks/JavaLaunching.framework/Versions/A/JavaLaunching
0x00000000098c2000 	/System/Library/Frameworks/Carbon.framework/Versions/A/Frameworks/CommonPanels.framework/Versions/A/CommonPanels
0x00000000098c2000 	/System/Library/Frameworks/Carbon.framework/Versions/A/Frameworks/Help.framework/Versions/A/Help
0x00000000098c2000 	/System/Library/Frameworks/Carbon.framework/Versions/A/Frameworks/ImageCapture.framework/Versions/A/ImageCapture
0x00000000098c2000 	/System/Library/Frameworks/Carbon.framework/Versions/A/Frameworks/OpenScripting.framework/Versions/A/OpenScripting
0x00000000098c2000 	/System/Library/Frameworks/Carbon.framework/Versions/A/Frameworks/Print.framework/Versions/A/Print
0x00000000098c2000 	/System/Library/Frameworks/Carbon.framework/Versions/A/Frameworks/SecurityHI.framework/Versions/A/SecurityHI
0x0000000121334000 	/Library/Java/JavaVirtualMachines/jdk1.8.0_25.jdk/Contents/Home/jre/lib/libawt.dylib
0x00000001213e3000 	/Library/Java/JavaVirtualMachines/jdk1.8.0_25.jdk/Contents/Home/jre/lib/./libmlib_image.dylib
0x00000001214af000 	/Library/Java/JavaVirtualMachines/jdk1.8.0_25.jdk/Contents/Home/jre/lib/libawt_lwawt.dylib
0x0000000121562000 	/Library/Java/JavaVirtualMachines/jdk1.8.0_25.jdk/Contents/Home/jre/lib/./libosxapp.dylib
0x00000000098c2000 	/System/Library/Frameworks/ExceptionHandling.framework/Versions/A/ExceptionHandling
0x00000000098c2000 	/System/Library/PrivateFrameworks/CoreServicesInternal.framework/Versions/A/CoreServicesInternal
0x00000000098c2000 	/System/Library/PrivateFrameworks/CloudDocs.framework/Versions/A/CloudDocs
0x00000000098c2000 	/System/Library/PrivateFrameworks/CoreDuet.framework/Versions/A/CoreDuet
0x00000000098c2000 	/System/Library/Frameworks/CloudKit.framework/Versions/A/CloudKit
0x00000000098c2000 	/System/Library/PrivateFrameworks/ProtocolBuffer.framework/Versions/A/ProtocolBuffer
0x00000000098c2000 	/System/Library/PrivateFrameworks/CoreDuetDaemonProtocol.framework/Versions/A/CoreDuetDaemonProtocol
0x00000000098c2000 	/System/Library/PrivateFrameworks/CoreDuetDebugLogging.framework/Versions/A/CoreDuetDebugLogging
0x00000000098c2000 	/System/Library/Frameworks/CoreLocation.framework/Versions/A/CoreLocation
0x00000000098c2000 	/System/Library/Frameworks/Accounts.framework/Versions/A/Accounts
0x00000000098c2000 	/System/Library/PrivateFrameworks/ApplePushService.framework/Versions/A/ApplePushService
0x00000000098c2000 	/System/Library/PrivateFrameworks/GeoServices.framework/Versions/A/GeoServices
0x00000000098c2000 	/System/Library/PrivateFrameworks/OAuth.framework/Versions/A/OAuth
0x00000000098c2000 	/System/Library/PrivateFrameworks/CoreDaemon.framework/Versions/B/CoreDaemon
0x00000000098c2000 	/usr/lib/libcrypto.0.9.8.dylib
0x00000000098c2000 	/System/Library/PrivateFrameworks/AppleSRP.framework/Versions/A/AppleSRP
0x00000000098c2000 	/System/Library/PrivateFrameworks/TrustEvaluationAgent.framework/Versions/A/TrustEvaluationAgent
0x00000000098c2000 	/System/Library/Frameworks/CoreGraphics.framework/Versions/A/Resources/libCGCMS.A.dylib
0x00000000098c2000 	/System/Library/Frameworks/CoreGraphics.framework/Versions/A/Resources/libRIP.A.dylib
0x00000000098c2000 	/System/Library/Frameworks/CoreGraphics.framework/Versions/A/Resources/libCGXType.A.dylib
0x00000000098c2000 	/System/Library/Frameworks/OpenCL.framework/Versions/A/Libraries/libcldcpuengine.dylib
0x00000000098c2000 	/System/Library/PrivateFrameworks/DiskImages.framework/Versions/A/DiskImages
0x00000000098c2000 	/System/Library/Frameworks/DiscRecording.framework/Versions/A/DiscRecording
0x00000000098c2000 	/usr/lib/libcsfde.dylib
0x00000000098c2000 	/usr/lib/libcurl.4.dylib
0x00000000098c2000 	/System/Library/PrivateFrameworks/MediaKit.framework/Versions/A/MediaKit
0x00000000098c2000 	/System/Library/PrivateFrameworks/ProtectedCloudStorage.framework/Versions/A/ProtectedCloudStorage
0x00000000098c2000 	/usr/lib/libCoreStorage.dylib
0x00000000098c2000 	/System/Library/PrivateFrameworks/EFILogin.framework/Versions/A/EFILogin
0x00000000098c2000 	/usr/lib/libutil.dylib
0x00000000098c2000 	/System/Library/PrivateFrameworks/FindMyDevice.framework/Versions/A/FindMyDevice
0x00000000098c2000 	/System/Library/Frameworks/LDAP.framework/Versions/A/LDAP
0x00000000098c2000 	/usr/lib/libsasl2.2.dylib
0x00000001240f8000 	cl_kernels
0x00000001240fa000 	/System/Library/Frameworks/OpenCL.framework/Versions/A/Libraries/ImageFormats/unorm8_bgra.dylib
0x00000001240e9000 	cl_kernels
0x00000000098c2000 	/System/Library/PrivateFrameworks/FamilyControls.framework/Versions/A/FamilyControls
0x00000000098c2000 	/System/Library/PrivateFrameworks/CommerceKit.framework/Versions/A/Frameworks/CommerceCore.framework/Versions/A/CommerceCore
0x00000000098c2000 	/System/Library/PrivateFrameworks/SystemAdministration.framework/Versions/A/SystemAdministration
0x00000000098c2000 	/System/Library/PrivateFrameworks/AppContainer.framework/Versions/A/AppContainer
0x00000000098c2000 	/System/Library/PrivateFrameworks/SecCodeWrapper.framework/Versions/A/SecCodeWrapper
0x00000000098c2000 	/System/Library/Frameworks/DirectoryService.framework/Versions/A/DirectoryService
0x00000000098c2000 	/System/Library/PrivateFrameworks/LoginUIKit.framework/Versions/A/Frameworks/LoginUICore.framework/Versions/A/LoginUICore
0x00000000098c2000 	/usr/lib/libodfde.dylib
0x00000001252bd000 	/Library/Java/JavaVirtualMachines/jdk1.8.0_25.jdk/Contents/Home/jre/lib/libfontmanager.dylib
0x0000000125324000 	/Users/huberttsen/Documents/MPCLab/Cannon Game/lib/native/macosx/liblwjgl.dylib
0x000000012362c000 	/Library/Java/JavaVirtualMachines/jdk1.8.0_25.jdk/Contents/Home/jre/lib/libjawt.dylib
0x00000000098c2000 	/System/Library/Frameworks/OpenGL.framework/Versions/A/Resources/GLEngine.bundle/GLEngine
0x00000000098c2000 	/System/Library/Frameworks/OpenGL.framework/Versions/A/Libraries/libGLProgrammability.dylib
0x0000000000000000 	/System/Library/Extensions/AppleIntelHD4000GraphicsGLDriver.bundle/Contents/MacOS/AppleIntelHD4000GraphicsGLDriver
0x00000000098c2000 	/System/Library/PrivateFrameworks/IOAccelerator.framework/Versions/A/IOAccelerator
0x00000000098c2000 	/System/Library/PrivateFrameworks/GPUSupport.framework/Versions/A/Libraries/libGPUSupportMercury.dylib
0x00000000098c2000 	/System/Library/Frameworks/OpenGL.framework/Versions/A/Resources/GLRendererFloat.bundle/GLRendererFloat
0x0000000125da6000 	/Library/Java/JavaVirtualMachines/jdk1.8.0_25.jdk/Contents/Home/jre/lib/libnio.dylib
0x0000000125db6000 	/Library/Java/JavaVirtualMachines/jdk1.8.0_25.jdk/Contents/Home/jre/lib/./libnet.dylib

VM Arguments:
jvm_args: -Djava.library.path=/Users/huberttsen/Documents/MPCLab/Cannon Game/lib/native/macosx -Dfile.encoding=UTF-8 
java_command: com.mpc.game.Game
java_class_path (initial): /Users/huberttsen/Documents/MPCLab/Cannon Game/bin:/Users/huberttsen/Documents/MPCLab/Cannon Game/lib/jars/dyn4j-3.1.11.jar:/Users/huberttsen/Documents/MPCLab/Cannon Game/lib/jars/lwjgl_util_applet.jar:/Users/huberttsen/Documents/MPCLab/Cannon Game/lib/jars/lwjgl_util.jar:/Users/huberttsen/Documents/MPCLab/Cannon Game/lib/jars/lwjgl.jar:/Users/huberttsen/Documents/MPCLab/Cannon Game/lib/jars/slick.jar
Launcher Type: SUN_STANDARD

Environment Variables:
PATH=/usr/bin:/bin:/usr/sbin:/sbin
SHELL=/bin/bash
DISPLAY=/private/tmp/com.apple.launchd.AXSomWsYID/org.macosforge.xquartz:0

Signal Handlers:
SIGSEGV: [libjvm.dylib+0x579dc7], sa_mask[0]=11111111011111110111111111111111, sa_flags=SA_ONSTACK|SA_RESTART|SA_SIGINFO
SIGBUS: [libjvm.dylib+0x579dc7], sa_mask[0]=11111111011111110111111111111111, sa_flags=SA_RESTART|SA_SIGINFO
SIGFPE: [libjvm.dylib+0x45b030], sa_mask[0]=11111111011111110111111111111111, sa_flags=SA_RESTART|SA_SIGINFO
SIGPIPE: [libjvm.dylib+0x45b030], sa_mask[0]=11111111011111110111111111111111, sa_flags=SA_RESTART|SA_SIGINFO
SIGXFSZ: [libjvm.dylib+0x45b030], sa_mask[0]=11111111011111110111111111111111, sa_flags=SA_RESTART|SA_SIGINFO
SIGILL: [libjvm.dylib+0x45b030], sa_mask[0]=11111111011111110111111111111111, sa_flags=SA_RESTART|SA_SIGINFO
SIGUSR1: SIG_DFL, sa_mask[0]=00000000000000000000000000000000, sa_flags=none
SIGUSR2: [libjvm.dylib+0x45ab4e], sa_mask[0]=00100000000000000000000000000000, sa_flags=SA_RESTART|SA_SIGINFO
SIGHUP: [libjvm.dylib+0x459121], sa_mask[0]=11111111011111110111111111111111, sa_flags=SA_RESTART|SA_SIGINFO
SIGINT: [libjvm.dylib+0x459121], sa_mask[0]=11111111011111110111111111111111, sa_flags=SA_RESTART|SA_SIGINFO
SIGTERM: [libjvm.dylib+0x459121], sa_mask[0]=11111111011111110111111111111111, sa_flags=SA_RESTART|SA_SIGINFO
SIGQUIT: [libjvm.dylib+0x459121], sa_mask[0]=11111111011111110111111111111111, sa_flags=SA_RESTART|SA_SIGINFO


---------------  S Y S T E M  ---------------

OS:Bsduname:Darwin 14.0.0 Darwin Kernel Version 14.0.0: Fri Sep 19 00:26:44 PDT 2014; root:xnu-2782.1.97~2/RELEASE_X86_64 x86_64
rlimit: STACK 8192k, CORE 0k, NPROC 709, NOFILE 10240, AS infinity
load average:3.53 2.80 2.76

CPU:total 4 (2 cores per cpu, 2 threads per core) family 6 model 58 stepping 9, cmov, cx8, fxsr, mmx, sse, sse2, sse3, ssse3, sse4.1, sse4.2, popcnt, avx, aes, clmul, erms, ht, tsc, tscinvbit, tscinv

Memory: 4k page, physical 8388608k(722424k free)

/proc/meminfo:


vm_info: Java HotSpot(TM) 64-Bit Server VM (25.25-b02) for bsd-amd64 JRE (1.8.0_25-b17), built on Sep 17 2014 16:56:50 by "java_re" with gcc 4.2.1 (Based on Apple Inc. build 5658) (LLVM build 2336.11.00)

time: Wed Mar 18 02:38:23 2015
elapsed time: 35 seconds (0d 0h 0m 35s)

