#
# A fatal error has been detected by the Java Runtime Environment:
#
#  SIGSEGV (0xb) at pc=0x00007fff8de020dd, pid=1662, tid=1811
#
# JRE version: Java(TM) SE Runtime Environment (7.0_75-b13) (build 1.7.0_75-b13)
# Java VM: Java HotSpot(TM) 64-Bit Server VM (24.75-b04 mixed mode bsd-amd64 compressed oops)
# Problematic frame:
# C  [libobjc.A.dylib+0x10dd]  objc_msgSend+0x1d
#
# Failed to write core dump. Core dumps have been disabled. To enable core dumping, try "ulimit -c unlimited" before starting Java again
#
# If you would like to submit a bug report, please visit:
#   http://bugreport.sun.com/bugreport/crash.jsp
# The crash happened outside the Java Virtual Machine in native code.
# See problematic frame for where to report the bug.
#

---------------  T H R E A D  ---------------

Current thread (0x00007fb00a0cc800):  JavaThread "AppKit Thread" daemon [_thread_in_native, id=1811, stack(0x00007fff53182000,0x00007fff53202000)]

siginfo:si_signo=SIGSEGV: si_errno=0, si_code=1 (SEGV_MAPERR), si_addr=0x000007fb008c8ef0

Registers:
RAX=0x00007fb008c3ed00, RBX=0x00007fff531fd9a8, RCX=0x0000000000000000, RDX=0x00007fb008f75130
RSP=0x00007fff531fd7c8, RBP=0x00007fff531fd7d0, RSI=0x00007fff8c385453, RDI=0x00007fb008c3ed00
R8 =0x00007fff531fd7b0, R9 =0x0000000000000062, R10=0x00007fff8c385453, R11=0x000007fb008c8ed8
R12=0x00007fb008f130b0, R13=0x00000000000f42fb, R14=0x00007fb008d52510, R15=0x00007fff531fd908
RIP=0x00007fff8de020dd, EFLAGS=0x0000000000010206, ERR=0x0000000000000004
  TRAPNO=0x000000000000000e

Top of Stack: (sp=0x00007fff531fd7c8)
0x00007fff531fd7c8:   00007fff88f4d45c 00007fff531fdb30
0x00007fff531fd7d8:   00007fff88e3d634 00007fff531fd85c
0x00007fff531fd7e8:   00007fff531fd860 00007fff531fd864
0x00007fff531fd7f8:   00007fff72e09e00 ffffffffffffffff
0x00007fff531fd808:   0000000000000930 00007fff72e09e18
0x00007fff531fd818:   00007fb008d52510 0000000000000000
0x00007fff531fd828:   00007fff531fd900 0000000000000000
0x00007fff531fd838:   00007fb008d51c80 00007fff531fd980
0x00007fff531fd848:   0000000000000062 00000000000f42fd
0x00007fff531fd858:   00007fb008f75130 00007fb008d516a0
0x00007fff531fd868:   00007fb008f130b0 0000000000000001
0x00007fff531fd878:   00000000000f42fb 00007fb008f130a0
0x00007fff531fd888:   00007fff89dcfbe5 0000000108f6bbd0
0x00007fff531fd898:   00007fff72dc00d0 0000000042000000
0x00007fff531fd8a8:   00007fff89dd6e53 00007fff72dd4240
0x00007fff531fd8b8:   00007fff531fd988 00007fff531fd8e0
0x00007fff531fd8c8:   00007fff531fd900 0000000000000000
0x00007fff531fd8d8:   0000000000000016 0003290300000001
0x00007fff531fd8e8:   00007fb008f130d4 0000000000000000
0x00007fff531fd8f8:   0000000000000000 00007fb008d51d00
0x00007fff531fd908:   00007fb008d52510 0000002000000000
0x00007fff531fd918:   0000000000000000 00007fff72dc00d0
0x00007fff531fd928:   0000000042000000 00007fff89dd64eb
0x00007fff531fd938:   00007fff72dd4350 00007fff531fd898
0x00007fff531fd948:   0000000000000000 00007fff531fda18
0x00007fff531fd958:   00007fff730b4ea0 00007fff531fda50
0x00007fff531fd968:   00007fff8dde6edc 00007fff531fda00
0x00007fff531fd978:   00007fff8bab969d 0000000000000051
0x00007fff531fd988:   0000000000000000 00000000000f42e3
0x00007fff531fd998:   0000000000000053 0000000000000000
0x00007fff531fd9a8:   00000000000f42fb 00007fff531fda24
0x00007fff531fd9b8:   00000000003fa401 00000000ffffffff 

Instructions: (pc=0x00007fff8de020dd)
0x00007fff8de020bd:   00 00 00 48 85 ff 2e 74 7a 40 f6 c7 01 2e 75 7e
0x00007fff8de020cd:   49 bb f8 ff ff ff ff 7f 00 00 4c 23 1f 49 89 f2
0x00007fff8de020dd:   45 23 53 18 49 c1 e2 04 4d 03 53 10 49 3b 32 75
0x00007fff8de020ed:   04 41 ff 62 08 49 83 3a 00 74 6a 4d 3b 53 10 74 

Register to memory mapping:

RAX=0x00007fb008c3ed00 is an unknown value
RBX=0x00007fff531fd9a8 is pointing into the stack for thread: 0x00007fb00a0cc800
RCX=0x0000000000000000 is an unknown value
RDX=0x00007fb008f75130 is an unknown value
RSP=0x00007fff531fd7c8 is pointing into the stack for thread: 0x00007fb00a0cc800
RBP=0x00007fff531fd7d0 is pointing into the stack for thread: 0x00007fb00a0cc800
RSI=0x00007fff8c385453: -[NSTitlebarContainerView transparent]+0x5e307 in /System/Library/Frameworks/AppKit.framework/Versions/C/AppKit at 0x00007fff8b984000
RDI=0x00007fb008c3ed00 is an unknown value
R8 =0x00007fff531fd7b0 is pointing into the stack for thread: 0x00007fb00a0cc800
R9 =0x0000000000000062 is an unknown value
R10=0x00007fff8c385453: -[NSTitlebarContainerView transparent]+0x5e307 in /System/Library/Frameworks/AppKit.framework/Versions/C/AppKit at 0x00007fff8b984000
R11=0x000007fb008c8ed8 is an unknown value
R12=0x00007fb008f130b0 is an unknown value
R13=0x00000000000f42fb is an unknown value
R14=0x00007fb008d52510 is an unknown value
R15=0x00007fff531fd908 is pointing into the stack for thread: 0x00007fb00a0cc800


Stack: [0x00007fff53182000,0x00007fff53202000],  sp=0x00007fff531fd7c8,  free space=493k
Native frames: (J=compiled Java code, j=interpreted, Vv=VM code, C=native code)
C  [libobjc.A.dylib+0x10dd]  objc_msgSend+0x1d
C  [CoreFoundation+0x10634]  _CFXNotificationPost+0xc44
C  [Foundation+0x79d1]  -[NSNotificationCenter postNotificationName:object:userInfo:]+0x42
C  [AppKit+0x43ba2]  -[NSSurface _disposeSurface]+0x98
C  [AppKit+0x43606]  -[NSSurface setWindow:]+0x42
C  [AppKit+0x33af0]  -[NSView _setWindow:]+0xa33
C  [AppKit+0x6b171]  -[NSView removeFromSuperview]+0x1c5
C  [AppKit+0x14bf59]  -[NSView removeFromSuperviewWithoutNeedingDisplay]+0x26
C  [liblwjgl.dylib+0xa205]  +[MacOSXKeyableWindow destroyWindow]+0xb5
C  [Foundation+0x92d00]  __NSThreadPerformPerform+0x125
C  [CoreFoundation+0x80a01]  __CFRUNLOOP_IS_CALLING_OUT_TO_A_SOURCE0_PERFORM_FUNCTION__+0x11
C  [CoreFoundation+0x72b8d]  __CFRunLoopDoSources0+0x10d
C  [CoreFoundation+0x721bf]  __CFRunLoopRun+0x39f
C  [CoreFoundation+0x71bd8]  CFRunLoopRunSpecific+0x128
C  [HIToolbox+0x3256f]  RunCurrentEventLoopInMode+0xeb
C  [HIToolbox+0x322ea]  ReceiveNextEventCommon+0x1af
C  [HIToolbox+0x3212b]  _BlockUntilNextEventMatchingListInModeWithFilter+0x47
C  [AppKit+0x91a7b]  _DPSNextEvent+0x3d2
C  [AppKit+0x91028]  -[NSApplication nextEventMatchingMask:untilDate:inMode:dequeue:]+0x15a
C  [libosxapp.dylib+0x24e3]  -[NSApplicationAWT nextEventMatchingMask:untilDate:inMode:dequeue:]+0x7c
C  [AppKit+0x86cb3]  -[NSApplication run]+0x252
C  [libosxapp.dylib+0x2346]  +[NSApplicationAWT runAWTLoopWithApp:]+0x9c
C  [liblwawt.dylib+0xd4dd]  -[AWTStarter starter:]+0x369
C  [Foundation+0x92d00]  __NSThreadPerformPerform+0x125
C  [CoreFoundation+0x80a01]  __CFRUNLOOP_IS_CALLING_OUT_TO_A_SOURCE0_PERFORM_FUNCTION__+0x11
C  [CoreFoundation+0x72b8d]  __CFRunLoopDoSources0+0x10d
C  [CoreFoundation+0x721bf]  __CFRunLoopRun+0x39f
C  [CoreFoundation+0x71bd8]  CFRunLoopRunSpecific+0x128
C  [java+0x73b0]  CreateExecutionEnvironment+0x367
C  [java+0x1b5c]  JLI_Launch+0x7a0
C  [java+0x770d]  main+0x65
C  [java+0x13b4]  start+0x34


---------------  P R O C E S S  ---------------

Java Threads: ( => current thread )
  0x00007fb00a0ec000 JavaThread "AWT-Shutdown" [_thread_blocked, id=27675, stack(0x000000011cfed000,0x000000011d0ed000)]
  0x00007fb00a1f1800 JavaThread "Java2D Queue Flusher" daemon [_thread_blocked, id=50951, stack(0x000000011c266000,0x000000011c366000)]
  0x00007fb00a90f800 JavaThread "Java2D Disposer" daemon [_thread_blocked, id=49727, stack(0x000000011c06c000,0x000000011c16c000)]
=>0x00007fb00a0cc800 JavaThread "AppKit Thread" daemon [_thread_in_native, id=1811, stack(0x00007fff53182000,0x00007fff53202000)]
  0x00007fb009027800 JavaThread "Service Thread" daemon [_thread_blocked, id=17667, stack(0x0000000116dfd000,0x0000000116efd000)]
  0x00007fb009026800 JavaThread "C2 CompilerThread1" daemon [_thread_blocked, id=17155, stack(0x0000000116cfa000,0x0000000116dfa000)]
  0x00007fb009025000 JavaThread "C2 CompilerThread0" daemon [_thread_blocked, id=16643, stack(0x0000000116bf7000,0x0000000116cf7000)]
  0x00007fb00901d000 JavaThread "Signal Dispatcher" daemon [_thread_blocked, id=16159, stack(0x0000000116af4000,0x0000000116bf4000)]
  0x00007fb00981a000 JavaThread "Finalizer" daemon [_thread_blocked, id=11523, stack(0x00000001150df000,0x00000001151df000)]
  0x00007fb009016800 JavaThread "Reference Handler" daemon [_thread_blocked, id=11011, stack(0x0000000114fdc000,0x00000001150dc000)]
  0x00007fb009807800 JavaThread "main" [_thread_in_native, id=4867, stack(0x000000010de62000,0x000000010df62000)]

Other Threads:
  0x00007fb00a802800 VMThread [stack: 0x0000000114ed9000,0x0000000114fd9000] [id=10499]
  0x00007fb00a03c000 WatcherThread [stack: 0x0000000116f00000,0x0000000117000000] [id=18179]

VM state:not at safepoint (normal execution)

VM Mutex/Monitor currently owned by a thread: None

Heap
 PSYoungGen      total 19456K, used 13684K [0x00000007eaa80000, 0x00000007ec000000, 0x0000000800000000)
  eden space 16896K, 80% used [0x00000007eaa80000,0x00000007eb7dd118,0x00000007ebb00000)
  from space 2560K, 0% used [0x00000007ebd80000,0x00000007ebd80000,0x00000007ec000000)
  to   space 2560K, 0% used [0x00000007ebb00000,0x00000007ebb00000,0x00000007ebd80000)
 ParOldGen       total 43520K, used 0K [0x00000007c0000000, 0x00000007c2a80000, 0x00000007eaa80000)
  object space 43520K, 0% used [0x00000007c0000000,0x00000007c0000000,0x00000007c2a80000)
 PSPermGen       total 21504K, used 8427K [0x00000007bae00000, 0x00000007bc300000, 0x00000007c0000000)
  object space 21504K, 39% used [0x00000007bae00000,0x00000007bb63ad30,0x00000007bc300000)

Card table byte_map: [0x0000000111024000,0x000000011124e000] byte_map_base: 0x000000010d24d000

Polling page: 0x000000010cb50000

Code Cache  [0x000000010df64000, 0x000000010e1d4000, 0x0000000110f64000)
 total_blobs=550 nmethods=112 adapters=392 free_code_cache=48425Kb largest_free_block=49566656

Compilation events (10 events):
Event: 6.103 Thread 0x00007fb009026800 nmethod 109 0x000000010e01b790 code [0x000000010e01b8e0, 0x000000010e01b9f8]
Event: 6.103 Thread 0x00007fb009026800  110             java.lang.ThreadLocal$ThreadLocalMap::getEntry (42 bytes)
Event: 6.103 Thread 0x00007fb009025000 nmethod 108 0x000000010e018650 code [0x000000010e0187a0, 0x000000010e018918]
Event: 6.104 Thread 0x00007fb009026800 nmethod 110 0x000000010e0159d0 code [0x000000010e015b20, 0x000000010e015c38]
Event: 6.329 Thread 0x00007fb009025000  111             java.util.HashMap::hash (55 bytes)
Event: 6.331 Thread 0x00007fb009025000 nmethod 111 0x000000010e018290 code [0x000000010e0183e0, 0x000000010e018528]
Event: 6.735 Thread 0x00007fb009026800  112             java.util.ArrayList::size (5 bytes)
Event: 6.735 Thread 0x00007fb009026800 nmethod 112 0x000000010e018090 code [0x000000010e0181c0, 0x000000010e018218]
Event: 6.752 Thread 0x00007fb009025000  113             java.util.LinkedHashMap$Entry::addBefore (30 bytes)
Event: 6.754 Thread 0x00007fb009025000 nmethod 113 0x000000010e017d50 code [0x000000010e017ea0, 0x000000010e017f98]

GC Heap History (0 events):
No events

Deoptimization events (3 events):
Event: 0.718 Thread 0x00007fb009807800 Uncommon trap: reason=unloaded action=reinterpret pc=0x000000010dfe00c8 method=java.io.BufferedReader.readLine(Z)Ljava/lang/String; @ 268
Event: 0.895 Thread 0x00007fb00a0cc800 Uncommon trap: reason=null_check action=make_not_entrant pc=0x000000010dfcba90 method=java.lang.String.equals(Ljava/lang/Object;)Z @ 8
Event: 1.142 Thread 0x00007fb009807800 Uncommon trap: reason=predicate action=maybe_recompile pc=0x000000010e006274 method=sun.java2d.loops.OpaqueCopyAnyToArgb.Blit(Lsun/java2d/SurfaceData;Lsun/java2d/SurfaceData;Ljava/awt/Composite;Lsun/java2d/pipe/Region;IIIIII)V @ 172

Internal exceptions (10 events):
Event: 0.895 Thread 0x00007fb00a0cc800 Implicit null exception at 0x000000010dfcb89c to 0x000000010dfcba81
Event: 1.161 Thread 0x00007fb009807800 Threw 0x00000007eb52f200 at /HUDSON/workspace/7u-2-build-macosx-x86_64/jdk7u75/1940/hotspot/src/share/vm/prims/jvm.cpp:1281
Event: 1.169 Thread 0x00007fb009807800 Threw 0x00000007eb53aee8 at /HUDSON/workspace/7u-2-build-macosx-x86_64/jdk7u75/1940/hotspot/src/share/vm/prims/jvm.cpp:1281
Event: 1.170 Thread 0x00007fb009807800 Threw 0x00000007eb53dc20 at /HUDSON/workspace/7u-2-build-macosx-x86_64/jdk7u75/1940/hotspot/src/share/vm/prims/jvm.cpp:1281
Event: 1.171 Thread 0x00007fb009807800 Threw 0x00000007eb548c18 at /HUDSON/workspace/7u-2-build-macosx-x86_64/jdk7u75/1940/hotspot/src/share/vm/prims/jvm.cpp:1281
Event: 1.174 Thread 0x00007fb009807800 Threw 0x00000007eb559b48 at /HUDSON/workspace/7u-2-build-macosx-x86_64/jdk7u75/1940/hotspot/src/share/vm/prims/jvm.cpp:1281
Event: 1.176 Thread 0x00007fb009807800 Threw 0x00000007eb5654e8 at /HUDSON/workspace/7u-2-build-macosx-x86_64/jdk7u75/1940/hotspot/src/share/vm/prims/jvm.cpp:1281
Event: 1.178 Thread 0x00007fb009807800 Threw 0x00000007eb57b5c8 at /HUDSON/workspace/7u-2-build-macosx-x86_64/jdk7u75/1940/hotspot/src/share/vm/prims/jvm.cpp:1281
Event: 1.180 Thread 0x00007fb009807800 Threw 0x00000007eb5834b8 at /HUDSON/workspace/7u-2-build-macosx-x86_64/jdk7u75/1940/hotspot/src/share/vm/prims/jvm.cpp:1281
Event: 7.092 Thread 0x00007fb009807800 Threw 0x00000007eb7c5df0 at /HUDSON/workspace/7u-2-build-macosx-x86_64/jdk7u75/1940/hotspot/src/share/vm/prims/jvm.cpp:1281

Events (10 events):
Event: 2.607 loading class 0x00007fb009849510
Event: 2.607 loading class 0x00007fb009849510 done
Event: 2.607 loading class 0x00007fb00a847e00
Event: 2.607 loading class 0x00007fb00a847e00 done
Event: 2.607 Thread 0x00007fb00a87a800 Thread exited: 0x00007fb00a87a800
Event: 3.123 Thread 0x00007fb00a0ec000 Thread added: 0x00007fb00a0ec000
Event: 4.111 Executing VM operation: EnableBiasedLocking
Event: 4.111 Executing VM operation: EnableBiasedLocking done
Event: 7.092 loading class 0x00007fb008e04a90
Event: 7.092 loading class 0x00007fb008e04a90 done


Dynamic libraries:
0x0000000001902000 	/System/Library/Frameworks/Cocoa.framework/Versions/A/Cocoa
0x0000000001902000 	/System/Library/Frameworks/Security.framework/Versions/A/Security
0x0000000001902000 	/System/Library/Frameworks/ApplicationServices.framework/Versions/A/ApplicationServices
0x0000000001902000 	/usr/lib/libz.1.dylib
0x0000000001902000 	/usr/lib/libSystem.B.dylib
0x0000000001902000 	/usr/lib/libobjc.A.dylib
0x0000000001902000 	/System/Library/Frameworks/CoreFoundation.framework/Versions/A/CoreFoundation
0x0000000001902000 	/System/Library/Frameworks/Foundation.framework/Versions/C/Foundation
0x0000000001902000 	/System/Library/Frameworks/AppKit.framework/Versions/C/AppKit
0x0000000001902000 	/System/Library/Frameworks/CoreData.framework/Versions/A/CoreData
0x0000000001902000 	/System/Library/PrivateFrameworks/RemoteViewServices.framework/Versions/A/RemoteViewServices
0x0000000001902000 	/System/Library/PrivateFrameworks/UIFoundation.framework/Versions/A/UIFoundation
0x0000000001902000 	/System/Library/Frameworks/IOSurface.framework/Versions/A/IOSurface
0x0000000001902000 	/System/Library/Frameworks/AudioToolbox.framework/Versions/A/AudioToolbox
0x0000000001902000 	/System/Library/Frameworks/AudioUnit.framework/Versions/A/AudioUnit
0x0000000001902000 	/System/Library/PrivateFrameworks/DataDetectorsCore.framework/Versions/A/DataDetectorsCore
0x0000000001902000 	/System/Library/PrivateFrameworks/DesktopServicesPriv.framework/Versions/A/DesktopServicesPriv
0x0000000001902000 	/System/Library/Frameworks/Carbon.framework/Versions/A/Frameworks/HIToolbox.framework/Versions/A/HIToolbox
0x0000000001902000 	/System/Library/Frameworks/QuartzCore.framework/Versions/A/QuartzCore
0x0000000001902000 	/System/Library/Frameworks/Carbon.framework/Versions/A/Frameworks/SpeechRecognition.framework/Versions/A/SpeechRecognition
0x0000000001902000 	/usr/lib/libauto.dylib
0x0000000001902000 	/usr/lib/libicucore.A.dylib
0x0000000001902000 	/usr/lib/libxml2.2.dylib
0x0000000001902000 	/System/Library/PrivateFrameworks/CoreUI.framework/Versions/A/CoreUI
0x0000000001902000 	/System/Library/Frameworks/CoreAudio.framework/Versions/A/CoreAudio
0x0000000001902000 	/System/Library/Frameworks/DiskArbitration.framework/Versions/A/DiskArbitration
0x0000000001902000 	/usr/lib/liblangid.dylib
0x0000000001902000 	/System/Library/PrivateFrameworks/MultitouchSupport.framework/Versions/A/MultitouchSupport
0x0000000001902000 	/System/Library/Frameworks/IOKit.framework/Versions/A/IOKit
0x0000000001902000 	/usr/lib/libDiagnosticMessagesClient.dylib
0x0000000001902000 	/System/Library/Frameworks/CoreServices.framework/Versions/A/CoreServices
0x0000000001902000 	/System/Library/PrivateFrameworks/PerformanceAnalysis.framework/Versions/A/PerformanceAnalysis
0x0000000001902000 	/System/Library/PrivateFrameworks/GenerationalStorage.framework/Versions/A/GenerationalStorage
0x0000000001902000 	/System/Library/Frameworks/OpenGL.framework/Versions/A/OpenGL
0x0000000001902000 	/System/Library/PrivateFrameworks/Sharing.framework/Versions/A/Sharing
0x0000000001902000 	/System/Library/Frameworks/CoreGraphics.framework/Versions/A/CoreGraphics
0x0000000001902000 	/System/Library/Frameworks/CoreText.framework/Versions/A/CoreText
0x0000000001902000 	/System/Library/Frameworks/ImageIO.framework/Versions/A/ImageIO
0x0000000001902000 	/usr/lib/libextension.dylib
0x0000000001902000 	/System/Library/PrivateFrameworks/Backup.framework/Versions/A/Backup
0x0000000001902000 	/usr/lib/libarchive.2.dylib
0x0000000001902000 	/System/Library/Frameworks/CFNetwork.framework/Versions/A/CFNetwork
0x0000000001902000 	/System/Library/Frameworks/SystemConfiguration.framework/Versions/A/SystemConfiguration
0x0000000001902000 	/usr/lib/libCRFSuite.dylib
0x0000000001902000 	/usr/lib/libc++.1.dylib
0x0000000001902000 	/usr/lib/libc++abi.dylib
0x0000000001902000 	/usr/lib/system/libcache.dylib
0x0000000001902000 	/usr/lib/system/libcommonCrypto.dylib
0x0000000001902000 	/usr/lib/system/libcompiler_rt.dylib
0x0000000001902000 	/usr/lib/system/libcopyfile.dylib
0x0000000001902000 	/usr/lib/system/libcorecrypto.dylib
0x0000000001902000 	/usr/lib/system/libdispatch.dylib
0x0000000001902000 	/usr/lib/system/libdyld.dylib
0x0000000001902000 	/usr/lib/system/libkeymgr.dylib
0x0000000001902000 	/usr/lib/system/liblaunch.dylib
0x0000000001902000 	/usr/lib/system/libmacho.dylib
0x0000000001902000 	/usr/lib/system/libquarantine.dylib
0x0000000001902000 	/usr/lib/system/libremovefile.dylib
0x0000000001902000 	/usr/lib/system/libsystem_asl.dylib
0x0000000001902000 	/usr/lib/system/libsystem_blocks.dylib
0x0000000001902000 	/usr/lib/system/libsystem_c.dylib
0x0000000001902000 	/usr/lib/system/libsystem_configuration.dylib
0x0000000001902000 	/usr/lib/system/libsystem_coreservices.dylib
0x0000000001902000 	/usr/lib/system/libsystem_coretls.dylib
0x0000000001902000 	/usr/lib/system/libsystem_dnssd.dylib
0x0000000001902000 	/usr/lib/system/libsystem_info.dylib
0x0000000001902000 	/usr/lib/system/libsystem_kernel.dylib
0x0000000001902000 	/usr/lib/system/libsystem_m.dylib
0x0000000001902000 	/usr/lib/system/libsystem_malloc.dylib
0x0000000001902000 	/usr/lib/system/libsystem_network.dylib
0x0000000001902000 	/usr/lib/system/libsystem_networkextension.dylib
0x0000000001902000 	/usr/lib/system/libsystem_notify.dylib
0x0000000001902000 	/usr/lib/system/libsystem_platform.dylib
0x0000000001902000 	/usr/lib/system/libsystem_pthread.dylib
0x0000000001902000 	/usr/lib/system/libsystem_sandbox.dylib
0x0000000001902000 	/usr/lib/system/libsystem_secinit.dylib
0x0000000001902000 	/usr/lib/system/libsystem_stats.dylib
0x0000000001902000 	/usr/lib/system/libsystem_trace.dylib
0x0000000001902000 	/usr/lib/system/libunc.dylib
0x0000000001902000 	/usr/lib/system/libunwind.dylib
0x0000000001902000 	/usr/lib/system/libxpc.dylib
0x0000000001902000 	/usr/lib/libbz2.1.0.dylib
0x0000000001902000 	/usr/lib/liblzma.5.dylib
0x0000000001902000 	/usr/lib/libbsm.0.dylib
0x0000000001902000 	/usr/lib/libsqlite3.dylib
0x0000000001902000 	/usr/lib/system/libkxld.dylib
0x0000000001902000 	/usr/lib/libxar.1.dylib
0x0000000001902000 	/usr/lib/libpam.2.dylib
0x0000000001902000 	/usr/lib/libOpenScriptingUtil.dylib
0x0000000001902000 	/System/Library/Frameworks/CoreServices.framework/Versions/A/Frameworks/FSEvents.framework/Versions/A/FSEvents
0x0000000001902000 	/System/Library/Frameworks/CoreServices.framework/Versions/A/Frameworks/CarbonCore.framework/Versions/A/CarbonCore
0x0000000001902000 	/System/Library/Frameworks/CoreServices.framework/Versions/A/Frameworks/Metadata.framework/Versions/A/Metadata
0x0000000001902000 	/System/Library/Frameworks/CoreServices.framework/Versions/A/Frameworks/OSServices.framework/Versions/A/OSServices
0x0000000001902000 	/System/Library/Frameworks/CoreServices.framework/Versions/A/Frameworks/SearchKit.framework/Versions/A/SearchKit
0x0000000001902000 	/System/Library/Frameworks/CoreServices.framework/Versions/A/Frameworks/AE.framework/Versions/A/AE
0x0000000001902000 	/System/Library/Frameworks/CoreServices.framework/Versions/A/Frameworks/LaunchServices.framework/Versions/A/LaunchServices
0x0000000001902000 	/System/Library/Frameworks/CoreServices.framework/Versions/A/Frameworks/DictionaryServices.framework/Versions/A/DictionaryServices
0x0000000001902000 	/System/Library/Frameworks/NetFS.framework/Versions/A/NetFS
0x0000000001902000 	/System/Library/PrivateFrameworks/NetAuth.framework/Versions/A/NetAuth
0x0000000001902000 	/System/Library/PrivateFrameworks/login.framework/Versions/A/Frameworks/loginsupport.framework/Versions/A/loginsupport
0x0000000001902000 	/System/Library/PrivateFrameworks/TCC.framework/Versions/A/TCC
0x0000000001902000 	/usr/lib/libmecabra.dylib
0x0000000001902000 	/System/Library/Frameworks/ApplicationServices.framework/Versions/A/Frameworks/ATS.framework/Versions/A/ATS
0x0000000001902000 	/System/Library/Frameworks/ApplicationServices.framework/Versions/A/Frameworks/ColorSync.framework/Versions/A/ColorSync
0x0000000001902000 	/System/Library/Frameworks/ApplicationServices.framework/Versions/A/Frameworks/HIServices.framework/Versions/A/HIServices
0x0000000001902000 	/System/Library/Frameworks/ApplicationServices.framework/Versions/A/Frameworks/LangAnalysis.framework/Versions/A/LangAnalysis
0x0000000001902000 	/System/Library/Frameworks/ApplicationServices.framework/Versions/A/Frameworks/PrintCore.framework/Versions/A/PrintCore
0x0000000001902000 	/System/Library/Frameworks/ApplicationServices.framework/Versions/A/Frameworks/QD.framework/Versions/A/QD
0x0000000001902000 	/System/Library/Frameworks/ApplicationServices.framework/Versions/A/Frameworks/SpeechSynthesis.framework/Versions/A/SpeechSynthesis
0x0000000001902000 	/System/Library/Frameworks/Accelerate.framework/Versions/A/Accelerate
0x0000000001902000 	/System/Library/Frameworks/Accelerate.framework/Versions/A/Frameworks/vImage.framework/Versions/A/vImage
0x0000000001902000 	/System/Library/Frameworks/Accelerate.framework/Versions/A/Frameworks/vecLib.framework/Versions/A/vecLib
0x0000000001902000 	/System/Library/Frameworks/Accelerate.framework/Versions/A/Frameworks/vecLib.framework/Versions/A/libvDSP.dylib
0x0000000001902000 	/System/Library/Frameworks/Accelerate.framework/Versions/A/Frameworks/vecLib.framework/Versions/A/libvMisc.dylib
0x0000000001902000 	/System/Library/Frameworks/Accelerate.framework/Versions/A/Frameworks/vecLib.framework/Versions/A/libLAPACK.dylib
0x0000000001902000 	/System/Library/Frameworks/Accelerate.framework/Versions/A/Frameworks/vecLib.framework/Versions/A/libBLAS.dylib
0x0000000001902000 	/System/Library/Frameworks/Accelerate.framework/Versions/A/Frameworks/vecLib.framework/Versions/A/libLinearAlgebra.dylib
0x0000000001902000 	/System/Library/Frameworks/ApplicationServices.framework/Versions/A/Frameworks/ATS.framework/Versions/A/Resources/libFontParser.dylib
0x0000000001902000 	/System/Library/Frameworks/ApplicationServices.framework/Versions/A/Frameworks/ATS.framework/Versions/A/Resources/libFontRegistry.dylib
0x0000000001902000 	/System/Library/PrivateFrameworks/AppleVPA.framework/Versions/A/AppleVPA
0x0000000001902000 	/System/Library/PrivateFrameworks/AppleJPEG.framework/Versions/A/AppleJPEG
0x0000000001902000 	/System/Library/Frameworks/ImageIO.framework/Versions/A/Resources/libJPEG.dylib
0x0000000001902000 	/System/Library/Frameworks/ImageIO.framework/Versions/A/Resources/libTIFF.dylib
0x0000000001902000 	/System/Library/Frameworks/ImageIO.framework/Versions/A/Resources/libPng.dylib
0x0000000001902000 	/System/Library/Frameworks/ImageIO.framework/Versions/A/Resources/libGIF.dylib
0x0000000001902000 	/System/Library/Frameworks/ImageIO.framework/Versions/A/Resources/libJP2.dylib
0x0000000001902000 	/System/Library/Frameworks/ImageIO.framework/Versions/A/Resources/libRadiance.dylib
0x0000000001902000 	/System/Library/Frameworks/CoreVideo.framework/Versions/A/CoreVideo
0x0000000001902000 	/System/Library/Frameworks/OpenGL.framework/Versions/A/Libraries/libGLU.dylib
0x0000000001902000 	/System/Library/Frameworks/OpenGL.framework/Versions/A/Libraries/libGFXShared.dylib
0x0000000001902000 	/System/Library/Frameworks/OpenGL.framework/Versions/A/Libraries/libGL.dylib
0x0000000001902000 	/System/Library/Frameworks/OpenGL.framework/Versions/A/Libraries/libGLImage.dylib
0x0000000001902000 	/System/Library/Frameworks/OpenGL.framework/Versions/A/Libraries/libCVMSPluginSupport.dylib
0x0000000001902000 	/System/Library/Frameworks/OpenGL.framework/Versions/A/Libraries/libCoreVMClient.dylib
0x0000000001902000 	/usr/lib/libcups.2.dylib
0x0000000001902000 	/System/Library/Frameworks/Kerberos.framework/Versions/A/Kerberos
0x0000000001902000 	/System/Library/Frameworks/GSS.framework/Versions/A/GSS
0x0000000001902000 	/usr/lib/libresolv.9.dylib
0x0000000001902000 	/usr/lib/libiconv.2.dylib
0x0000000001902000 	/System/Library/PrivateFrameworks/Heimdal.framework/Versions/A/Heimdal
0x0000000001902000 	/usr/lib/libheimdal-asn1.dylib
0x0000000001902000 	/System/Library/Frameworks/OpenDirectory.framework/Versions/A/OpenDirectory
0x0000000001902000 	/System/Library/PrivateFrameworks/CommonAuth.framework/Versions/A/CommonAuth
0x0000000001902000 	/System/Library/Frameworks/OpenDirectory.framework/Versions/A/Frameworks/CFOpenDirectory.framework/Versions/A/CFOpenDirectory
0x0000000001902000 	/System/Library/Frameworks/SecurityFoundation.framework/Versions/A/SecurityFoundation
0x0000000001902000 	/System/Library/PrivateFrameworks/LanguageModeling.framework/Versions/A/LanguageModeling
0x0000000001902000 	/usr/lib/libcmph.dylib
0x0000000001902000 	/System/Library/Frameworks/ServiceManagement.framework/Versions/A/ServiceManagement
0x0000000001902000 	/usr/lib/libxslt.1.dylib
0x0000000001902000 	/System/Library/Frameworks/Carbon.framework/Versions/A/Frameworks/Ink.framework/Versions/A/Ink
0x0000000001902000 	/System/Library/Frameworks/QuartzCore.framework/Versions/A/Frameworks/CoreImage.framework/Versions/A/CoreImage
0x0000000001902000 	/System/Library/PrivateFrameworks/CrashReporterSupport.framework/Versions/A/CrashReporterSupport
0x0000000001902000 	/System/Library/Frameworks/OpenCL.framework/Versions/A/OpenCL
0x0000000001902000 	/System/Library/PrivateFrameworks/FaceCore.framework/Versions/A/FaceCore
0x0000000001902000 	/System/Library/PrivateFrameworks/Ubiquity.framework/Versions/A/Ubiquity
0x0000000001902000 	/System/Library/PrivateFrameworks/IconServices.framework/Versions/A/IconServices
0x0000000001902000 	/System/Library/PrivateFrameworks/ChunkingLibrary.framework/Versions/A/ChunkingLibrary
0x0000000001902000 	/System/Library/PrivateFrameworks/Apple80211.framework/Versions/A/Apple80211
0x0000000001902000 	/System/Library/Frameworks/CoreWLAN.framework/Versions/A/CoreWLAN
0x0000000001902000 	/System/Library/Frameworks/IOBluetooth.framework/Versions/A/IOBluetooth
0x0000000001902000 	/System/Library/PrivateFrameworks/CoreWiFi.framework/Versions/A/CoreWiFi
0x0000000001902000 	/System/Library/Frameworks/CoreBluetooth.framework/Versions/A/CoreBluetooth
0x0000000001902000 	/System/Library/PrivateFrameworks/DebugSymbols.framework/Versions/A/DebugSymbols
0x0000000001902000 	/System/Library/PrivateFrameworks/CoreSymbolication.framework/Versions/A/CoreSymbolication
0x0000000001902000 	/System/Library/PrivateFrameworks/Symbolication.framework/Versions/A/Symbolication
0x0000000001902000 	/System/Library/PrivateFrameworks/SpeechRecognitionCore.framework/Versions/A/SpeechRecognitionCore
0x000000010d400000 	/Library/Java/JavaVirtualMachines/jdk1.7.0_75.jdk/Contents/Home/jre/lib/server/libjvm.dylib
0x0000000001902000 	/usr/lib/libstdc++.6.dylib
0x000000010cb13000 	/Library/Java/JavaVirtualMachines/jdk1.7.0_75.jdk/Contents/Home/jre/lib/libverify.dylib
0x000000010cb20000 	/Library/Java/JavaVirtualMachines/jdk1.7.0_75.jdk/Contents/Home/jre/lib/libjava.dylib
0x000000010cb5a000 	/Library/Java/JavaVirtualMachines/jdk1.7.0_75.jdk/Contents/Home/jre/lib/libzip.dylib
0x00000001151e1000 	/System/Library/Frameworks/JavaVM.framework/Frameworks/JavaRuntimeSupport.framework/JavaRuntimeSupport
0x000000010cbeb000 	/System/Library/Frameworks/JavaVM.framework/Versions/A/Frameworks/JavaNativeFoundation.framework/Versions/A/JavaNativeFoundation
0x00000001151f9000 	/System/Library/Frameworks/JavaVM.framework/Versions/A/JavaVM
0x0000000001902000 	/System/Library/Frameworks/Carbon.framework/Versions/A/Carbon
0x0000000115206000 	/System/Library/PrivateFrameworks/JavaLaunching.framework/Versions/A/JavaLaunching
0x0000000001902000 	/System/Library/Frameworks/Carbon.framework/Versions/A/Frameworks/CommonPanels.framework/Versions/A/CommonPanels
0x0000000001902000 	/System/Library/Frameworks/Carbon.framework/Versions/A/Frameworks/Help.framework/Versions/A/Help
0x0000000001902000 	/System/Library/Frameworks/Carbon.framework/Versions/A/Frameworks/ImageCapture.framework/Versions/A/ImageCapture
0x0000000001902000 	/System/Library/Frameworks/Carbon.framework/Versions/A/Frameworks/OpenScripting.framework/Versions/A/OpenScripting
0x0000000001902000 	/System/Library/Frameworks/Carbon.framework/Versions/A/Frameworks/Print.framework/Versions/A/Print
0x0000000001902000 	/System/Library/Frameworks/Carbon.framework/Versions/A/Frameworks/SecurityHI.framework/Versions/A/SecurityHI
0x000000011705d000 	/Library/Java/JavaVirtualMachines/jdk1.7.0_75.jdk/Contents/Home/jre/lib/libawt.dylib
0x000000011710c000 	/Library/Java/JavaVirtualMachines/jdk1.7.0_75.jdk/Contents/Home/jre/lib/./libmlib_image.dylib
0x00000001171d8000 	/Library/Java/JavaVirtualMachines/jdk1.7.0_75.jdk/Contents/Home/jre/lib/lwawt/liblwawt.dylib
0x000000011728c000 	/Library/Java/JavaVirtualMachines/jdk1.7.0_75.jdk/Contents/Home/jre/lib/libosxapp.dylib
0x0000000001902000 	/System/Library/Frameworks/ExceptionHandling.framework/Versions/A/ExceptionHandling
0x0000000001902000 	/System/Library/PrivateFrameworks/CoreServicesInternal.framework/Versions/A/CoreServicesInternal
0x0000000001902000 	/System/Library/PrivateFrameworks/CloudDocs.framework/Versions/A/CloudDocs
0x0000000001902000 	/System/Library/PrivateFrameworks/CoreDuet.framework/Versions/A/CoreDuet
0x0000000001902000 	/System/Library/Frameworks/CloudKit.framework/Versions/A/CloudKit
0x0000000001902000 	/System/Library/PrivateFrameworks/ProtocolBuffer.framework/Versions/A/ProtocolBuffer
0x0000000001902000 	/System/Library/PrivateFrameworks/CoreDuetDaemonProtocol.framework/Versions/A/CoreDuetDaemonProtocol
0x0000000001902000 	/System/Library/PrivateFrameworks/CoreDuetDebugLogging.framework/Versions/A/CoreDuetDebugLogging
0x0000000001902000 	/System/Library/PrivateFrameworks/MMCS.framework/Versions/A/MMCS
0x0000000001902000 	/System/Library/Frameworks/CoreLocation.framework/Versions/A/CoreLocation
0x0000000001902000 	/System/Library/PrivateFrameworks/ProtectedCloudStorage.framework/Versions/A/ProtectedCloudStorage
0x0000000001902000 	/System/Library/PrivateFrameworks/GeoServices.framework/Versions/A/GeoServices
0x0000000118995000 	/System/Library/Frameworks/CoreGraphics.framework/Versions/A/Resources/libCGCMS.A.dylib
0x0000000119478000 	/System/Library/Frameworks/CoreGraphics.framework/Versions/A/Resources/libRIP.A.dylib
0x00000001196f4000 	/System/Library/Frameworks/CoreGraphics.framework/Versions/A/Resources/libCGXType.A.dylib
0x0000000001902000 	/System/Library/Frameworks/OpenCL.framework/Versions/A/Libraries/libcldcpuengine.dylib
0x0000000001902000 	/System/Library/PrivateFrameworks/DiskImages.framework/Versions/A/DiskImages
0x0000000001902000 	/System/Library/Frameworks/DiscRecording.framework/Versions/A/DiscRecording
0x0000000001902000 	/usr/lib/libcsfde.dylib
0x0000000001902000 	/usr/lib/libcurl.4.dylib
0x0000000001902000 	/System/Library/PrivateFrameworks/MediaKit.framework/Versions/A/MediaKit
0x0000000001902000 	/usr/lib/libCoreStorage.dylib
0x0000000001902000 	/System/Library/PrivateFrameworks/EFILogin.framework/Versions/A/EFILogin
0x0000000001902000 	/usr/lib/libutil.dylib
0x0000000001902000 	/System/Library/PrivateFrameworks/FindMyDevice.framework/Versions/A/FindMyDevice
0x0000000001902000 	/System/Library/Frameworks/LDAP.framework/Versions/A/LDAP
0x0000000001902000 	/usr/lib/libsasl2.2.dylib
0x0000000001902000 	/System/Library/PrivateFrameworks/CoreDaemon.framework/Versions/B/CoreDaemon
0x0000000001902000 	/usr/lib/libcrypto.0.9.8.dylib
0x0000000001902000 	/System/Library/PrivateFrameworks/AppleSRP.framework/Versions/A/AppleSRP
0x0000000001902000 	/System/Library/PrivateFrameworks/TrustEvaluationAgent.framework/Versions/A/TrustEvaluationAgent
0x000000011a164000 	cl_kernels
0x000000011a166000 	/System/Library/Frameworks/OpenCL.framework/Versions/A/Libraries/ImageFormats/unorm8_bgra.dylib
0x000000011a155000 	cl_kernels
0x0000000001902000 	/System/Library/PrivateFrameworks/FamilyControls.framework/Versions/A/FamilyControls
0x0000000001902000 	/System/Library/PrivateFrameworks/CommerceKit.framework/Versions/A/Frameworks/CommerceCore.framework/Versions/A/CommerceCore
0x0000000001902000 	/System/Library/PrivateFrameworks/SystemAdministration.framework/Versions/A/SystemAdministration
0x0000000001902000 	/System/Library/PrivateFrameworks/AppContainer.framework/Versions/A/AppContainer
0x0000000001902000 	/System/Library/PrivateFrameworks/SecCodeWrapper.framework/Versions/A/SecCodeWrapper
0x0000000001902000 	/System/Library/Frameworks/DirectoryService.framework/Versions/A/DirectoryService
0x0000000001902000 	/System/Library/PrivateFrameworks/LoginUIKit.framework/Versions/A/Frameworks/LoginUICore.framework/Versions/A/LoginUICore
0x0000000001902000 	/usr/lib/libodfde.dylib
0x000000011b32c000 	/Library/Java/JavaVirtualMachines/jdk1.7.0_75.jdk/Contents/Home/jre/lib/libfontmanager.dylib
0x000000011b393000 	/Users/nhiquach/MPCLab/Cannon Game/lib/native/macosx/liblwjgl.dylib
0x0000000119689000 	/Library/Java/JavaVirtualMachines/jdk1.7.0_75.jdk/Contents/Home/jre/lib/libjawt.dylib
0x000000011968c000 	/Library/Java/JavaVirtualMachines/jdk1.7.0_75.jdk/Contents/Home/jre/lib/libnio.dylib
0x000000011969b000 	/Library/Java/JavaVirtualMachines/jdk1.7.0_75.jdk/Contents/Home/jre/lib/./libnet.dylib
0x000000011b45d000 	/System/Library/Frameworks/OpenGL.framework/Resources/GLEngine.bundle/GLEngine
0x0000000001902000 	/System/Library/Frameworks/OpenGL.framework/Versions/A/Libraries/libGLProgrammability.dylib
0x0000000000000000 	/System/Library/Extensions/AppleIntelHD4000GraphicsGLDriver.bundle/Contents/MacOS/AppleIntelHD4000GraphicsGLDriver
0x0000000001902000 	/System/Library/PrivateFrameworks/IOAccelerator.framework/Versions/A/IOAccelerator
0x0000000001902000 	/System/Library/PrivateFrameworks/GPUSupport.framework/Versions/A/Libraries/libGPUSupportMercury.dylib
0x0000000001902000 	/System/Library/Frameworks/OpenGL.framework/Versions/A/Libraries//libLLVMContainer.dylib
0x000000011b648000 	/System/Library/Frameworks/OpenGL.framework/Resources//GLRendererFloat.bundle/GLRendererFloat

VM Arguments:
jvm_args: -Djava.library.path=/Users/nhiquach/MPCLab/Cannon Game/lib/native/macosx -Dfile.encoding=UTF-8 
java_command: com.mpc.game.Game
Launcher Type: SUN_STANDARD

Environment Variables:
PATH=/usr/bin:/bin:/usr/sbin:/sbin
SHELL=/bin/bash
DISPLAY=/private/tmp/com.apple.launchd.222OmIBGmO/org.macosforge.xquartz:0

Signal Handlers:
SIGSEGV: [libjvm.dylib+0x52d20d], sa_mask[0]=0xfffefeff, sa_flags=0x00000043
SIGBUS: [libjvm.dylib+0x52d20d], sa_mask[0]=0xfffefeff, sa_flags=0x00000042
SIGFPE: [libjvm.dylib+0x41ee7a], sa_mask[0]=0xfffefeff, sa_flags=0x00000042
SIGPIPE: [libjvm.dylib+0x41ee7a], sa_mask[0]=0xfffefeff, sa_flags=0x00000042
SIGXFSZ: [libjvm.dylib+0x41ee7a], sa_mask[0]=0xfffefeff, sa_flags=0x00000042
SIGILL: [libjvm.dylib+0x41ee7a], sa_mask[0]=0xfffefeff, sa_flags=0x00000042
SIGUSR1: SIG_DFL, sa_mask[0]=0x00000000, sa_flags=0x00000000
SIGUSR2: [libjvm.dylib+0x41e96c], sa_mask[0]=0x00000004, sa_flags=0x00000042
SIGHUP: [libjvm.dylib+0x41cbfd], sa_mask[0]=0xfffefeff, sa_flags=0x00000042
SIGINT: [libjvm.dylib+0x41cbfd], sa_mask[0]=0xfffefeff, sa_flags=0x00000042
SIGTERM: [libjvm.dylib+0x41cbfd], sa_mask[0]=0xfffefeff, sa_flags=0x00000042
SIGQUIT: [libjvm.dylib+0x41cbfd], sa_mask[0]=0xfffefeff, sa_flags=0x00000042


---------------  S Y S T E M  ---------------

OS:Bsduname:Darwin 14.3.0 Darwin Kernel Version 14.3.0: Mon Mar 16 23:12:31 PDT 2015; root:xnu-2782.20.48~4/RELEASE_X86_64 x86_64
rlimit: STACK 8192k, CORE 0k, NPROC 709, NOFILE 10240, AS infinity
load average:1.50 1.68 1.54

CPU:total 4 (2 cores per cpu, 2 threads per core) family 6 model 58 stepping 9, cmov, cx8, fxsr, mmx, sse, sse2, sse3, ssse3, sse4.1, sse4.2, popcnt, avx, aes, erms, ht, tsc, tscinvbit, tscinv

Memory: 4k page, physical 4194304k(1048576k free)

/proc/meminfo:


vm_info: Java HotSpot(TM) 64-Bit Server VM (24.75-b04) for bsd-amd64 JRE (1.7.0_75-b13), built on Dec 18 2014 21:48:12 by "java_re" with gcc 4.2.1 (Based on Apple Inc. build 5658) (LLVM build 2336.11.00)

time: Sat Mar 28 01:13:00 2015
elapsed time: 7 seconds

