#
# A fatal error has been detected by the Java Runtime Environment:
#
#  SIGSEGV (0xb) at pc=0x00007fff8e9218f2, pid=7541, tid=1811
#
# JRE version: Java(TM) SE Runtime Environment (7.0_75-b13) (build 1.7.0_75-b13)
# Java VM: Java HotSpot(TM) 64-Bit Server VM (24.75-b04 mixed mode bsd-amd64 compressed oops)
# Problematic frame:
# C  [libGPUSupportMercury.dylib+0xb8f2]  gldAttachDrawable+0x60
#
# Failed to write core dump. Core dumps have been disabled. To enable core dumping, try "ulimit -c unlimited" before starting Java again
#
# If you would like to submit a bug report, please visit:
#   http://bugreport.sun.com/bugreport/crash.jsp
# The crash happened outside the Java Virtual Machine in native code.
# See problematic frame for where to report the bug.
#

---------------  T H R E A D  ---------------

Current thread (0x00007fd8a48c0000):  JavaThread "AppKit Thread" daemon [_thread_in_native, id=1811, stack(0x00007fff5a9ba000,0x00007fff5aa3a000)]

siginfo:si_signo=SIGSEGV: si_errno=0, si_code=0 (SEGV0), si_addr=0x0000000000000000

Registers:
RAX=0x8000000000000000, RBX=0x000000000000271e, RCX=0x0000000000000000, RDX=0x00007fd8a3628358
RSP=0x00007fff5aa337b0, RBP=0x00007fff5aa338b0, RSI=0x0000000000000050, RDI=0x00007fff7adb5070
R8 =0x00007fd8a600aa60, R9 =0x00007fd8a6000000, R10=0x000000000000003c, R11=0x0000000000000206
R12=0x0000000000002718, R13=0x00007fd8a492e000, R14=0x0000000000000050, R15=0x0000000000000000
RIP=0x00007fff8e9218f2, EFLAGS=0x0000000000010212, ERR=0x0000000000000000
  TRAPNO=0x000000000000000d

Top of Stack: (sp=0x00007fff5aa337b0)
0x00007fff5aa337b0:   00007fff5aa33824 00007fd8a35433a0
0x00007fff5aa337c0:   ffffffffffffffff 0000206000000040
0x00007fff5aa337d0:   00007fd8a35433b8 00007fff90b4864f
0x00007fff5aa337e0:   0000000000000000 8000000000000000
0x00007fff5aa337f0:   0000000300000003 00007fff5aa33938
0x00007fff5aa33800:   00007fff5aa338c4 000000000002164f
0x00007fff5aa33810:   00007fff5aa338bc 00007fff5aa338c0
0x00007fff5aa33820:   00007fff5aa338a0 00007fff95b41726
0x00007fff5aa33830:   0000000000000000 0000000000000d96
0x00007fff5aa33840:   0000003400001200 0000040b00000000
0x00007fff5aa33850:   00007fff5aa33880 00007fff95ad7f3c
0x00007fff5aa33860:   00007fff5aa338b0 0000000000000d96
0x00007fff5aa33870:   0000000004273c00 0000000045d00e0b
0x00007fff5aa33880:   8f007481fb26af64 00007fd8a6000c00
0x00007fff5aa33890:   0000000000002718 0000000000000000
0x00007fff5aa338a0:   0000000000000050 0000000000000000
0x00007fff5aa338b0:   00007fff5aa33900 0000000113c377e8
0x00007fff5aa338c0:   00007fd8a600aa60 0000000000000000
0x00007fff5aa338d0:   00007fd8a3628358 00007fd8a365b5e0
0x00007fff5aa338e0:   0000000000000000 00007fd8a410c550
0x00007fff5aa338f0:   00007fd8a410a600 00007fff7adb5070
0x00007fff5aa33900:   00007fff5aa339f0 00007fff8aac5870
0x00007fff5aa33910:   408c200000000000 4054000000000000
0x00007fff5aa33920:   4051000000000000 4094000000000000
0x00007fff5aa33930:   4087300000000000 0000000000000000
0x00007fff5aa33940:   4036000000000000 4094000000000000
0x00007fff5aa33950:   4086800000000000 0000000000000000
0x00007fff5aa33960:   0000000000000000 0000000000000001
0x00007fff5aa33970:   00007fd8a3628358 0000000000000001
0x00007fff5aa33980:   00007fff5aa339f0 00007fff8aaca66b
0x00007fff5aa33990:   0000000100000003 00007fd8a410c550
0x00007fff5aa339a0:   00007fd8a410c488 0000000293d2ffff 

Instructions: (pc=0x00007fff8e9218f2)
0x00007fff8e9218d2:   48 85 d2 b8 01 00 00 00 bb 15 27 00 00 0f 44 d8
0x00007fff8e9218e2:   e9 7f 01 00 00 49 8b 45 08 48 89 85 38 ff ff ff
0x00007fff8e9218f2:   48 8b 00 48 89 85 30 ff ff ff 83 fe 4f 0f 8f fd
0x00007fff8e921902:   00 00 00 48 89 d0 bb 15 27 00 00 83 fe 35 0f 84 

Register to memory mapping:

RAX=0x8000000000000000 is an unknown value
RBX=0x000000000000271e is an unknown value
RCX=0x0000000000000000 is an unknown value
RDX=0x00007fd8a3628358 is an unknown value
RSP=0x00007fff5aa337b0 is pointing into the stack for thread: 0x00007fd8a48c0000
RBP=0x00007fff5aa338b0 is pointing into the stack for thread: 0x00007fd8a48c0000
RSI=0x0000000000000050 is an unknown value
RDI=0x00007fff7adb5070: __stack_chk_guard+0 in /usr/lib/system/libsystem_c.dylib at 0x00007fff8c748000
R8 =0x00007fd8a600aa60 is an unknown value
R9 =0x00007fd8a6000000 is an unknown value
R10=0x000000000000003c is an unknown value
R11=0x0000000000000206 is an unknown value
R12=0x0000000000002718 is an unknown value
R13=0x00007fd8a492e000 is an unknown value
R14=0x0000000000000050 is an unknown value
R15=0x0000000000000000 is an unknown value


Stack: [0x00007fff5a9ba000,0x00007fff5aa3a000],  sp=0x00007fff5aa337b0,  free space=485k
Native frames: (J=compiled Java code, j=interpreted, Vv=VM code, C=native code)
C  [libGPUSupportMercury.dylib+0xb8f2]  gldAttachDrawable+0x60
C  [GLEngine+0x167e8]  gliAttachDrawableWithOptions+0x101
C  [OpenGL+0x3870]  glcGetIOAccelService+0xe03
C  [OpenGL+0x7412]  CGLSetPBuffer+0xb90
C  [OpenGL+0x7735]  CGLSetSurface+0x124
C  [AppKit+0x332d04]  NSOpenGLContextAttachOnScreenViewSurface+0x109
C  [AppKit+0x31dc4c]  -[NSOpenGLContext setView:]+0x83
C  [liblwjgl.dylib+0xa586]  -[MacOSXOpenGLView lockFocus]+0x76
C  [AppKit+0xe1a55]  -[NSView _recursiveDisplayRectIfNeededIgnoringOpacity:isVisibleRect:rectIsVisibleRectForView:topView:]+0x740
C  [AppKit+0xe2ab0]  -[NSView _recursiveDisplayRectIfNeededIgnoringOpacity:isVisibleRect:rectIsVisibleRectForView:topView:]+0x179b
C  [AppKit+0xe0e03]  -[NSThemeFrame _recursiveDisplayRectIfNeededIgnoringOpacity:isVisibleRect:rectIsVisibleRectForView:topView:]+0x14d
C  [AppKit+0xdd18b]  -[NSView _displayRectIgnoringOpacity:isVisibleRect:rectIsVisibleRectForView:]+0xac9
C  [AppKit+0x94e3d]  -[NSView displayIfNeeded]+0x754
C  [AppKit+0x946a5]  -[NSWindow displayIfNeeded]+0xe8
C  [AppKit+0x94312]  _handleWindowNeedsDisplayOrLayoutOrUpdateConstraints+0x3a8
C  [Foundation+0x4b9e3]  __NSFireTimer+0x5f
C  [CoreFoundation+0xb7824]  __CFRUNLOOP_IS_CALLING_OUT_TO_A_TIMER_CALLBACK_FUNCTION__+0x14
C  [CoreFoundation+0xb74b3]  __CFRunLoopDoTimer+0x423
C  [CoreFoundation+0x12aa4d]  __CFRunLoopDoTimers+0x12d
C  [CoreFoundation+0x72d08]  __CFRunLoopRun+0x7e8
C  [CoreFoundation+0x722d8]  CFRunLoopRunSpecific+0x128
C  [HIToolbox+0x32a1f]  RunCurrentEventLoopInMode+0xeb
C  [HIToolbox+0x3279a]  ReceiveNextEventCommon+0x1af
C  [HIToolbox+0x325db]  _BlockUntilNextEventMatchingListInModeWithFilter+0x47
C  [AppKit+0x91621]  _DPSNextEvent+0x3c4
C  [AppKit+0x90c20]  -[NSApplication nextEventMatchingMask:untilDate:inMode:dequeue:]+0xc2
C  [libosxapp.dylib+0x24e3]  -[NSApplicationAWT nextEventMatchingMask:untilDate:inMode:dequeue:]+0x7c
C  [AppKit+0x86933]  -[NSApplication run]+0x252
C  [libosxapp.dylib+0x2346]  +[NSApplicationAWT runAWTLoopWithApp:]+0x9c
C  [liblwawt.dylib+0xd4dd]  -[AWTStarter starter:]+0x369
C  [Foundation+0x92d90]  __NSThreadPerformPerform+0x125
C  [CoreFoundation+0x81101]  __CFRUNLOOP_IS_CALLING_OUT_TO_A_SOURCE0_PERFORM_FUNCTION__+0x11
C  [CoreFoundation+0x7328d]  __CFRunLoopDoSources0+0x10d
C  [CoreFoundation+0x728bf]  __CFRunLoopRun+0x39f
C  [CoreFoundation+0x722d8]  CFRunLoopRunSpecific+0x128
C  [java+0x73b0]  CreateExecutionEnvironment+0x367
C  [java+0x1b5c]  JLI_Launch+0x7a0
C  [java+0x770d]  main+0x65
C  [java+0x13b4]  start+0x34


---------------  P R O C E S S  ---------------

Java Threads: ( => current thread )
  0x00007fd8a48d6800 JavaThread "AWT-Shutdown" [_thread_blocked, id=29191, stack(0x0000000111169000,0x0000000111269000)]
=>0x00007fd8a48c0000 JavaThread "AppKit Thread" daemon [_thread_in_native, id=1811, stack(0x00007fff5a9ba000,0x00007fff5aa3a000)]
  0x00007fd8a4820000 JavaThread "Service Thread" daemon [_thread_blocked, id=17667, stack(0x000000010f5bb000,0x000000010f6bb000)]
  0x00007fd8a481f800 JavaThread "C2 CompilerThread1" daemon [_thread_blocked, id=17155, stack(0x000000010f4b8000,0x000000010f5b8000)]
  0x00007fd8a481e000 JavaThread "C2 CompilerThread0" daemon [_thread_blocked, id=16643, stack(0x000000010f3b5000,0x000000010f4b5000)]
  0x00007fd8a481b000 JavaThread "Signal Dispatcher" daemon [_thread_blocked, id=13579, stack(0x000000010f2b2000,0x000000010f3b2000)]
  0x00007fd8a402d000 JavaThread "Finalizer" daemon [_thread_blocked, id=11523, stack(0x000000010d89e000,0x000000010d99e000)]
  0x00007fd8a402c800 JavaThread "Reference Handler" daemon [_thread_blocked, id=11011, stack(0x000000010d79b000,0x000000010d89b000)]
  0x00007fd8a3809000 JavaThread "main" [_thread_in_native, id=4867, stack(0x0000000106601000,0x0000000106701000)]

Other Threads:
  0x00007fd8a3829000 VMThread [stack: 0x000000010d698000,0x000000010d798000] [id=10499]
  0x00007fd8a4810000 WatcherThread [stack: 0x000000010f6be000,0x000000010f7be000] [id=18179]

VM state:not at safepoint (normal execution)

VM Mutex/Monitor currently owned by a thread: None

Heap
 PSYoungGen      total 19456K, used 8728K [0x00000007eaa80000, 0x00000007ec000000, 0x0000000800000000)
  eden space 16896K, 51% used [0x00000007eaa80000,0x00000007eb306178,0x00000007ebb00000)
  from space 2560K, 0% used [0x00000007ebd80000,0x00000007ebd80000,0x00000007ec000000)
  to   space 2560K, 0% used [0x00000007ebb00000,0x00000007ebb00000,0x00000007ebd80000)
 ParOldGen       total 43520K, used 0K [0x00000007c0000000, 0x00000007c2a80000, 0x00000007eaa80000)
  object space 43520K, 0% used [0x00000007c0000000,0x00000007c0000000,0x00000007c2a80000)
 PSPermGen       total 21504K, used 6075K [0x00000007bae00000, 0x00000007bc300000, 0x00000007c0000000)
  object space 21504K, 28% used [0x00000007bae00000,0x00000007bb3eed48,0x00000007bc300000)

Card table byte_map: [0x00000001097c3000,0x00000001099ed000] byte_map_base: 0x00000001059ec000

Polling page: 0x0000000105d79000

Code Cache  [0x0000000106703000, 0x0000000106973000, 0x0000000109703000)
 total_blobs=464 nmethods=135 adapters=283 free_code_cache=48475Kb largest_free_block=49614400

Compilation events (10 events):
Event: 17.108 Thread 0x00007fd8a481f800  131             org.newdawn.slick.Input::getMouseY (21 bytes)
Event: 17.109 Thread 0x00007fd8a481f800 nmethod 131 0x00000001067ab010 code [0x00000001067ab160, 0x00000001067ab3f8]
Event: 17.420 Thread 0x00007fd8a481e000  132             com.mpc.objects.Cannon::getX (5 bytes)
Event: 17.420 Thread 0x00007fd8a481f800  133             com.mpc.objects.Cannon::getY (5 bytes)
Event: 17.421 Thread 0x00007fd8a481e000 nmethod 132 0x00000001067aa190 code [0x00000001067aa2c0, 0x00000001067aa318]
Event: 17.421 Thread 0x00007fd8a481f800 nmethod 133 0x00000001067aae10 code [0x00000001067aaf40, 0x00000001067aaf98]
Event: 17.545 Thread 0x00007fd8a481e000  134             java.lang.String::getChars (62 bytes)
Event: 17.547 Thread 0x00007fd8a481e000 nmethod 134 0x00000001067adbd0 code [0x00000001067add20, 0x00000001067ade58]
Event: 17.581 Thread 0x00007fd8a481f800  135             java.lang.AbstractStringBuilder::append (48 bytes)
Event: 17.586 Thread 0x00007fd8a481f800 nmethod 135 0x00000001067ad350 code [0x00000001067ad4c0, 0x00000001067ad8b8]

GC Heap History (0 events):
No events

Deoptimization events (0 events):
No events

Internal exceptions (10 events):
Event: 0.589 Thread 0x00007fd8a3809000 Threw 0x00000007eb0c4930 at /HUDSON/workspace/7u-2-build-macosx-x86_64/jdk7u75/1940/hotspot/src/share/vm/prims/jvm.cpp:1281
Event: 0.592 Thread 0x00007fd8a3809000 Threw 0x00000007eb0de9c0 at /HUDSON/workspace/7u-2-build-macosx-x86_64/jdk7u75/1940/hotspot/src/share/vm/prims/jvm.cpp:1281
Event: 0.613 Thread 0x00007fd8a3809000 Threw 0x00000007eb1217d8 at /HUDSON/workspace/7u-2-build-macosx-x86_64/jdk7u75/1940/hotspot/src/share/vm/prims/jvm.cpp:1281
Event: 0.614 Thread 0x00007fd8a3809000 Threw 0x00000007eb122e80 at /HUDSON/workspace/7u-2-build-macosx-x86_64/jdk7u75/1940/hotspot/src/share/vm/prims/jvm.cpp:1281
Event: 0.614 Thread 0x00007fd8a3809000 Threw 0x00000007eb123028 at /HUDSON/workspace/7u-2-build-macosx-x86_64/jdk7u75/1940/hotspot/src/share/vm/classfile/systemDictionary.cpp:174
Event: 0.614 Thread 0x00007fd8a3809000 Threw 0x00000007eb124df8 at /HUDSON/workspace/7u-2-build-macosx-x86_64/jdk7u75/1940/hotspot/src/share/vm/prims/jvm.cpp:1281
Event: 0.620 Thread 0x00007fd8a3809000 Threw 0x00000007eb131580 at /HUDSON/workspace/7u-2-build-macosx-x86_64/jdk7u75/1940/hotspot/src/share/vm/prims/jvm.cpp:1281
Event: 0.622 Thread 0x00007fd8a3809000 Threw 0x00000007eb13a648 at /HUDSON/workspace/7u-2-build-macosx-x86_64/jdk7u75/1940/hotspot/src/share/vm/prims/jvm.cpp:1281
Event: 0.624 Thread 0x00007fd8a3809000 Threw 0x00000007eb142530 at /HUDSON/workspace/7u-2-build-macosx-x86_64/jdk7u75/1940/hotspot/src/share/vm/prims/jvm.cpp:1281
Event: 18.077 Thread 0x00007fd8a3809000 Threw 0x00000007eb2f0f18 at /HUDSON/workspace/7u-2-build-macosx-x86_64/jdk7u75/1940/hotspot/src/share/vm/prims/jvm.cpp:1281

Events (10 events):
Event: 0.623 loading class 0x00007fd8a35af740
Event: 0.623 loading class 0x00007fd8a35af740 done
Event: 1.468 loading class 0x000000010c409750
Event: 1.468 loading class 0x000000010c409750 done
Event: 4.111 Executing VM operation: EnableBiasedLocking
Event: 4.112 Executing VM operation: EnableBiasedLocking done
Event: 12.926 loading class 0x000000010c43bfa0
Event: 12.926 loading class 0x000000010c43bfa0 done
Event: 18.077 loading class 0x00007fd8a3662f60
Event: 18.077 loading class 0x00007fd8a3662f60 done


Dynamic libraries:
0x000000000aa9d000 	/System/Library/Frameworks/Cocoa.framework/Versions/A/Cocoa
0x000000000aa9d000 	/System/Library/Frameworks/Security.framework/Versions/A/Security
0x000000000aa9d000 	/System/Library/Frameworks/ApplicationServices.framework/Versions/A/ApplicationServices
0x000000000aa9d000 	/usr/lib/libz.1.dylib
0x000000000aa9d000 	/usr/lib/libSystem.B.dylib
0x000000000aa9d000 	/usr/lib/libobjc.A.dylib
0x000000000aa9d000 	/System/Library/Frameworks/CoreFoundation.framework/Versions/A/CoreFoundation
0x000000000aa9d000 	/System/Library/Frameworks/Foundation.framework/Versions/C/Foundation
0x000000000aa9d000 	/System/Library/Frameworks/AppKit.framework/Versions/C/AppKit
0x000000000aa9d000 	/System/Library/Frameworks/CoreData.framework/Versions/A/CoreData
0x000000000aa9d000 	/System/Library/PrivateFrameworks/RemoteViewServices.framework/Versions/A/RemoteViewServices
0x000000000aa9d000 	/System/Library/PrivateFrameworks/UIFoundation.framework/Versions/A/UIFoundation
0x000000000aa9d000 	/System/Library/Frameworks/IOSurface.framework/Versions/A/IOSurface
0x000000000aa9d000 	/System/Library/Frameworks/AudioToolbox.framework/Versions/A/AudioToolbox
0x000000000aa9d000 	/System/Library/Frameworks/AudioUnit.framework/Versions/A/AudioUnit
0x000000000aa9d000 	/System/Library/PrivateFrameworks/DataDetectorsCore.framework/Versions/A/DataDetectorsCore
0x000000000aa9d000 	/System/Library/PrivateFrameworks/DesktopServicesPriv.framework/Versions/A/DesktopServicesPriv
0x000000000aa9d000 	/System/Library/Frameworks/Carbon.framework/Versions/A/Frameworks/HIToolbox.framework/Versions/A/HIToolbox
0x000000000aa9d000 	/System/Library/Frameworks/QuartzCore.framework/Versions/A/QuartzCore
0x000000000aa9d000 	/System/Library/Frameworks/Carbon.framework/Versions/A/Frameworks/SpeechRecognition.framework/Versions/A/SpeechRecognition
0x000000000aa9d000 	/usr/lib/libauto.dylib
0x000000000aa9d000 	/usr/lib/libicucore.A.dylib
0x000000000aa9d000 	/usr/lib/libxml2.2.dylib
0x000000000aa9d000 	/System/Library/PrivateFrameworks/CoreUI.framework/Versions/A/CoreUI
0x000000000aa9d000 	/System/Library/Frameworks/CoreAudio.framework/Versions/A/CoreAudio
0x000000000aa9d000 	/System/Library/Frameworks/DiskArbitration.framework/Versions/A/DiskArbitration
0x000000000aa9d000 	/usr/lib/liblangid.dylib
0x000000000aa9d000 	/System/Library/PrivateFrameworks/MultitouchSupport.framework/Versions/A/MultitouchSupport
0x000000000aa9d000 	/System/Library/Frameworks/IOKit.framework/Versions/A/IOKit
0x000000000aa9d000 	/usr/lib/libDiagnosticMessagesClient.dylib
0x000000000aa9d000 	/System/Library/Frameworks/CoreServices.framework/Versions/A/CoreServices
0x000000000aa9d000 	/System/Library/PrivateFrameworks/PerformanceAnalysis.framework/Versions/A/PerformanceAnalysis
0x000000000aa9d000 	/System/Library/PrivateFrameworks/GenerationalStorage.framework/Versions/A/GenerationalStorage
0x000000000aa9d000 	/System/Library/Frameworks/OpenGL.framework/Versions/A/OpenGL
0x000000000aa9d000 	/System/Library/PrivateFrameworks/Sharing.framework/Versions/A/Sharing
0x000000000aa9d000 	/System/Library/Frameworks/CoreGraphics.framework/Versions/A/CoreGraphics
0x000000000aa9d000 	/System/Library/Frameworks/CoreText.framework/Versions/A/CoreText
0x000000000aa9d000 	/System/Library/Frameworks/ImageIO.framework/Versions/A/ImageIO
0x000000000aa9d000 	/usr/lib/libextension.dylib
0x000000000aa9d000 	/System/Library/PrivateFrameworks/Backup.framework/Versions/A/Backup
0x000000000aa9d000 	/usr/lib/libarchive.2.dylib
0x000000000aa9d000 	/System/Library/Frameworks/CFNetwork.framework/Versions/A/CFNetwork
0x000000000aa9d000 	/System/Library/Frameworks/SystemConfiguration.framework/Versions/A/SystemConfiguration
0x000000000aa9d000 	/usr/lib/libCRFSuite.dylib
0x000000000aa9d000 	/usr/lib/libc++.1.dylib
0x000000000aa9d000 	/usr/lib/libc++abi.dylib
0x000000000aa9d000 	/usr/lib/system/libcache.dylib
0x000000000aa9d000 	/usr/lib/system/libcommonCrypto.dylib
0x000000000aa9d000 	/usr/lib/system/libcompiler_rt.dylib
0x000000000aa9d000 	/usr/lib/system/libcopyfile.dylib
0x000000000aa9d000 	/usr/lib/system/libcorecrypto.dylib
0x000000000aa9d000 	/usr/lib/system/libdispatch.dylib
0x000000000aa9d000 	/usr/lib/system/libdyld.dylib
0x000000000aa9d000 	/usr/lib/system/libkeymgr.dylib
0x000000000aa9d000 	/usr/lib/system/liblaunch.dylib
0x000000000aa9d000 	/usr/lib/system/libmacho.dylib
0x000000000aa9d000 	/usr/lib/system/libquarantine.dylib
0x000000000aa9d000 	/usr/lib/system/libremovefile.dylib
0x000000000aa9d000 	/usr/lib/system/libsystem_asl.dylib
0x000000000aa9d000 	/usr/lib/system/libsystem_blocks.dylib
0x000000000aa9d000 	/usr/lib/system/libsystem_c.dylib
0x000000000aa9d000 	/usr/lib/system/libsystem_configuration.dylib
0x000000000aa9d000 	/usr/lib/system/libsystem_coreservices.dylib
0x000000000aa9d000 	/usr/lib/system/libsystem_coretls.dylib
0x000000000aa9d000 	/usr/lib/system/libsystem_dnssd.dylib
0x000000000aa9d000 	/usr/lib/system/libsystem_info.dylib
0x000000000aa9d000 	/usr/lib/system/libsystem_kernel.dylib
0x000000000aa9d000 	/usr/lib/system/libsystem_m.dylib
0x000000000aa9d000 	/usr/lib/system/libsystem_malloc.dylib
0x000000000aa9d000 	/usr/lib/system/libsystem_network.dylib
0x000000000aa9d000 	/usr/lib/system/libsystem_networkextension.dylib
0x000000000aa9d000 	/usr/lib/system/libsystem_notify.dylib
0x000000000aa9d000 	/usr/lib/system/libsystem_platform.dylib
0x000000000aa9d000 	/usr/lib/system/libsystem_pthread.dylib
0x000000000aa9d000 	/usr/lib/system/libsystem_sandbox.dylib
0x000000000aa9d000 	/usr/lib/system/libsystem_secinit.dylib
0x000000000aa9d000 	/usr/lib/system/libsystem_stats.dylib
0x000000000aa9d000 	/usr/lib/system/libsystem_trace.dylib
0x000000000aa9d000 	/usr/lib/system/libunc.dylib
0x000000000aa9d000 	/usr/lib/system/libunwind.dylib
0x000000000aa9d000 	/usr/lib/system/libxpc.dylib
0x000000000aa9d000 	/usr/lib/libbz2.1.0.dylib
0x000000000aa9d000 	/usr/lib/liblzma.5.dylib
0x000000000aa9d000 	/usr/lib/libbsm.0.dylib
0x000000000aa9d000 	/usr/lib/libsqlite3.dylib
0x000000000aa9d000 	/usr/lib/system/libkxld.dylib
0x000000000aa9d000 	/usr/lib/libxar.1.dylib
0x000000000aa9d000 	/usr/lib/libpam.2.dylib
0x000000000aa9d000 	/usr/lib/libOpenScriptingUtil.dylib
0x000000000aa9d000 	/System/Library/Frameworks/CoreServices.framework/Versions/A/Frameworks/FSEvents.framework/Versions/A/FSEvents
0x000000000aa9d000 	/System/Library/Frameworks/CoreServices.framework/Versions/A/Frameworks/CarbonCore.framework/Versions/A/CarbonCore
0x000000000aa9d000 	/System/Library/Frameworks/CoreServices.framework/Versions/A/Frameworks/Metadata.framework/Versions/A/Metadata
0x000000000aa9d000 	/System/Library/Frameworks/CoreServices.framework/Versions/A/Frameworks/OSServices.framework/Versions/A/OSServices
0x000000000aa9d000 	/System/Library/Frameworks/CoreServices.framework/Versions/A/Frameworks/SearchKit.framework/Versions/A/SearchKit
0x000000000aa9d000 	/System/Library/Frameworks/CoreServices.framework/Versions/A/Frameworks/AE.framework/Versions/A/AE
0x000000000aa9d000 	/System/Library/Frameworks/CoreServices.framework/Versions/A/Frameworks/LaunchServices.framework/Versions/A/LaunchServices
0x000000000aa9d000 	/System/Library/Frameworks/CoreServices.framework/Versions/A/Frameworks/DictionaryServices.framework/Versions/A/DictionaryServices
0x000000000aa9d000 	/System/Library/Frameworks/NetFS.framework/Versions/A/NetFS
0x000000000aa9d000 	/System/Library/PrivateFrameworks/NetAuth.framework/Versions/A/NetAuth
0x000000000aa9d000 	/System/Library/PrivateFrameworks/login.framework/Versions/A/Frameworks/loginsupport.framework/Versions/A/loginsupport
0x000000000aa9d000 	/System/Library/PrivateFrameworks/TCC.framework/Versions/A/TCC
0x000000000aa9d000 	/usr/lib/libmecabra.dylib
0x000000000aa9d000 	/System/Library/Frameworks/ApplicationServices.framework/Versions/A/Frameworks/ATS.framework/Versions/A/ATS
0x000000000aa9d000 	/System/Library/Frameworks/ApplicationServices.framework/Versions/A/Frameworks/ColorSync.framework/Versions/A/ColorSync
0x000000000aa9d000 	/System/Library/Frameworks/ApplicationServices.framework/Versions/A/Frameworks/HIServices.framework/Versions/A/HIServices
0x000000000aa9d000 	/System/Library/Frameworks/ApplicationServices.framework/Versions/A/Frameworks/LangAnalysis.framework/Versions/A/LangAnalysis
0x000000000aa9d000 	/System/Library/Frameworks/ApplicationServices.framework/Versions/A/Frameworks/PrintCore.framework/Versions/A/PrintCore
0x000000000aa9d000 	/System/Library/Frameworks/ApplicationServices.framework/Versions/A/Frameworks/QD.framework/Versions/A/QD
0x000000000aa9d000 	/System/Library/Frameworks/ApplicationServices.framework/Versions/A/Frameworks/SpeechSynthesis.framework/Versions/A/SpeechSynthesis
0x000000000aa9d000 	/System/Library/Frameworks/Accelerate.framework/Versions/A/Accelerate
0x000000000aa9d000 	/System/Library/Frameworks/Accelerate.framework/Versions/A/Frameworks/vImage.framework/Versions/A/vImage
0x000000000aa9d000 	/System/Library/Frameworks/Accelerate.framework/Versions/A/Frameworks/vecLib.framework/Versions/A/vecLib
0x000000000aa9d000 	/System/Library/Frameworks/Accelerate.framework/Versions/A/Frameworks/vecLib.framework/Versions/A/libvDSP.dylib
0x000000000aa9d000 	/System/Library/Frameworks/Accelerate.framework/Versions/A/Frameworks/vecLib.framework/Versions/A/libvMisc.dylib
0x000000000aa9d000 	/System/Library/Frameworks/Accelerate.framework/Versions/A/Frameworks/vecLib.framework/Versions/A/libLAPACK.dylib
0x000000000aa9d000 	/System/Library/Frameworks/Accelerate.framework/Versions/A/Frameworks/vecLib.framework/Versions/A/libBLAS.dylib
0x000000000aa9d000 	/System/Library/Frameworks/Accelerate.framework/Versions/A/Frameworks/vecLib.framework/Versions/A/libLinearAlgebra.dylib
0x000000000aa9d000 	/System/Library/Frameworks/ApplicationServices.framework/Versions/A/Frameworks/ATS.framework/Versions/A/Resources/libFontParser.dylib
0x000000000aa9d000 	/System/Library/Frameworks/ApplicationServices.framework/Versions/A/Frameworks/ATS.framework/Versions/A/Resources/libFontRegistry.dylib
0x000000000aa9d000 	/System/Library/PrivateFrameworks/AppleVPA.framework/Versions/A/AppleVPA
0x000000000aa9d000 	/System/Library/PrivateFrameworks/AppleJPEG.framework/Versions/A/AppleJPEG
0x000000000aa9d000 	/System/Library/Frameworks/ImageIO.framework/Versions/A/Resources/libJPEG.dylib
0x000000000aa9d000 	/System/Library/Frameworks/ImageIO.framework/Versions/A/Resources/libTIFF.dylib
0x000000000aa9d000 	/System/Library/Frameworks/ImageIO.framework/Versions/A/Resources/libPng.dylib
0x000000000aa9d000 	/System/Library/Frameworks/ImageIO.framework/Versions/A/Resources/libGIF.dylib
0x000000000aa9d000 	/System/Library/Frameworks/ImageIO.framework/Versions/A/Resources/libJP2.dylib
0x000000000aa9d000 	/System/Library/Frameworks/ImageIO.framework/Versions/A/Resources/libRadiance.dylib
0x000000000aa9d000 	/System/Library/Frameworks/CoreVideo.framework/Versions/A/CoreVideo
0x000000000aa9d000 	/System/Library/Frameworks/OpenGL.framework/Versions/A/Libraries/libGLU.dylib
0x000000000aa9d000 	/System/Library/Frameworks/OpenGL.framework/Versions/A/Libraries/libGFXShared.dylib
0x000000000aa9d000 	/System/Library/Frameworks/OpenGL.framework/Versions/A/Libraries/libGL.dylib
0x000000000aa9d000 	/System/Library/Frameworks/OpenGL.framework/Versions/A/Libraries/libGLImage.dylib
0x000000000aa9d000 	/System/Library/Frameworks/OpenGL.framework/Versions/A/Libraries/libCVMSPluginSupport.dylib
0x000000000aa9d000 	/System/Library/Frameworks/OpenGL.framework/Versions/A/Libraries/libCoreVMClient.dylib
0x000000000aa9d000 	/usr/lib/libcups.2.dylib
0x000000000aa9d000 	/System/Library/Frameworks/Kerberos.framework/Versions/A/Kerberos
0x000000000aa9d000 	/System/Library/Frameworks/GSS.framework/Versions/A/GSS
0x000000000aa9d000 	/usr/lib/libresolv.9.dylib
0x000000000aa9d000 	/usr/lib/libiconv.2.dylib
0x000000000aa9d000 	/System/Library/PrivateFrameworks/Heimdal.framework/Versions/A/Heimdal
0x000000000aa9d000 	/usr/lib/libheimdal-asn1.dylib
0x000000000aa9d000 	/System/Library/Frameworks/OpenDirectory.framework/Versions/A/OpenDirectory
0x000000000aa9d000 	/System/Library/PrivateFrameworks/CommonAuth.framework/Versions/A/CommonAuth
0x000000000aa9d000 	/System/Library/Frameworks/OpenDirectory.framework/Versions/A/Frameworks/CFOpenDirectory.framework/Versions/A/CFOpenDirectory
0x000000000aa9d000 	/System/Library/Frameworks/SecurityFoundation.framework/Versions/A/SecurityFoundation
0x000000000aa9d000 	/System/Library/PrivateFrameworks/LanguageModeling.framework/Versions/A/LanguageModeling
0x000000000aa9d000 	/usr/lib/libcmph.dylib
0x000000000aa9d000 	/System/Library/Frameworks/ServiceManagement.framework/Versions/A/ServiceManagement
0x000000000aa9d000 	/usr/lib/libxslt.1.dylib
0x000000000aa9d000 	/System/Library/Frameworks/Carbon.framework/Versions/A/Frameworks/Ink.framework/Versions/A/Ink
0x000000000aa9d000 	/System/Library/Frameworks/QuartzCore.framework/Versions/A/Frameworks/CoreImage.framework/Versions/A/CoreImage
0x000000000aa9d000 	/System/Library/PrivateFrameworks/CrashReporterSupport.framework/Versions/A/CrashReporterSupport
0x000000000aa9d000 	/System/Library/Frameworks/OpenCL.framework/Versions/A/OpenCL
0x000000000aa9d000 	/System/Library/PrivateFrameworks/FaceCore.framework/Versions/A/FaceCore
0x000000000aa9d000 	/System/Library/PrivateFrameworks/Ubiquity.framework/Versions/A/Ubiquity
0x000000000aa9d000 	/System/Library/PrivateFrameworks/IconServices.framework/Versions/A/IconServices
0x000000000aa9d000 	/System/Library/PrivateFrameworks/ChunkingLibrary.framework/Versions/A/ChunkingLibrary
0x000000000aa9d000 	/System/Library/PrivateFrameworks/Apple80211.framework/Versions/A/Apple80211
0x000000000aa9d000 	/System/Library/Frameworks/CoreWLAN.framework/Versions/A/CoreWLAN
0x000000000aa9d000 	/System/Library/Frameworks/IOBluetooth.framework/Versions/A/IOBluetooth
0x000000000aa9d000 	/System/Library/PrivateFrameworks/CoreWiFi.framework/Versions/A/CoreWiFi
0x000000000aa9d000 	/System/Library/Frameworks/CoreBluetooth.framework/Versions/A/CoreBluetooth
0x000000000aa9d000 	/System/Library/PrivateFrameworks/DebugSymbols.framework/Versions/A/DebugSymbols
0x000000000aa9d000 	/System/Library/PrivateFrameworks/CoreSymbolication.framework/Versions/A/CoreSymbolication
0x000000000aa9d000 	/System/Library/PrivateFrameworks/Symbolication.framework/Versions/A/Symbolication
0x000000000aa9d000 	/System/Library/PrivateFrameworks/SpeechRecognitionCore.framework/Versions/A/SpeechRecognitionCore
0x00000001052c4000 	/Library/Java/JavaVirtualMachines/jdk1.7.0_75.jdk/Contents/Home/jre/lib/server/libjvm.dylib
0x000000000aa9d000 	/usr/lib/libstdc++.6.dylib
0x0000000105d3c000 	/Library/Java/JavaVirtualMachines/jdk1.7.0_75.jdk/Contents/Home/jre/lib/libverify.dylib
0x0000000105d49000 	/Library/Java/JavaVirtualMachines/jdk1.7.0_75.jdk/Contents/Home/jre/lib/libjava.dylib
0x0000000105d83000 	/Library/Java/JavaVirtualMachines/jdk1.7.0_75.jdk/Contents/Home/jre/lib/libzip.dylib
0x000000010d9a0000 	/System/Library/Frameworks/JavaVM.framework/Frameworks/JavaRuntimeSupport.framework/JavaRuntimeSupport
0x000000010d9b8000 	/System/Library/Frameworks/JavaVM.framework/Versions/A/Frameworks/JavaNativeFoundation.framework/Versions/A/JavaNativeFoundation
0x000000010d9cd000 	/System/Library/Frameworks/JavaVM.framework/Versions/A/JavaVM
0x000000000aa9d000 	/System/Library/Frameworks/Carbon.framework/Versions/A/Carbon
0x0000000105df4000 	/System/Library/PrivateFrameworks/JavaLaunching.framework/Versions/A/JavaLaunching
0x000000000aa9d000 	/System/Library/Frameworks/Carbon.framework/Versions/A/Frameworks/CommonPanels.framework/Versions/A/CommonPanels
0x000000000aa9d000 	/System/Library/Frameworks/Carbon.framework/Versions/A/Frameworks/Help.framework/Versions/A/Help
0x000000000aa9d000 	/System/Library/Frameworks/Carbon.framework/Versions/A/Frameworks/ImageCapture.framework/Versions/A/ImageCapture
0x000000000aa9d000 	/System/Library/Frameworks/Carbon.framework/Versions/A/Frameworks/OpenScripting.framework/Versions/A/OpenScripting
0x000000000aa9d000 	/System/Library/Frameworks/Carbon.framework/Versions/A/Frameworks/Print.framework/Versions/A/Print
0x000000000aa9d000 	/System/Library/Frameworks/Carbon.framework/Versions/A/Frameworks/SecurityHI.framework/Versions/A/SecurityHI
0x000000010f81b000 	/Library/Java/JavaVirtualMachines/jdk1.7.0_75.jdk/Contents/Home/jre/lib/libawt.dylib
0x000000010f8ca000 	/Library/Java/JavaVirtualMachines/jdk1.7.0_75.jdk/Contents/Home/jre/lib/./libmlib_image.dylib
0x000000010f996000 	/Library/Java/JavaVirtualMachines/jdk1.7.0_75.jdk/Contents/Home/jre/lib/lwawt/liblwawt.dylib
0x000000010fa4a000 	/Library/Java/JavaVirtualMachines/jdk1.7.0_75.jdk/Contents/Home/jre/lib/libosxapp.dylib
0x000000000aa9d000 	/System/Library/Frameworks/ExceptionHandling.framework/Versions/A/ExceptionHandling
0x000000000aa9d000 	/System/Library/PrivateFrameworks/CoreServicesInternal.framework/Versions/A/CoreServicesInternal
0x000000000aa9d000 	/System/Library/PrivateFrameworks/CloudDocs.framework/Versions/A/CloudDocs
0x000000000aa9d000 	/System/Library/PrivateFrameworks/CoreDuet.framework/Versions/A/CoreDuet
0x000000000aa9d000 	/System/Library/Frameworks/CloudKit.framework/Versions/A/CloudKit
0x000000000aa9d000 	/System/Library/PrivateFrameworks/ProtocolBuffer.framework/Versions/A/ProtocolBuffer
0x000000000aa9d000 	/System/Library/PrivateFrameworks/CoreDuetDaemonProtocol.framework/Versions/A/CoreDuetDaemonProtocol
0x000000000aa9d000 	/System/Library/PrivateFrameworks/CoreDuetDebugLogging.framework/Versions/A/CoreDuetDebugLogging
0x000000000aa9d000 	/System/Library/PrivateFrameworks/MMCS.framework/Versions/A/MMCS
0x000000000aa9d000 	/System/Library/Frameworks/CoreLocation.framework/Versions/A/CoreLocation
0x000000000aa9d000 	/System/Library/PrivateFrameworks/ProtectedCloudStorage.framework/Versions/A/ProtectedCloudStorage
0x000000000aa9d000 	/System/Library/PrivateFrameworks/GeoServices.framework/Versions/A/GeoServices
0x0000000111159000 	/System/Library/Frameworks/CoreGraphics.framework/Versions/A/Resources/libCGCMS.A.dylib
0x0000000111c3c000 	/System/Library/Frameworks/CoreGraphics.framework/Versions/A/Resources/libRIP.A.dylib
0x0000000111eb8000 	/System/Library/Frameworks/CoreGraphics.framework/Versions/A/Resources/libCGXType.A.dylib
0x000000000aa9d000 	/System/Library/Frameworks/OpenCL.framework/Versions/A/Libraries/libcldcpuengine.dylib
0x000000000aa9d000 	/System/Library/PrivateFrameworks/DiskImages.framework/Versions/A/DiskImages
0x000000000aa9d000 	/System/Library/Frameworks/DiscRecording.framework/Versions/A/DiscRecording
0x000000000aa9d000 	/usr/lib/libcsfde.dylib
0x000000000aa9d000 	/usr/lib/libcurl.4.dylib
0x000000000aa9d000 	/System/Library/PrivateFrameworks/MediaKit.framework/Versions/A/MediaKit
0x000000000aa9d000 	/usr/lib/libCoreStorage.dylib
0x000000000aa9d000 	/System/Library/PrivateFrameworks/EFILogin.framework/Versions/A/EFILogin
0x000000000aa9d000 	/usr/lib/libutil.dylib
0x000000000aa9d000 	/System/Library/PrivateFrameworks/FindMyDevice.framework/Versions/A/FindMyDevice
0x000000000aa9d000 	/System/Library/Frameworks/LDAP.framework/Versions/A/LDAP
0x000000000aa9d000 	/usr/lib/libsasl2.2.dylib
0x000000000aa9d000 	/System/Library/PrivateFrameworks/CoreDaemon.framework/Versions/B/CoreDaemon
0x000000000aa9d000 	/usr/lib/libcrypto.0.9.8.dylib
0x000000000aa9d000 	/System/Library/PrivateFrameworks/AppleSRP.framework/Versions/A/AppleSRP
0x000000000aa9d000 	/System/Library/PrivateFrameworks/TrustEvaluationAgent.framework/Versions/A/TrustEvaluationAgent
0x0000000112928000 	cl_kernels
0x000000011292a000 	/System/Library/Frameworks/OpenCL.framework/Versions/A/Libraries/ImageFormats/unorm8_bgra.dylib
0x0000000112919000 	cl_kernels
0x000000000aa9d000 	/System/Library/PrivateFrameworks/FamilyControls.framework/Versions/A/FamilyControls
0x000000000aa9d000 	/System/Library/PrivateFrameworks/CommerceKit.framework/Versions/A/Frameworks/CommerceCore.framework/Versions/A/CommerceCore
0x000000000aa9d000 	/System/Library/PrivateFrameworks/SystemAdministration.framework/Versions/A/SystemAdministration
0x000000000aa9d000 	/System/Library/PrivateFrameworks/AppContainer.framework/Versions/A/AppContainer
0x000000000aa9d000 	/System/Library/PrivateFrameworks/SecCodeWrapper.framework/Versions/A/SecCodeWrapper
0x000000000aa9d000 	/System/Library/Frameworks/DirectoryService.framework/Versions/A/DirectoryService
0x000000000aa9d000 	/System/Library/PrivateFrameworks/LoginUIKit.framework/Versions/A/Frameworks/LoginUICore.framework/Versions/A/LoginUICore
0x000000000aa9d000 	/usr/lib/libodfde.dylib
0x0000000113af0000 	/Library/Java/JavaVirtualMachines/jdk1.7.0_75.jdk/Contents/Home/jre/lib/libfontmanager.dylib
0x0000000113b57000 	/Users/nhiquach/MPCLab/Cannon Game/lib/native/macosx/liblwjgl.dylib
0x0000000111e4d000 	/Library/Java/JavaVirtualMachines/jdk1.7.0_75.jdk/Contents/Home/jre/lib/libjawt.dylib
0x0000000111e50000 	/Library/Java/JavaVirtualMachines/jdk1.7.0_75.jdk/Contents/Home/jre/lib/libnio.dylib
0x0000000111e5f000 	/Library/Java/JavaVirtualMachines/jdk1.7.0_75.jdk/Contents/Home/jre/lib/./libnet.dylib
0x0000000113c21000 	/System/Library/Frameworks/OpenGL.framework/Resources/GLEngine.bundle/GLEngine
0x000000000aa9d000 	/System/Library/Frameworks/OpenGL.framework/Versions/A/Libraries/libGLProgrammability.dylib
0x0000000000000000 	/System/Library/Extensions/AppleIntelHD4000GraphicsGLDriver.bundle/Contents/MacOS/AppleIntelHD4000GraphicsGLDriver
0x000000000aa9d000 	/System/Library/PrivateFrameworks/IOAccelerator.framework/Versions/A/IOAccelerator
0x000000000aa9d000 	/System/Library/PrivateFrameworks/GPUSupport.framework/Versions/A/Libraries/libGPUSupportMercury.dylib
0x000000000aa9d000 	/System/Library/Frameworks/OpenGL.framework/Versions/A/Libraries//libLLVMContainer.dylib
0x0000000113e0c000 	/System/Library/Frameworks/OpenGL.framework/Resources//GLRendererFloat.bundle/GLRendererFloat

VM Arguments:
jvm_args: -Djava.library.path=/Users/nhiquach/MPCLab/Cannon Game/lib/native/macosx -Dfile.encoding=UTF-8 
java_command: com.mpc.game.Game
Launcher Type: SUN_STANDARD

Environment Variables:
PATH=/usr/bin:/bin:/usr/sbin:/sbin
SHELL=/bin/bash
DISPLAY=/private/tmp/com.apple.launchd.mq3I3cTdDE/org.macosforge.xquartz:0

Signal Handlers:
SIGSEGV: [libjvm.dylib+0x52d20d], sa_mask[0]=0xfffefeff, sa_flags=0x00000043
SIGBUS: [libjvm.dylib+0x52d20d], sa_mask[0]=0xfffefeff, sa_flags=0x00000042
SIGFPE: [libjvm.dylib+0x41ee7a], sa_mask[0]=0xfffefeff, sa_flags=0x00000042
SIGPIPE: [libjvm.dylib+0x41ee7a], sa_mask[0]=0xfffefeff, sa_flags=0x00000042
SIGXFSZ: [libjvm.dylib+0x41ee7a], sa_mask[0]=0xfffefeff, sa_flags=0x00000042
SIGILL: [libjvm.dylib+0x41ee7a], sa_mask[0]=0xfffefeff, sa_flags=0x00000042
SIGUSR1: SIG_DFL, sa_mask[0]=0x00000000, sa_flags=0x00000000
SIGUSR2: [libjvm.dylib+0x41e96c], sa_mask[0]=0x00000004, sa_flags=0x00000042
SIGHUP: [libjvm.dylib+0x41cbfd], sa_mask[0]=0xfffefeff, sa_flags=0x00000042
SIGINT: [libjvm.dylib+0x41cbfd], sa_mask[0]=0xfffefeff, sa_flags=0x00000042
SIGTERM: [libjvm.dylib+0x41cbfd], sa_mask[0]=0xfffefeff, sa_flags=0x00000042
SIGQUIT: [libjvm.dylib+0x41cbfd], sa_mask[0]=0xfffefeff, sa_flags=0x00000042


---------------  S Y S T E M  ---------------

OS:Bsduname:Darwin 14.3.0 Darwin Kernel Version 14.3.0: Thu Feb 12 18:38:33 PST 2015; root:xnu-2782.20.34~3/RELEASE_X86_64 x86_64
rlimit: STACK 8192k, CORE 0k, NPROC 709, NOFILE 10240, AS infinity
load average:1.30 1.43 1.43

CPU:total 4 (2 cores per cpu, 2 threads per core) family 6 model 58 stepping 9, cmov, cx8, fxsr, mmx, sse, sse2, sse3, ssse3, sse4.1, sse4.2, popcnt, avx, aes, erms, ht, tsc, tscinvbit, tscinv

Memory: 4k page, physical 4194304k(1048576k free)

/proc/meminfo:


vm_info: Java HotSpot(TM) 64-Bit Server VM (24.75-b04) for bsd-amd64 JRE (1.7.0_75-b13), built on Dec 18 2014 21:48:12 by "java_re" with gcc 4.2.1 (Based on Apple Inc. build 5658) (LLVM build 2336.11.00)

time: Thu Mar 19 14:00:27 2015
elapsed time: 18 seconds

